{
  "stats": {
    "suites": 1,
    "tests": 1,
    "passes": 0,
    "pending": 0,
    "failures": 1,
    "start": "2026-03-10T21:01:41.441Z",
    "end": "2026-03-10T21:02:38.979Z",
    "duration": 57538,
    "testsRegistered": 1,
    "passPercent": 0,
    "pendingPercent": 0,
    "other": 0,
    "hasOther": false,
    "skipped": 0,
    "hasSkipped": false
  },
  "results": [
    {
      "uuid": "556c670e-c000-40f8-974f-367f2f4255d8",
      "title": "",
      "fullFile": "cypress\\e2e\\tests\\InsightsPageTest_022.cy.js",
      "file": "cypress\\e2e\\tests\\InsightsPageTest_022.cy.js",
      "beforeHooks": [],
      "afterHooks": [],
      "tests": [],
      "suites": [
        {
          "uuid": "a8ed7e68-6e0f-4367-988c-839ae57e3aa7",
          "title": "TC_022 - Insights - Primary Allocation Insights - Overview - select filter by Bucket and download the report",
          "fullFile": "",
          "file": "",
          "beforeHooks": [],
          "afterHooks": [],
          "tests": [
            {
              "title": "TC_022 - Insights - Primary Allocation Insights - Overview - select filter by Bucket and download the report",
              "fullTitle": "TC_022 - Insights - Primary Allocation Insights - Overview - select filter by Bucket and download the report TC_022 - Insights - Primary Allocation Insights - Overview - select filter by Bucket and download the report",
              "timedOut": null,
              "duration": 53402,
              "state": "failed",
              "speed": null,
              "pass": false,
              "fail": true,
              "pending": false,
              "context": null,
              "code": "(0, _testDataUtils.getTestData)('loginData', 'login').then(user => {\n  loginPage.login(user.Companyname, user.email, user.password);\n  insightsPage.clickonInsights022();\n  // loginPage.logout();         \n});",
              "err": {
                "message": "AssertionError: Timed out retrying after 4000ms: Expected to find element: `.justify-content-between > .d-flex > .btn`, but never found it.",
                "estack": "AssertionError: Timed out retrying after 4000ms: Expected to find element: `.justify-content-between > .d-flex > .btn`, but never found it.\n    at InsightsPage.clickonInsights022 (webpack://encollect_web/./cypress/e2e/pages/InsightsPage.js:564:7)\n    at Context.eval (webpack://encollect_web/./cypress/e2e/tests/InsightsPageTest_022.cy.js:26:29)\n    at getRet (https://qa.sumeruentiger.com/__cypress/runner/cypress_runner.js:121066:20)\n    at tryCatcher (https://qa.sumeruentiger.com/__cypress/runner/cypress_runner.js:1777:23)\n    at Promise.attempt.Promise.try (https://qa.sumeruentiger.com/__cypress/runner/cypress_runner.js:4285:29)\n    at Context.thenFn (https://qa.sumeruentiger.com/__cypress/runner/cypress_runner.js:121077:66)\n    at Context.then (https://qa.sumeruentiger.com/__cypress/runner/cypress_runner.js:121328:21)\n    at wrapped (https://qa.sumeruentiger.com/__cypress/runner/cypress_runner.js:141671:19)",
                "diff": null
              },
              "uuid": "7ba1d689-eb1e-4ed0-bb92-45dec4c3c1c7",
              "parentUUID": "a8ed7e68-6e0f-4367-988c-839ae57e3aa7",
              "isHook": false,
              "skipped": false
            }
          ],
          "suites": [],
          "passes": [],
          "failures": [
            "7ba1d689-eb1e-4ed0-bb92-45dec4c3c1c7"
          ],
          "pending": [],
          "skipped": [],
          "duration": 53402,
          "root": false,
          "rootEmpty": false,
          "_timeout": 2000
        }
      ],
      "passes": [],
      "failures": [],
      "pending": [],
      "skipped": [],
      "duration": 0,
      "root": true,
      "rootEmpty": true,
      "_timeout": 2000
    }
  ],
  "meta": {
    "mocha": {
      "version": "7.2.0"
    },
    "mochawesome": {
      "options": {
        "quiet": false,
        "reportFilename": "mochawesome",
        "saveHtml": false,
        "saveJson": true,
        "consoleReporter": "spec",
        "useInlineDiffs": false,
        "code": true
      },
      "version": "7.1.3"
    },
    "marge": {
      "options": {
        "overwrite": false,
        "html": false,
        "json": true,
        "reportDir": "cypress\\reports\\html\\.jsons"
      },
      "version": "6.2.0"
    }
  }
}