{
  "stats": {
    "suites": 1,
    "tests": 1,
    "passes": 1,
    "pending": 0,
    "failures": 0,
    "start": "2026-03-10T19:24:51.587Z",
    "end": "2026-03-10T19:26:14.336Z",
    "duration": 82749,
    "testsRegistered": 1,
    "passPercent": 100,
    "pendingPercent": 0,
    "other": 0,
    "hasOther": false,
    "skipped": 0,
    "hasSkipped": false
  },
  "results": [
    {
      "uuid": "ac5bb8ee-4504-4b6a-84a1-a32b20ceca2c",
      "title": "",
      "fullFile": "cypress\\e2e\\tests\\CommunicationPageTest_155.cy.js",
      "file": "cypress\\e2e\\tests\\CommunicationPageTest_155.cy.js",
      "beforeHooks": [],
      "afterHooks": [],
      "tests": [],
      "suites": [
        {
          "uuid": "6079d093-e326-41f7-8c8e-174c10c3ae6d",
          "title": "TC_ID_155 - Communication- Create communication Template type SMS with allow access from account details Yes",
          "fullFile": "",
          "file": "",
          "beforeHooks": [],
          "afterHooks": [],
          "tests": [
            {
              "title": "Communication - TC_ID_155 - Create communication Template type SMS with allow access from account details Yes",
              "fullTitle": "TC_ID_155 - Communication- Create communication Template type SMS with allow access from account details Yes Communication - TC_ID_155 - Create communication Template type SMS with allow access from account details Yes",
              "timedOut": null,
              "duration": 76535,
              "state": "passed",
              "speed": "slow",
              "pass": true,
              "fail": false,
              "pending": false,
              "context": null,
              "code": "(0, _testDataUtils.getTestData)('loginData', 'login').then(user => {\n  loginPage.login(user.Companyname, user.email, user.password);\n  cy.wait(5000);\n  communicationPage.communicationModule();\n  communicationPage.Communication155();\n  //loginPage.logout();\n});",
              "err": {},
              "uuid": "04553747-382d-4047-bfe5-7ff97360dab3",
              "parentUUID": "6079d093-e326-41f7-8c8e-174c10c3ae6d",
              "isHook": false,
              "skipped": false
            }
          ],
          "suites": [],
          "passes": [
            "04553747-382d-4047-bfe5-7ff97360dab3"
          ],
          "failures": [],
          "pending": [],
          "skipped": [],
          "duration": 76535,
          "root": false,
          "rootEmpty": false,
          "_timeout": 2000
        }
      ],
      "passes": [],
      "failures": [],
      "pending": [],
      "skipped": [],
      "duration": 0,
      "root": true,
      "rootEmpty": true,
      "_timeout": 2000
    }
  ],
  "meta": {
    "mocha": {
      "version": "7.2.0"
    },
    "mochawesome": {
      "options": {
        "quiet": false,
        "reportFilename": "mochawesome",
        "saveHtml": false,
        "saveJson": true,
        "consoleReporter": "spec",
        "useInlineDiffs": false,
        "code": true
      },
      "version": "7.1.3"
    },
    "marge": {
      "options": {
        "overwrite": false,
        "html": false,
        "json": true,
        "reportDir": "cypress\\reports\\html\\.jsons"
      },
      "version": "6.2.0"
    }
  }
}