{
  "stats": {
    "suites": 1,
    "tests": 1,
    "passes": 0,
    "pending": 0,
    "failures": 1,
    "start": "2026-03-10T18:25:28.512Z",
    "end": "2026-03-10T18:26:16.773Z",
    "duration": 48261,
    "testsRegistered": 1,
    "passPercent": 0,
    "pendingPercent": 0,
    "other": 0,
    "hasOther": false,
    "skipped": 0,
    "hasSkipped": false
  },
  "results": [
    {
      "uuid": "cf6c6731-ad5b-4d8f-8cbc-171ede97fe4b",
      "title": "",
      "fullFile": "cypress\\e2e\\tests\\AllocatedVsAchievedinsightsPageTest_115.cy.js",
      "file": "cypress\\e2e\\tests\\AllocatedVsAchievedinsightsPageTest_115.cy.js",
      "beforeHooks": [],
      "afterHooks": [],
      "tests": [],
      "suites": [
        {
          "uuid": "a29d55ba-c55a-489b-aca4-b8c8207daab6",
          "title": "TC115- Allocated vs Achieved Insights-Allocated vs Achieved Insights  - Select filter by bucket",
          "fullFile": "",
          "file": "",
          "beforeHooks": [],
          "afterHooks": [],
          "tests": [
            {
              "title": "TC115- Allocated vs Achieved Insights-Allocated vs Achieved Insights  - Select filter by bucket",
              "fullTitle": "TC115- Allocated vs Achieved Insights-Allocated vs Achieved Insights  - Select filter by bucket TC115- Allocated vs Achieved Insights-Allocated vs Achieved Insights  - Select filter by bucket",
              "timedOut": null,
              "duration": 44557,
              "state": "failed",
              "speed": null,
              "pass": false,
              "fail": true,
              "pending": false,
              "context": null,
              "code": "(0, _testDataUtils.getTestData)('loginData', 'login').then(user => {\n  loginPage.login(user.Companyname, user.email, user.password);\n  insightsPage.clickonAllocatedVsAchived115();\n  // loginPage.logout();         \n});",
              "err": {
                "message": "AssertionError: Timed out retrying after 4000ms: Expected to find element: `.justify-content-between > .d-flex > .btn`, but never found it.",
                "estack": "AssertionError: Timed out retrying after 4000ms: Expected to find element: `.justify-content-between > .d-flex > .btn`, but never found it.\n    at InsightsPage.clickonAllocatedVsAchived115 (webpack://encollect_web/./cypress/e2e/pages/InsightsPage.js:2729:7)\n    at Context.eval (webpack://encollect_web/./cypress/e2e/tests/AllocatedVsAchievedinsightsPageTest_115.cy.js:26:29)\n    at getRet (https://qa.sumeruentiger.com/__cypress/runner/cypress_runner.js:121066:20)\n    at tryCatcher (https://qa.sumeruentiger.com/__cypress/runner/cypress_runner.js:1777:23)\n    at Promise.attempt.Promise.try (https://qa.sumeruentiger.com/__cypress/runner/cypress_runner.js:4285:29)\n    at Context.thenFn (https://qa.sumeruentiger.com/__cypress/runner/cypress_runner.js:121077:66)\n    at Context.then (https://qa.sumeruentiger.com/__cypress/runner/cypress_runner.js:121328:21)\n    at wrapped (https://qa.sumeruentiger.com/__cypress/runner/cypress_runner.js:141671:19)",
                "diff": null
              },
              "uuid": "6d9eef84-3d1a-4972-9177-dc12c7bf09eb",
              "parentUUID": "a29d55ba-c55a-489b-aca4-b8c8207daab6",
              "isHook": false,
              "skipped": false
            }
          ],
          "suites": [],
          "passes": [],
          "failures": [
            "6d9eef84-3d1a-4972-9177-dc12c7bf09eb"
          ],
          "pending": [],
          "skipped": [],
          "duration": 44557,
          "root": false,
          "rootEmpty": false,
          "_timeout": 2000
        }
      ],
      "passes": [],
      "failures": [],
      "pending": [],
      "skipped": [],
      "duration": 0,
      "root": true,
      "rootEmpty": true,
      "_timeout": 2000
    }
  ],
  "meta": {
    "mocha": {
      "version": "7.2.0"
    },
    "mochawesome": {
      "options": {
        "quiet": false,
        "reportFilename": "mochawesome",
        "saveHtml": false,
        "saveJson": true,
        "consoleReporter": "spec",
        "useInlineDiffs": false,
        "code": true
      },
      "version": "7.1.3"
    },
    "marge": {
      "options": {
        "overwrite": false,
        "html": false,
        "json": true,
        "reportDir": "cypress\\reports\\html\\.jsons"
      },
      "version": "6.2.0"
    }
  }
}