{
  "stats": {
    "suites": 1,
    "tests": 1,
    "passes": 0,
    "pending": 0,
    "failures": 1,
    "start": "2026-03-10T19:55:54.079Z",
    "end": "2026-03-10T19:57:04.623Z",
    "duration": 70544,
    "testsRegistered": 1,
    "passPercent": 0,
    "pendingPercent": 0,
    "other": 0,
    "hasOther": false,
    "skipped": 0,
    "hasSkipped": false
  },
  "results": [
    {
      "uuid": "83d3fc31-dd5f-458e-89db-0b1c92a972f9",
      "title": "",
      "fullFile": "cypress\\e2e\\tests\\CommunicationPageTest_178.cy.js",
      "file": "cypress\\e2e\\tests\\CommunicationPageTest_178.cy.js",
      "beforeHooks": [],
      "afterHooks": [],
      "tests": [],
      "suites": [
        {
          "uuid": "6dceffa7-4ff1-4b14-a61f-38e254fdcb96",
          "title": "TC_ID_178 - Communication - Create communication Template type SMS with multiple language \"Tamil and English\" and allow access from account details No",
          "fullFile": "",
          "file": "",
          "beforeHooks": [],
          "afterHooks": [],
          "tests": [
            {
              "title": "Communication - TC_ID_178 - Create communication Template type SMS with multiple language \"Tamil and English\" and allow access from account details No",
              "fullTitle": "TC_ID_178 - Communication - Create communication Template type SMS with multiple language \"Tamil and English\" and allow access from account details No Communication - TC_ID_178 - Create communication Template type SMS with multiple language \"Tamil and English\" and allow access from account details No",
              "timedOut": null,
              "duration": 62447,
              "state": "failed",
              "speed": null,
              "pass": false,
              "fail": true,
              "pending": false,
              "context": null,
              "code": "(0, _testDataUtils.getTestData)('loginData', 'login').then(user => {\n  loginPage.login(user.Companyname, user.email, user.password);\n  cy.wait(5000);\n  communicationPage.communicationModule();\n  communicationPage.CreateCommunicationTemplate178();\n  //loginPage.logout();\n  //         \n});",
              "err": {
                "message": "AssertionError: Timed out retrying after 4000ms: Expected to find element: `#allowAccessNo`, but never found it.",
                "estack": "AssertionError: Timed out retrying after 4000ms: Expected to find element: `#allowAccessNo`, but never found it.\n    at CommunicationPage.CreateCommunicationTemplate178 (webpack://encollect_web/./cypress/e2e/pages/CommunicationPage.js:1918:5)\n    at Context.eval (webpack://encollect_web/./cypress/e2e/tests/CommunicationPageTest_178.cy.js:27:34)\n    at getRet (https://qa.sumeruentiger.com/__cypress/runner/cypress_runner.js:121066:20)\n    at tryCatcher (https://qa.sumeruentiger.com/__cypress/runner/cypress_runner.js:1777:23)\n    at Promise.attempt.Promise.try (https://qa.sumeruentiger.com/__cypress/runner/cypress_runner.js:4285:29)\n    at Context.thenFn (https://qa.sumeruentiger.com/__cypress/runner/cypress_runner.js:121077:66)\n    at Context.then (https://qa.sumeruentiger.com/__cypress/runner/cypress_runner.js:121328:21)\n    at wrapped (https://qa.sumeruentiger.com/__cypress/runner/cypress_runner.js:141671:19)",
                "diff": null
              },
              "uuid": "9cba5ea1-64f5-4cdc-a00b-df55ad8ea1d8",
              "parentUUID": "6dceffa7-4ff1-4b14-a61f-38e254fdcb96",
              "isHook": false,
              "skipped": false
            }
          ],
          "suites": [],
          "passes": [],
          "failures": [
            "9cba5ea1-64f5-4cdc-a00b-df55ad8ea1d8"
          ],
          "pending": [],
          "skipped": [],
          "duration": 62447,
          "root": false,
          "rootEmpty": false,
          "_timeout": 2000
        }
      ],
      "passes": [],
      "failures": [],
      "pending": [],
      "skipped": [],
      "duration": 0,
      "root": true,
      "rootEmpty": true,
      "_timeout": 2000
    }
  ],
  "meta": {
    "mocha": {
      "version": "7.2.0"
    },
    "mochawesome": {
      "options": {
        "quiet": false,
        "reportFilename": "mochawesome",
        "saveHtml": false,
        "saveJson": true,
        "consoleReporter": "spec",
        "useInlineDiffs": false,
        "code": true
      },
      "version": "7.1.3"
    },
    "marge": {
      "options": {
        "overwrite": false,
        "html": false,
        "json": true,
        "reportDir": "cypress\\reports\\html\\.jsons"
      },
      "version": "6.2.0"
    }
  }
}