{
  "stats": {
    "suites": 1,
    "tests": 1,
    "passes": 1,
    "pending": 0,
    "failures": 0,
    "start": "2026-03-10T21:21:46.279Z",
    "end": "2026-03-10T21:22:44.121Z",
    "duration": 57842,
    "testsRegistered": 1,
    "passPercent": 100,
    "pendingPercent": 0,
    "other": 0,
    "hasOther": false,
    "skipped": 0,
    "hasSkipped": false
  },
  "results": [
    {
      "uuid": "5bbfdabf-2064-4488-841f-19ca7eb0eb6f",
      "title": "",
      "fullFile": "cypress\\e2e\\tests\\InsightsSecondaryAllocationPageTest_041.cy.js",
      "file": "cypress\\e2e\\tests\\InsightsSecondaryAllocationPageTest_041.cy.js",
      "beforeHooks": [],
      "afterHooks": [],
      "tests": [],
      "suites": [
        {
          "uuid": "77ce0597-8ab9-4c4e-933b-f5219b2ac4d9",
          "title": "TC_041 - Insights - Secondary Allocation Insights - Overview - Hover on \"i\" icon and check the message",
          "fullFile": "",
          "file": "",
          "beforeHooks": [],
          "afterHooks": [],
          "tests": [
            {
              "title": "TC_041 - Insights - Secondary Allocation Insights - Overview - Overview - Hover on \"i\" icon and check the message",
              "fullTitle": "TC_041 - Insights - Secondary Allocation Insights - Overview - Hover on \"i\" icon and check the message TC_041 - Insights - Secondary Allocation Insights - Overview - Overview - Hover on \"i\" icon and check the message",
              "timedOut": null,
              "duration": 54331,
              "state": "passed",
              "speed": "slow",
              "pass": true,
              "fail": false,
              "pending": false,
              "context": null,
              "code": "(0, _testDataUtils.getTestData)('loginData', 'login').then(user => {\n  loginPage.login(user.Companyname, user.email, user.password);\n  insightsPage.clickonSecondaryInsights041();\n  // loginPage.logout();         \n});",
              "err": {},
              "uuid": "b2f35484-5266-47dd-8f18-e0ccf5b1c498",
              "parentUUID": "77ce0597-8ab9-4c4e-933b-f5219b2ac4d9",
              "isHook": false,
              "skipped": false
            }
          ],
          "suites": [],
          "passes": [
            "b2f35484-5266-47dd-8f18-e0ccf5b1c498"
          ],
          "failures": [],
          "pending": [],
          "skipped": [],
          "duration": 54331,
          "root": false,
          "rootEmpty": false,
          "_timeout": 2000
        }
      ],
      "passes": [],
      "failures": [],
      "pending": [],
      "skipped": [],
      "duration": 0,
      "root": true,
      "rootEmpty": true,
      "_timeout": 2000
    }
  ],
  "meta": {
    "mocha": {
      "version": "7.2.0"
    },
    "mochawesome": {
      "options": {
        "quiet": false,
        "reportFilename": "mochawesome",
        "saveHtml": false,
        "saveJson": true,
        "consoleReporter": "spec",
        "useInlineDiffs": false,
        "code": true
      },
      "version": "7.1.3"
    },
    "marge": {
      "options": {
        "overwrite": false,
        "html": false,
        "json": true,
        "reportDir": "cypress\\reports\\html\\.jsons"
      },
      "version": "6.2.0"
    }
  }
}