{
  "stats": {
    "suites": 1,
    "tests": 1,
    "passes": 0,
    "pending": 0,
    "failures": 1,
    "start": "2026-03-10T20:58:58.625Z",
    "end": "2026-03-10T20:59:43.595Z",
    "duration": 44970,
    "testsRegistered": 1,
    "passPercent": 0,
    "pendingPercent": 0,
    "other": 0,
    "hasOther": false,
    "skipped": 0,
    "hasSkipped": false
  },
  "results": [
    {
      "uuid": "51adb81a-1b78-4766-9018-b824096c3717",
      "title": "",
      "fullFile": "cypress\\e2e\\tests\\InsightsPageTest_019.cy.js",
      "file": "cypress\\e2e\\tests\\InsightsPageTest_019.cy.js",
      "beforeHooks": [],
      "afterHooks": [],
      "tests": [],
      "suites": [
        {
          "uuid": "c9d22a7f-3731-4189-ae0d-660af81eb900",
          "title": "TC_019 - Insights - Primary Allocation Insights - Overview - select filter by Allocation Owner and download the report",
          "fullFile": "",
          "file": "",
          "beforeHooks": [],
          "afterHooks": [],
          "tests": [
            {
              "title": "TC_019 - Insights - Primary Allocation Insights - Overview - select filter by Allocation Owner and download the report",
              "fullTitle": "TC_019 - Insights - Primary Allocation Insights - Overview - select filter by Allocation Owner and download the report TC_019 - Insights - Primary Allocation Insights - Overview - select filter by Allocation Owner and download the report",
              "timedOut": null,
              "duration": 41516,
              "state": "failed",
              "speed": null,
              "pass": false,
              "fail": true,
              "pending": false,
              "context": null,
              "code": "(0, _testDataUtils.getTestData)('loginData', 'login').then(user => {\n  loginPage.login(user.Companyname, user.email, user.password);\n  insightsPage.clickonInsights019();\n  // loginPage.logout();         \n});",
              "err": {
                "message": "AssertionError: Timed out retrying after 4000ms: Expected to find element: `a[title='Insights'] span[class='ng-star-inserted']`, but never found it.",
                "estack": "AssertionError: Timed out retrying after 4000ms: Expected to find element: `a[title='Insights'] span[class='ng-star-inserted']`, but never found it.\n    at InsightsPage.clickonInsights019 (webpack://encollect_web/./cypress/e2e/pages/InsightsPage.js:444:7)\n    at Context.eval (webpack://encollect_web/./cypress/e2e/tests/InsightsPageTest_019.cy.js:26:29)\n    at getRet (https://qa.sumeruentiger.com/__cypress/runner/cypress_runner.js:121066:20)\n    at tryCatcher (https://qa.sumeruentiger.com/__cypress/runner/cypress_runner.js:1777:23)\n    at Promise.attempt.Promise.try (https://qa.sumeruentiger.com/__cypress/runner/cypress_runner.js:4285:29)\n    at Context.thenFn (https://qa.sumeruentiger.com/__cypress/runner/cypress_runner.js:121077:66)\n    at Context.then (https://qa.sumeruentiger.com/__cypress/runner/cypress_runner.js:121328:21)\n    at wrapped (https://qa.sumeruentiger.com/__cypress/runner/cypress_runner.js:141671:19)",
                "diff": null
              },
              "uuid": "96eb19c6-b68c-429d-a2d4-4167b6735f74",
              "parentUUID": "c9d22a7f-3731-4189-ae0d-660af81eb900",
              "isHook": false,
              "skipped": false
            }
          ],
          "suites": [],
          "passes": [],
          "failures": [
            "96eb19c6-b68c-429d-a2d4-4167b6735f74"
          ],
          "pending": [],
          "skipped": [],
          "duration": 41516,
          "root": false,
          "rootEmpty": false,
          "_timeout": 2000
        }
      ],
      "passes": [],
      "failures": [],
      "pending": [],
      "skipped": [],
      "duration": 0,
      "root": true,
      "rootEmpty": true,
      "_timeout": 2000
    }
  ],
  "meta": {
    "mocha": {
      "version": "7.2.0"
    },
    "mochawesome": {
      "options": {
        "quiet": false,
        "reportFilename": "mochawesome",
        "saveHtml": false,
        "saveJson": true,
        "consoleReporter": "spec",
        "useInlineDiffs": false,
        "code": true
      },
      "version": "7.1.3"
    },
    "marge": {
      "options": {
        "overwrite": false,
        "html": false,
        "json": true,
        "reportDir": "cypress\\reports\\html\\.jsons"
      },
      "version": "6.2.0"
    }
  }
}