{
  "stats": {
    "suites": 1,
    "tests": 1,
    "passes": 1,
    "pending": 0,
    "failures": 0,
    "start": "2026-03-10T18:55:52.774Z",
    "end": "2026-03-10T18:56:51.881Z",
    "duration": 59107,
    "testsRegistered": 1,
    "passPercent": 100,
    "pendingPercent": 0,
    "other": 0,
    "hasOther": false,
    "skipped": 0,
    "hasSkipped": false
  },
  "results": [
    {
      "uuid": "bf52aae1-8fd0-452c-8e5f-8f320b6cf437",
      "title": "",
      "fullFile": "cypress\\e2e\\tests\\AllocatedVsAchievedinsightsPageTest_93.cy.js",
      "file": "cypress\\e2e\\tests\\AllocatedVsAchievedinsightsPageTest_93.cy.js",
      "beforeHooks": [],
      "afterHooks": [],
      "tests": [],
      "suites": [
        {
          "uuid": "5e6906b7-3dc1-4d03-ace5-8c017281afcc",
          "title": "TC93 - Allocated vs Achieved Insights - Click on Allocated vs Achieved Insights",
          "fullFile": "",
          "file": "",
          "beforeHooks": [],
          "afterHooks": [],
          "tests": [
            {
              "title": "TC93 - Allocated vs Achieved Insights",
              "fullTitle": "TC93 - Allocated vs Achieved Insights - Click on Allocated vs Achieved Insights TC93 - Allocated vs Achieved Insights",
              "timedOut": null,
              "duration": 55597,
              "state": "passed",
              "speed": "slow",
              "pass": true,
              "fail": false,
              "pending": false,
              "context": null,
              "code": "(0, _testDataUtils.getTestData)('loginData', 'login').then(user => {\n  loginPage.login(user.Companyname, user.email, user.password);\n  insightsPage.clickonAllocatevsAchived093();\n  // loginPage.logout();         \n});",
              "err": {},
              "uuid": "2610659f-2203-49fa-b33d-c96b91b86537",
              "parentUUID": "5e6906b7-3dc1-4d03-ace5-8c017281afcc",
              "isHook": false,
              "skipped": false
            }
          ],
          "suites": [],
          "passes": [
            "2610659f-2203-49fa-b33d-c96b91b86537"
          ],
          "failures": [],
          "pending": [],
          "skipped": [],
          "duration": 55597,
          "root": false,
          "rootEmpty": false,
          "_timeout": 2000
        }
      ],
      "passes": [],
      "failures": [],
      "pending": [],
      "skipped": [],
      "duration": 0,
      "root": true,
      "rootEmpty": true,
      "_timeout": 2000
    }
  ],
  "meta": {
    "mocha": {
      "version": "7.2.0"
    },
    "mochawesome": {
      "options": {
        "quiet": false,
        "reportFilename": "mochawesome",
        "saveHtml": false,
        "saveJson": true,
        "consoleReporter": "spec",
        "useInlineDiffs": false,
        "code": true
      },
      "version": "7.1.3"
    },
    "marge": {
      "options": {
        "overwrite": false,
        "html": false,
        "json": true,
        "reportDir": "cypress\\reports\\html\\.jsons"
      },
      "version": "6.2.0"
    }
  }
}