{
  "stats": {
    "suites": 1,
    "tests": 1,
    "passes": 1,
    "pending": 0,
    "failures": 0,
    "start": "2026-03-10T18:45:53.533Z",
    "end": "2026-03-10T18:47:06.203Z",
    "duration": 72670,
    "testsRegistered": 1,
    "passPercent": 100,
    "pendingPercent": 0,
    "other": 0,
    "hasOther": false,
    "skipped": 0,
    "hasSkipped": false
  },
  "results": [
    {
      "uuid": "a54e8dfe-2129-4713-a27b-c82163644b05",
      "title": "",
      "fullFile": "cypress\\e2e\\tests\\AllocatedVsAchievedinsightsPageTest_248.cy.js",
      "file": "cypress\\e2e\\tests\\AllocatedVsAchievedinsightsPageTest_248.cy.js",
      "beforeHooks": [],
      "afterHooks": [],
      "tests": [],
      "suites": [
        {
          "uuid": "fa3f0b7e-6d86-4d64-a255-c9a14f7676fe",
          "title": "TC248- Allocated vs Achieved Insights-Allocated vs Achieved Insights  - Click on all checkbox for configure columns",
          "fullFile": "",
          "file": "",
          "beforeHooks": [],
          "afterHooks": [],
          "tests": [
            {
              "title": "TC248- Allocated vs Achieved Insights-Allocated vs Achieved Insights  - click on  all checkbox for configure columns",
              "fullTitle": "TC248- Allocated vs Achieved Insights-Allocated vs Achieved Insights  - Click on all checkbox for configure columns TC248- Allocated vs Achieved Insights-Allocated vs Achieved Insights  - click on  all checkbox for configure columns",
              "timedOut": null,
              "duration": 68619,
              "state": "passed",
              "speed": "slow",
              "pass": true,
              "fail": false,
              "pending": false,
              "context": null,
              "code": "(0, _testDataUtils.getTestData)('loginData', 'login').then(user => {\n  loginPage.login(user.Companyname, user.email, user.password);\n  insightsPage.clickonAllocatedVsAchived248();\n  // loginPage.logout();         \n});",
              "err": {},
              "uuid": "b76dc5b2-ce0c-47c5-8c9e-15c57a85cc45",
              "parentUUID": "fa3f0b7e-6d86-4d64-a255-c9a14f7676fe",
              "isHook": false,
              "skipped": false
            }
          ],
          "suites": [],
          "passes": [
            "b76dc5b2-ce0c-47c5-8c9e-15c57a85cc45"
          ],
          "failures": [],
          "pending": [],
          "skipped": [],
          "duration": 68619,
          "root": false,
          "rootEmpty": false,
          "_timeout": 2000
        }
      ],
      "passes": [],
      "failures": [],
      "pending": [],
      "skipped": [],
      "duration": 0,
      "root": true,
      "rootEmpty": true,
      "_timeout": 2000
    }
  ],
  "meta": {
    "mocha": {
      "version": "7.2.0"
    },
    "mochawesome": {
      "options": {
        "quiet": false,
        "reportFilename": "mochawesome",
        "saveHtml": false,
        "saveJson": true,
        "consoleReporter": "spec",
        "useInlineDiffs": false,
        "code": true
      },
      "version": "7.1.3"
    },
    "marge": {
      "options": {
        "overwrite": false,
        "html": false,
        "json": true,
        "reportDir": "cypress\\reports\\html\\.jsons"
      },
      "version": "6.2.0"
    }
  }
}