{
  "stats": {
    "suites": 1,
    "tests": 1,
    "passes": 1,
    "pending": 0,
    "failures": 0,
    "start": "2026-03-10T18:51:23.803Z",
    "end": "2026-03-10T18:52:22.741Z",
    "duration": 58938,
    "testsRegistered": 1,
    "passPercent": 100,
    "pendingPercent": 0,
    "other": 0,
    "hasOther": false,
    "skipped": 0,
    "hasSkipped": false
  },
  "results": [
    {
      "uuid": "edf871d4-8229-47a7-a6b0-1a1da6666303",
      "title": "",
      "fullFile": "cypress\\e2e\\tests\\AllocatedVsAchievedinsightsPageTest_253.cy.js",
      "file": "cypress\\e2e\\tests\\AllocatedVsAchievedinsightsPageTest_253.cy.js",
      "beforeHooks": [],
      "afterHooks": [],
      "tests": [],
      "suites": [
        {
          "uuid": "1f032c3d-2f87-4bc3-8a25-06d78bbb0b40",
          "title": "TC253 - Allocated vs Achieved Insights-Allocated vs Achieved Insights  - configure columns - check assertion for Field Primary Name checkbox",
          "fullFile": "",
          "file": "",
          "beforeHooks": [],
          "afterHooks": [],
          "tests": [
            {
              "title": "TC253- Allocated vs Achieved Insights-Allocated vs Achieved Insights  - configure columns - check assertion for Field Primary Name checkbox",
              "fullTitle": "TC253 - Allocated vs Achieved Insights-Allocated vs Achieved Insights  - configure columns - check assertion for Field Primary Name checkbox TC253- Allocated vs Achieved Insights-Allocated vs Achieved Insights  - configure columns - check assertion for Field Primary Name checkbox",
              "timedOut": null,
              "duration": 55335,
              "state": "passed",
              "speed": "slow",
              "pass": true,
              "fail": false,
              "pending": false,
              "context": null,
              "code": "(0, _testDataUtils.getTestData)('loginData', 'login').then(user => {\n  loginPage.login(user.Companyname, user.email, user.password);\n  insightsPage.clickonAllocatedVsAchived253();\n  // loginPage.logout();         \n});",
              "err": {},
              "uuid": "67991bf6-4c3d-4a73-8e81-9b02792d9ed7",
              "parentUUID": "1f032c3d-2f87-4bc3-8a25-06d78bbb0b40",
              "isHook": false,
              "skipped": false
            }
          ],
          "suites": [],
          "passes": [
            "67991bf6-4c3d-4a73-8e81-9b02792d9ed7"
          ],
          "failures": [],
          "pending": [],
          "skipped": [],
          "duration": 55335,
          "root": false,
          "rootEmpty": false,
          "_timeout": 2000
        }
      ],
      "passes": [],
      "failures": [],
      "pending": [],
      "skipped": [],
      "duration": 0,
      "root": true,
      "rootEmpty": true,
      "_timeout": 2000
    }
  ],
  "meta": {
    "mocha": {
      "version": "7.2.0"
    },
    "mochawesome": {
      "options": {
        "quiet": false,
        "reportFilename": "mochawesome",
        "saveHtml": false,
        "saveJson": true,
        "consoleReporter": "spec",
        "useInlineDiffs": false,
        "code": true
      },
      "version": "7.1.3"
    },
    "marge": {
      "options": {
        "overwrite": false,
        "html": false,
        "json": true,
        "reportDir": "cypress\\reports\\html\\.jsons"
      },
      "version": "6.2.0"
    }
  }
}