{
  "stats": {
    "suites": 1,
    "tests": 1,
    "passes": 1,
    "pending": 0,
    "failures": 0,
    "start": "2026-06-16T14:23:18.358Z",
    "end": "2026-06-16T14:24:15.663Z",
    "duration": 57305,
    "testsRegistered": 1,
    "passPercent": 100,
    "pendingPercent": 0,
    "other": 0,
    "hasOther": false,
    "skipped": 0,
    "hasSkipped": false
  },
  "results": [
    {
      "uuid": "3f910f5a-7071-44e2-8556-3581d9473d3b",
      "title": "",
      "fullFile": "cypress\\e2e\\tests\\AllocationTestPage_11.cy.js",
      "file": "cypress\\e2e\\tests\\AllocationTestPage_11.cy.js",
      "beforeHooks": [],
      "afterHooks": [],
      "tests": [],
      "suites": [
        {
          "uuid": "fa6a161c-d22d-48c8-ab83-fb9d2089bfaf",
          "title": "Allocation - QA to validate the customer id which exist in db or not or else encollect system will throw an error.",
          "fullFile": "",
          "file": "",
          "beforeHooks": [],
          "afterHooks": [],
          "tests": [
            {
              "title": "Allocation Module - TC_ID_11",
              "fullTitle": "Allocation - QA to validate the customer id which exist in db or not or else encollect system will throw an error. Allocation Module - TC_ID_11",
              "timedOut": null,
              "duration": 52844,
              "state": "passed",
              "speed": "slow",
              "pass": true,
              "fail": false,
              "pending": false,
              "context": null,
              "code": "(0, _TestDataUtils.getTestData)('loginData', 'login').then(user => {\n  loginPage.login(user.Companyname, user.email, user.password);\n  cy.wait(900);\n  allocationpage.AllocationTestPage_11_download();\n  const sheetName = 'Sheet1';\n  Cypress.on('uncaught:exception', (err, runnable) => {\n    if (err.message.includes('ResizeObserver loop completed with undelivered notifications.')) {\n      return false;\n    }\n  });\n  const data = {\n    'A2': '41174',\n    'B2': '1660',\n    'C2': '2025-20-11'\n  };\n  const downloadsFolder = Cypress.config('downloadsFolder');\n  const fixturesFolder = 'cypress/fixtures';\n  const excelFileName = 'ENCollectSecondaryAllocationCollectionStaff_Customerlevel.xlsx';\n  const sourceFilePath = path.join(downloadsFolder, excelFileName);\n  const destFilePath = path.join(fixturesFolder, excelFileName);\n  // Update Excel File\n  cy.task('updateENCollectSecondaryAllocationCollectionStaff_CustomerlevelCell', {\n    filePath: sourceFilePath,\n    sheetName: sheetName,\n    data: data\n  }).then(() => {\n    cy.log('Excel file updated successfully with new data');\n  });\n  cy.task('moveAllDownloadsToFixtures').then(result => {\n    cy.log(result);\n  });\n  allocationpage.AllocationTestPage_11_upload();\n});",
              "err": {},
              "uuid": "40d5142a-2f3c-47be-81cc-025ab12e1275",
              "parentUUID": "fa6a161c-d22d-48c8-ab83-fb9d2089bfaf",
              "isHook": false,
              "skipped": false
            }
          ],
          "suites": [],
          "passes": [
            "40d5142a-2f3c-47be-81cc-025ab12e1275"
          ],
          "failures": [],
          "pending": [],
          "skipped": [],
          "duration": 52844,
          "root": false,
          "rootEmpty": false,
          "_timeout": 2000
        }
      ],
      "passes": [],
      "failures": [],
      "pending": [],
      "skipped": [],
      "duration": 0,
      "root": true,
      "rootEmpty": true,
      "_timeout": 2000
    }
  ],
  "meta": {
    "mocha": {
      "version": "7.2.0"
    },
    "mochawesome": {
      "options": {
        "quiet": false,
        "reportFilename": "mochawesome",
        "saveHtml": false,
        "saveJson": true,
        "consoleReporter": "spec",
        "useInlineDiffs": false,
        "code": true
      },
      "version": "7.1.3"
    },
    "marge": {
      "options": {
        "overwrite": false,
        "html": false,
        "json": true,
        "reportDir": "cypress\\reports\\html\\.jsons"
      },
      "version": "6.2.0"
    }
  }
}