{
  "stats": {
    "suites": 1,
    "tests": 1,
    "passes": 0,
    "pending": 0,
    "failures": 1,
    "start": "2026-06-16T21:03:28.040Z",
    "end": "2026-06-16T21:04:26.007Z",
    "duration": 57967,
    "testsRegistered": 1,
    "passPercent": 0,
    "pendingPercent": 0,
    "other": 0,
    "hasOther": false,
    "skipped": 0,
    "hasSkipped": false
  },
  "results": [
    {
      "uuid": "f290a572-4648-485f-8c9d-ecd911e52f24",
      "title": "",
      "fullFile": "cypress\\e2e\\tests\\SystemSettingPageTest_1350.cy.js",
      "file": "cypress\\e2e\\tests\\SystemSettingPageTest_1350.cy.js",
      "beforeHooks": [],
      "afterHooks": [],
      "tests": [],
      "suites": [
        {
          "uuid": "2eccd1d5-6398-49de-b88d-d051e0f57baf",
          "title": "System Setting - Master Upload",
          "fullFile": "",
          "file": "",
          "beforeHooks": [],
          "afterHooks": [],
          "tests": [
            {
              "title": "Deposit Bank Master - TC_ID_1350 - Admin should not change the header formats or should not add new fields in the standard deposit bank master file while uploading back to ENCollect",
              "fullTitle": "System Setting - Master Upload Deposit Bank Master - TC_ID_1350 - Admin should not change the header formats or should not add new fields in the standard deposit bank master file while uploading back to ENCollect",
              "timedOut": null,
              "duration": 51215,
              "state": "failed",
              "speed": null,
              "pass": false,
              "fail": true,
              "pending": false,
              "context": null,
              "code": "(0, _testDataUtils.getTestData)('loginData', 'login').then(user => {\n  loginPage.login(user.Companyname, user.email, user.password);\n  cy.wait(900);\n  systemsettingPage.systemSettingModule();\n  systemsettingPage.DepositeBankMaster1350();\n});",
              "err": {
                "message": "AssertionError: Timed out retrying after 4000ms: Expected to find element: `[role=\"alert\"]`, but never found it.",
                "estack": "AssertionError: Timed out retrying after 4000ms: Expected to find element: `[role=\"alert\"]`, but never found it.\n    at SystemSettingPage.DepositeBankMaster1350 (webpack://encollect_web/./cypress/e2e/pages/SystemSettingPage.js:4450:30)\n    at Context.eval (webpack://encollect_web/./cypress/e2e/tests/SystemSettingPageTest_1350.cy.js:27:34)\n    at getRet (https://scbdemo.sumeruentiger.com/__cypress/runner/cypress_runner.js:121066:20)\n    at tryCatcher (https://scbdemo.sumeruentiger.com/__cypress/runner/cypress_runner.js:1777:23)\n    at Promise.attempt.Promise.try (https://scbdemo.sumeruentiger.com/__cypress/runner/cypress_runner.js:4285:29)\n    at Context.thenFn (https://scbdemo.sumeruentiger.com/__cypress/runner/cypress_runner.js:121077:66)\n    at Context.then (https://scbdemo.sumeruentiger.com/__cypress/runner/cypress_runner.js:121328:21)\n    at wrapped (https://scbdemo.sumeruentiger.com/__cypress/runner/cypress_runner.js:141671:19)",
                "diff": null
              },
              "uuid": "eeada2f4-e153-4681-83db-766c55599da2",
              "parentUUID": "2eccd1d5-6398-49de-b88d-d051e0f57baf",
              "isHook": false,
              "skipped": false
            }
          ],
          "suites": [],
          "passes": [],
          "failures": [
            "eeada2f4-e153-4681-83db-766c55599da2"
          ],
          "pending": [],
          "skipped": [],
          "duration": 51215,
          "root": false,
          "rootEmpty": false,
          "_timeout": 2000
        }
      ],
      "passes": [],
      "failures": [],
      "pending": [],
      "skipped": [],
      "duration": 0,
      "root": true,
      "rootEmpty": true,
      "_timeout": 2000
    }
  ],
  "meta": {
    "mocha": {
      "version": "7.2.0"
    },
    "mochawesome": {
      "options": {
        "quiet": false,
        "reportFilename": "mochawesome",
        "saveHtml": false,
        "saveJson": true,
        "consoleReporter": "spec",
        "useInlineDiffs": false,
        "code": true
      },
      "version": "7.1.3"
    },
    "marge": {
      "options": {
        "overwrite": false,
        "html": false,
        "json": true,
        "reportDir": "cypress\\reports\\html\\.jsons"
      },
      "version": "6.2.0"
    }
  }
}