{
  "stats": {
    "suites": 1,
    "tests": 1,
    "passes": 1,
    "pending": 0,
    "failures": 0,
    "start": "2026-06-16T16:32:05.730Z",
    "end": "2026-06-16T16:32:48.031Z",
    "duration": 42301,
    "testsRegistered": 1,
    "passPercent": 100,
    "pendingPercent": 0,
    "other": 0,
    "hasOther": false,
    "skipped": 0,
    "hasSkipped": false
  },
  "results": [
    {
      "uuid": "35e12519-9d5c-4ab5-a200-46d5e78c75fb",
      "title": "",
      "fullFile": "cypress\\e2e\\tests\\PermissionTestPage_28.cy.js",
      "file": "cypress\\e2e\\tests\\PermissionTestPage_28.cy.js",
      "beforeHooks": [],
      "afterHooks": [],
      "tests": [],
      "suites": [
        {
          "uuid": "212364ea-93ca-4b6a-a32c-c739a8ee1d4a",
          "title": "System Settings - permissions - user can click on the next or previous button",
          "fullFile": "",
          "file": "",
          "beforeHooks": [],
          "afterHooks": [],
          "tests": [
            {
              "title": "System Settings - permissions - TC_ID_28",
              "fullTitle": "System Settings - permissions - user can click on the next or previous button System Settings - permissions - TC_ID_28",
              "timedOut": null,
              "duration": 30781,
              "state": "passed",
              "speed": "slow",
              "pass": true,
              "fail": false,
              "pending": false,
              "context": null,
              "code": "(0, _TestDataUtils.getTestData)('loginData', 'login').then(user => {\n  loginPage.login(user.Companyname, user.email, user.password);\n  cy.wait(900);\n  permissionpage.PermissionTestPage_28();\n});",
              "err": {},
              "uuid": "525a4f84-35f2-4373-92d8-6f93d5ac727f",
              "parentUUID": "212364ea-93ca-4b6a-a32c-c739a8ee1d4a",
              "isHook": false,
              "skipped": false
            }
          ],
          "suites": [],
          "passes": [
            "525a4f84-35f2-4373-92d8-6f93d5ac727f"
          ],
          "failures": [],
          "pending": [],
          "skipped": [],
          "duration": 30781,
          "root": false,
          "rootEmpty": false,
          "_timeout": 2000
        }
      ],
      "passes": [],
      "failures": [],
      "pending": [],
      "skipped": [],
      "duration": 0,
      "root": true,
      "rootEmpty": true,
      "_timeout": 2000
    }
  ],
  "meta": {
    "mocha": {
      "version": "7.2.0"
    },
    "mochawesome": {
      "options": {
        "quiet": false,
        "reportFilename": "mochawesome",
        "saveHtml": false,
        "saveJson": true,
        "consoleReporter": "spec",
        "useInlineDiffs": false,
        "code": true
      },
      "version": "7.1.3"
    },
    "marge": {
      "options": {
        "overwrite": false,
        "html": false,
        "json": true,
        "reportDir": "cypress\\reports\\html\\.jsons"
      },
      "version": "6.2.0"
    }
  }
}