{
  "stats": {
    "suites": 1,
    "tests": 1,
    "passes": 0,
    "pending": 0,
    "failures": 1,
    "start": "2026-06-16T15:04:14.762Z",
    "end": "2026-06-16T15:04:54.186Z",
    "duration": 39424,
    "testsRegistered": 1,
    "passPercent": 0,
    "pendingPercent": 0,
    "other": 0,
    "hasOther": false,
    "skipped": 0,
    "hasSkipped": false
  },
  "results": [
    {
      "uuid": "87fbdcc8-f2f8-4e78-aac7-7b9c138e341e",
      "title": "",
      "fullFile": "cypress\\e2e\\tests\\DashboardTestPage_09.cy.js",
      "file": "cypress\\e2e\\tests\\DashboardTestPage_09.cy.js",
      "beforeHooks": [],
      "afterHooks": [],
      "tests": [],
      "suites": [
        {
          "uuid": "9ab51c71-2ed3-4fee-b07d-7581edfb4d76",
          "title": "Dashboard - Dashboard - Logged in user to see linked accounts in the form of cards in the account details screen.",
          "fullFile": "",
          "file": "",
          "beforeHooks": [],
          "afterHooks": [],
          "tests": [
            {
              "title": "User should see the linked account - TC_ID_09",
              "fullTitle": "Dashboard - Dashboard - Logged in user to see linked accounts in the form of cards in the account details screen. User should see the linked account - TC_ID_09",
              "timedOut": null,
              "duration": 28913,
              "state": "failed",
              "speed": null,
              "pass": false,
              "fail": true,
              "pending": false,
              "context": null,
              "code": "(0, _TestDataUtils.getTestData)('loginData', 'login').then(user => {\n  loginPage.login(user.Companyname, user.email, user.password);\n  cy.wait(900);\n  dashboardpage.DashboardTestPage_09();\n});",
              "err": {
                "message": "AssertionError: Timed out retrying after 4000ms: Expected to find content: 'Customer Name' within the selector: 'span.ng-option-label' but never did.",
                "estack": "AssertionError: Timed out retrying after 4000ms: Expected to find content: 'Customer Name' within the selector: 'span.ng-option-label' but never did.\n    at DashboardPage.DashboardTestPage_09 (webpack://encollect_web/./cypress/e2e/pages/DashboardPage.js:387:7)\n    at Context.eval (webpack://encollect_web/./cypress/e2e/tests/DashboardTestPage_09.cy.js:25:30)\n    at getRet (https://scbdemo.sumeruentiger.com/__cypress/runner/cypress_runner.js:121066:20)\n    at tryCatcher (https://scbdemo.sumeruentiger.com/__cypress/runner/cypress_runner.js:1777:23)\n    at Promise.attempt.Promise.try (https://scbdemo.sumeruentiger.com/__cypress/runner/cypress_runner.js:4285:29)\n    at Context.thenFn (https://scbdemo.sumeruentiger.com/__cypress/runner/cypress_runner.js:121077:66)\n    at Context.then (https://scbdemo.sumeruentiger.com/__cypress/runner/cypress_runner.js:121328:21)\n    at wrapped (https://scbdemo.sumeruentiger.com/__cypress/runner/cypress_runner.js:141671:19)",
                "diff": null
              },
              "uuid": "d942b888-5792-4121-a268-225294b4cfb9",
              "parentUUID": "9ab51c71-2ed3-4fee-b07d-7581edfb4d76",
              "isHook": false,
              "skipped": false
            }
          ],
          "suites": [],
          "passes": [],
          "failures": [
            "d942b888-5792-4121-a268-225294b4cfb9"
          ],
          "pending": [],
          "skipped": [],
          "duration": 28913,
          "root": false,
          "rootEmpty": false,
          "_timeout": 2000
        }
      ],
      "passes": [],
      "failures": [],
      "pending": [],
      "skipped": [],
      "duration": 0,
      "root": true,
      "rootEmpty": true,
      "_timeout": 2000
    }
  ],
  "meta": {
    "mocha": {
      "version": "7.2.0"
    },
    "mochawesome": {
      "options": {
        "quiet": false,
        "reportFilename": "mochawesome",
        "saveHtml": false,
        "saveJson": true,
        "consoleReporter": "spec",
        "useInlineDiffs": false,
        "code": true
      },
      "version": "7.1.3"
    },
    "marge": {
      "options": {
        "overwrite": false,
        "html": false,
        "json": true,
        "reportDir": "cypress\\reports\\html\\.jsons"
      },
      "version": "6.2.0"
    }
  }
}