{
  "stats": {
    "suites": 1,
    "tests": 1,
    "passes": 1,
    "pending": 0,
    "failures": 0,
    "start": "2026-06-16T14:43:49.919Z",
    "end": "2026-06-16T14:44:24.724Z",
    "duration": 34805,
    "testsRegistered": 1,
    "passPercent": 100,
    "pendingPercent": 0,
    "other": 0,
    "hasOther": false,
    "skipped": 0,
    "hasSkipped": false
  },
  "results": [
    {
      "uuid": "5eb4f589-6f23-4d84-bf09-f1378f07dd2e",
      "title": "",
      "fullFile": "cypress\\e2e\\tests\\CashWalletLimitReportPage03.cy.js",
      "file": "cypress\\e2e\\tests\\CashWalletLimitReportPage03.cy.js",
      "beforeHooks": [],
      "afterHooks": [],
      "tests": [],
      "suites": [
        {
          "uuid": "90c9996a-edbb-4d4c-aa4b-c80da1e1bfc9",
          "title": "T03- CashWalletLimitReport-Click on Disabled and generate Report",
          "fullFile": "",
          "file": "",
          "beforeHooks": [],
          "afterHooks": [],
          "tests": [
            {
              "title": "T03- CashWalletLimitReport-Click on Disabled and generate Report",
              "fullTitle": "T03- CashWalletLimitReport-Click on Disabled and generate Report T03- CashWalletLimitReport-Click on Disabled and generate Report",
              "timedOut": null,
              "duration": 27758,
              "state": "passed",
              "speed": "slow",
              "pass": true,
              "fail": false,
              "pending": false,
              "context": null,
              "code": "(0, _TestDataUtils.getTestData)('loginData', 'login').then(user => {\n  loginPage.login(user.Companyname, user.email, user.password);\n  cy.wait(900);\n  reportpage.CashWalletLimitReportPage03();\n});",
              "err": {},
              "uuid": "036c5435-d393-4abb-b439-c14bfd2e5fc6",
              "parentUUID": "90c9996a-edbb-4d4c-aa4b-c80da1e1bfc9",
              "isHook": false,
              "skipped": false
            }
          ],
          "suites": [],
          "passes": [
            "036c5435-d393-4abb-b439-c14bfd2e5fc6"
          ],
          "failures": [],
          "pending": [],
          "skipped": [],
          "duration": 27758,
          "root": false,
          "rootEmpty": false,
          "_timeout": 2000
        }
      ],
      "passes": [],
      "failures": [],
      "pending": [],
      "skipped": [],
      "duration": 0,
      "root": true,
      "rootEmpty": true,
      "_timeout": 2000
    }
  ],
  "meta": {
    "mocha": {
      "version": "7.2.0"
    },
    "mochawesome": {
      "options": {
        "quiet": false,
        "reportFilename": "mochawesome",
        "saveHtml": false,
        "saveJson": true,
        "consoleReporter": "spec",
        "useInlineDiffs": false,
        "code": true
      },
      "version": "7.1.3"
    },
    "marge": {
      "options": {
        "overwrite": false,
        "html": false,
        "json": true,
        "reportDir": "cypress\\reports\\html\\.jsons"
      },
      "version": "6.2.0"
    }
  }
}