{
  "stats": {
    "suites": 1,
    "tests": 1,
    "passes": 0,
    "pending": 0,
    "failures": 1,
    "start": "2026-06-16T20:18:02.677Z",
    "end": "2026-06-16T20:18:33.157Z",
    "duration": 30480,
    "testsRegistered": 1,
    "passPercent": 0,
    "pendingPercent": 0,
    "other": 0,
    "hasOther": false,
    "skipped": 0,
    "hasSkipped": false
  },
  "results": [
    {
      "uuid": "2e736672-77d4-4123-8cb9-414e1cede4b0",
      "title": "",
      "fullFile": "cypress\\e2e\\tests\\SettlementTestPage_79.cy.js",
      "file": "cypress\\e2e\\tests\\SettlementTestPage_79.cy.js",
      "beforeHooks": [],
      "afterHooks": [],
      "tests": [],
      "suites": [
        {
          "uuid": "c9c809cb-4b8c-41ca-86c4-0dcffd451f46",
          "title": "TC_ID_79 - Search Settlement - Search with Application Status - Pending Customer Acceptance",
          "fullFile": "",
          "file": "",
          "beforeHooks": [],
          "afterHooks": [],
          "tests": [
            {
              "title": "TC_ID_79 - Settlement",
              "fullTitle": "TC_ID_79 - Search Settlement - Search with Application Status - Pending Customer Acceptance TC_ID_79 - Settlement",
              "timedOut": null,
              "duration": 23455,
              "state": "failed",
              "speed": null,
              "pass": false,
              "fail": true,
              "pending": false,
              "context": null,
              "code": "(0, _TestDataUtils.getTestData)('loginData', 'login2').then(user => {\n  loginPage.login(user.Companyname, user.email, user.password);\n  cy.wait(900);\n  settlementpage.SettlementTestPage_79();\n});",
              "err": {
                "message": "AssertionError: Timed out retrying after 4000ms: Expected to find content: 'Settlement' but never did.",
                "estack": "AssertionError: Timed out retrying after 4000ms: Expected to find content: 'Settlement' but never did.\n    at Context.eval (webpack://encollect_web/./cypress/e2e/pages/SettlementPage.js:3211:11)\n    at getRet (https://scbdemo.sumeruentiger.com/__cypress/runner/cypress_runner.js:121066:20)\n    at tryCatcher (https://scbdemo.sumeruentiger.com/__cypress/runner/cypress_runner.js:1777:23)\n    at Promise.attempt.Promise.try (https://scbdemo.sumeruentiger.com/__cypress/runner/cypress_runner.js:4285:29)\n    at Context.thenFn (https://scbdemo.sumeruentiger.com/__cypress/runner/cypress_runner.js:121077:66)\n    at Context.then (https://scbdemo.sumeruentiger.com/__cypress/runner/cypress_runner.js:121328:21)\n    at wrapped (https://scbdemo.sumeruentiger.com/__cypress/runner/cypress_runner.js:141671:19)",
                "diff": null
              },
              "uuid": "fef2bb9b-d902-43c2-ac31-fd2fb192c377",
              "parentUUID": "c9c809cb-4b8c-41ca-86c4-0dcffd451f46",
              "isHook": false,
              "skipped": false
            }
          ],
          "suites": [],
          "passes": [],
          "failures": [
            "fef2bb9b-d902-43c2-ac31-fd2fb192c377"
          ],
          "pending": [],
          "skipped": [],
          "duration": 23455,
          "root": false,
          "rootEmpty": false,
          "_timeout": 2000
        }
      ],
      "passes": [],
      "failures": [],
      "pending": [],
      "skipped": [],
      "duration": 0,
      "root": true,
      "rootEmpty": true,
      "_timeout": 2000
    }
  ],
  "meta": {
    "mocha": {
      "version": "7.2.0"
    },
    "mochawesome": {
      "options": {
        "quiet": false,
        "reportFilename": "mochawesome",
        "saveHtml": false,
        "saveJson": true,
        "consoleReporter": "spec",
        "useInlineDiffs": false,
        "code": true
      },
      "version": "7.1.3"
    },
    "marge": {
      "options": {
        "overwrite": false,
        "html": false,
        "json": true,
        "reportDir": "cypress\\reports\\html\\.jsons"
      },
      "version": "6.2.0"
    }
  }
}