{
  "stats": {
    "suites": 1,
    "tests": 1,
    "passes": 1,
    "pending": 0,
    "failures": 0,
    "start": "2026-06-16T17:20:31.749Z",
    "end": "2026-06-16T17:22:14.519Z",
    "duration": 102770,
    "testsRegistered": 1,
    "passPercent": 100,
    "pendingPercent": 0,
    "other": 0,
    "hasOther": false,
    "skipped": 0,
    "hasSkipped": false
  },
  "results": [
    {
      "uuid": "c20a6017-4acc-45b8-83e9-389ab1f5dbf2",
      "title": "",
      "fullFile": "cypress\\e2e\\tests\\ReoprtPaymentTestPage_312.cy.js",
      "file": "cypress\\e2e\\tests\\ReoprtPaymentTestPage_312.cy.js",
      "beforeHooks": [],
      "afterHooks": [],
      "tests": [],
      "suites": [
        {
          "uuid": "dc6366ce-bf0c-4e9e-bb0d-b45633614e5b",
          "title": "Report PaymentPage - Bank Staff- Branch  date and branch to download report from report payment",
          "fullFile": "",
          "file": "",
          "beforeHooks": [],
          "afterHooks": [],
          "tests": [
            {
              "title": "Report PaymentPage - TC_ID_311",
              "fullTitle": "Report PaymentPage - Bank Staff- Branch  date and branch to download report from report payment Report PaymentPage - TC_ID_311",
              "timedOut": null,
              "duration": 91233,
              "state": "passed",
              "speed": "slow",
              "pass": true,
              "fail": false,
              "pending": false,
              "context": null,
              "code": "(0, _TestDataUtils.getTestData)('loginData', 'login').then(user => {\n  loginPage.login(user.Companyname, user.email, user.password);\n  cy.wait(900);\n  reportpage.ReportPaymentTestPage_312();\n});",
              "err": {},
              "uuid": "8b0196ba-933b-4e72-872f-ed6bc42dbfe0",
              "parentUUID": "dc6366ce-bf0c-4e9e-bb0d-b45633614e5b",
              "isHook": false,
              "skipped": false
            }
          ],
          "suites": [],
          "passes": [
            "8b0196ba-933b-4e72-872f-ed6bc42dbfe0"
          ],
          "failures": [],
          "pending": [],
          "skipped": [],
          "duration": 91233,
          "root": false,
          "rootEmpty": false,
          "_timeout": 2000
        }
      ],
      "passes": [],
      "failures": [],
      "pending": [],
      "skipped": [],
      "duration": 0,
      "root": true,
      "rootEmpty": true,
      "_timeout": 2000
    }
  ],
  "meta": {
    "mocha": {
      "version": "7.2.0"
    },
    "mochawesome": {
      "options": {
        "quiet": false,
        "reportFilename": "mochawesome",
        "saveHtml": false,
        "saveJson": true,
        "consoleReporter": "spec",
        "useInlineDiffs": false,
        "code": true
      },
      "version": "7.1.3"
    },
    "marge": {
      "options": {
        "overwrite": false,
        "html": false,
        "json": true,
        "reportDir": "cypress\\reports\\html\\.jsons"
      },
      "version": "6.2.0"
    }
  }
}