{
  "stats": {
    "suites": 1,
    "tests": 1,
    "passes": 1,
    "pending": 0,
    "failures": 0,
    "start": "2026-06-16T14:22:38.218Z",
    "end": "2026-06-16T14:23:10.507Z",
    "duration": 32289,
    "testsRegistered": 1,
    "passPercent": 100,
    "pendingPercent": 0,
    "other": 0,
    "hasOther": false,
    "skipped": 0,
    "hasSkipped": false
  },
  "results": [
    {
      "uuid": "4bc2d642-169e-4f5a-a632-77d930060b71",
      "title": "",
      "fullFile": "cypress\\e2e\\tests\\AllocationTestPage_109.cy.js",
      "file": "cypress\\e2e\\tests\\AllocationTestPage_109.cy.js",
      "beforeHooks": [],
      "afterHooks": [],
      "tests": [],
      "suites": [
        {
          "uuid": "fcfe3ab8-78c7-4c28-9e00-2f4069ac468d",
          "title": "Allocation - User to click on Account level sub menu which is under upload agent Unallocation batch. -",
          "fullFile": "",
          "file": "",
          "beforeHooks": [],
          "afterHooks": [],
          "tests": [
            {
              "title": "Allocation Module - TC_ID_109",
              "fullTitle": "Allocation - User to click on Account level sub menu which is under upload agent Unallocation batch. - Allocation Module - TC_ID_109",
              "timedOut": null,
              "duration": 27103,
              "state": "passed",
              "speed": "slow",
              "pass": true,
              "fail": false,
              "pending": false,
              "context": null,
              "code": "(0, _TestDataUtils.getTestData)('loginData', 'login').then(user => {\n  loginPage.login(user.Companyname, user.email, user.password);\n  cy.wait(900);\n  allocationpage.AllocationTestPage_109();\n});",
              "err": {},
              "uuid": "94ba8472-19cb-4045-b769-2a9ecf474dc8",
              "parentUUID": "fcfe3ab8-78c7-4c28-9e00-2f4069ac468d",
              "isHook": false,
              "skipped": false
            }
          ],
          "suites": [],
          "passes": [
            "94ba8472-19cb-4045-b769-2a9ecf474dc8"
          ],
          "failures": [],
          "pending": [],
          "skipped": [],
          "duration": 27103,
          "root": false,
          "rootEmpty": false,
          "_timeout": 2000
        }
      ],
      "passes": [],
      "failures": [],
      "pending": [],
      "skipped": [],
      "duration": 0,
      "root": true,
      "rootEmpty": true,
      "_timeout": 2000
    }
  ],
  "meta": {
    "mocha": {
      "version": "7.2.0"
    },
    "mochawesome": {
      "options": {
        "quiet": false,
        "reportFilename": "mochawesome",
        "saveHtml": false,
        "saveJson": true,
        "consoleReporter": "spec",
        "useInlineDiffs": false,
        "code": true
      },
      "version": "7.1.3"
    },
    "marge": {
      "options": {
        "overwrite": false,
        "html": false,
        "json": true,
        "reportDir": "cypress\\reports\\html\\.jsons"
      },
      "version": "6.2.0"
    }
  }
}