{
  "stats": {
    "suites": 1,
    "tests": 1,
    "passes": 1,
    "pending": 0,
    "failures": 0,
    "start": "2026-06-16T16:43:24.954Z",
    "end": "2026-06-16T16:44:09.203Z",
    "duration": 44249,
    "testsRegistered": 1,
    "passPercent": 100,
    "pendingPercent": 0,
    "other": 0,
    "hasOther": false,
    "skipped": 0,
    "hasSkipped": false
  },
  "results": [
    {
      "uuid": "464caa2d-f21d-47a8-b493-432d325ffa92",
      "title": "",
      "fullFile": "cypress\\e2e\\tests\\PermissionTestPage_39.cy.js",
      "file": "cypress\\e2e\\tests\\PermissionTestPage_39.cy.js",
      "beforeHooks": [],
      "afterHooks": [],
      "tests": [],
      "suites": [
        {
          "uuid": "a3b9bcd0-635f-4a1e-9115-65335a0e583d",
          "title": "System Settings - permissions - user can able to see update permission schemes in the edit scheme page",
          "fullFile": "",
          "file": "",
          "beforeHooks": [],
          "afterHooks": [],
          "tests": [
            {
              "title": "System Settings - permissions - TC_ID_39",
              "fullTitle": "System Settings - permissions - user can able to see update permission schemes in the edit scheme page System Settings - permissions - TC_ID_39",
              "timedOut": null,
              "duration": 32969,
              "state": "passed",
              "speed": "slow",
              "pass": true,
              "fail": false,
              "pending": false,
              "context": null,
              "code": "(0, _TestDataUtils.getTestData)('loginData', 'login').then(user => {\n  loginPage.login(user.Companyname, user.email, user.password);\n  cy.wait(900);\n  permissionpage.PermissionTestPage_39();\n});",
              "err": {},
              "uuid": "b95cdf02-615f-42c1-bdf6-b9be9d4c8fc0",
              "parentUUID": "a3b9bcd0-635f-4a1e-9115-65335a0e583d",
              "isHook": false,
              "skipped": false
            }
          ],
          "suites": [],
          "passes": [
            "b95cdf02-615f-42c1-bdf6-b9be9d4c8fc0"
          ],
          "failures": [],
          "pending": [],
          "skipped": [],
          "duration": 32969,
          "root": false,
          "rootEmpty": false,
          "_timeout": 2000
        }
      ],
      "passes": [],
      "failures": [],
      "pending": [],
      "skipped": [],
      "duration": 0,
      "root": true,
      "rootEmpty": true,
      "_timeout": 2000
    }
  ],
  "meta": {
    "mocha": {
      "version": "7.2.0"
    },
    "mochawesome": {
      "options": {
        "quiet": false,
        "reportFilename": "mochawesome",
        "saveHtml": false,
        "saveJson": true,
        "consoleReporter": "spec",
        "useInlineDiffs": false,
        "code": true
      },
      "version": "7.1.3"
    },
    "marge": {
      "options": {
        "overwrite": false,
        "html": false,
        "json": true,
        "reportDir": "cypress\\reports\\html\\.jsons"
      },
      "version": "6.2.0"
    }
  }
}