{
  "stats": {
    "suites": 1,
    "tests": 1,
    "passes": 0,
    "pending": 0,
    "failures": 1,
    "start": "2026-06-16T19:23:44.269Z",
    "end": "2026-06-16T19:24:32.042Z",
    "duration": 47773,
    "testsRegistered": 1,
    "passPercent": 0,
    "pendingPercent": 0,
    "other": 0,
    "hasOther": false,
    "skipped": 0,
    "hasSkipped": false
  },
  "results": [
    {
      "uuid": "df18325a-8938-4452-b484-410ad693b39d",
      "title": "",
      "fullFile": "cypress\\e2e\\tests\\SettlementTestPage_09.cy.js",
      "file": "cypress\\e2e\\tests\\SettlementTestPage_09.cy.js",
      "beforeHooks": [],
      "afterHooks": [],
      "tests": [],
      "suites": [
        {
          "uuid": "80ac0c54-45e3-4e2b-8673-4111d2dab6a5",
          "title": "TC_ID_09 - Settlement - Verify that \"Find Eligible Cases\" screen retains entered values after clicking \"Search\" or refreshing the page.",
          "fullFile": "",
          "file": "",
          "beforeHooks": [],
          "afterHooks": [],
          "tests": [
            {
              "title": "TC_ID_09 - Settlement",
              "fullTitle": "TC_ID_09 - Settlement - Verify that \"Find Eligible Cases\" screen retains entered values after clicking \"Search\" or refreshing the page. TC_ID_09 - Settlement",
              "timedOut": null,
              "duration": 33810,
              "state": "failed",
              "speed": null,
              "pass": false,
              "fail": true,
              "pending": false,
              "context": null,
              "code": "(0, _TestDataUtils.getTestData)('loginData', 'login').then(user => {\n  loginPage.login(user.Companyname, user.email, user.password);\n  cy.wait(900);\n  settlementpage.SettlementTestPage_09();\n});",
              "err": {
                "message": "AssertionError: Timed out retrying after 4000ms: expected '<input#customerId.form-control.ng-dirty.ng-valid.ng-touched>' to have value '1234', but the value was '12X34'",
                "estack": "AssertionError: Timed out retrying after 4000ms: expected '<input#customerId.form-control.ng-dirty.ng-valid.ng-touched>' to have value '1234', but the value was '12X34'\n    at SettlementPage.SettlementTestPage_09 (webpack://encollect_web/./cypress/e2e/pages/SettlementPage.js:147:41)\n    at Context.eval (webpack://encollect_web/./cypress/e2e/tests/SettlementTestPage_09.cy.js:25:31)\n    at getRet (https://scbdemo.sumeruentiger.com/__cypress/runner/cypress_runner.js:121066:20)\n    at tryCatcher (https://scbdemo.sumeruentiger.com/__cypress/runner/cypress_runner.js:1777:23)\n    at Promise.attempt.Promise.try (https://scbdemo.sumeruentiger.com/__cypress/runner/cypress_runner.js:4285:29)\n    at Context.thenFn (https://scbdemo.sumeruentiger.com/__cypress/runner/cypress_runner.js:121077:66)\n    at Context.then (https://scbdemo.sumeruentiger.com/__cypress/runner/cypress_runner.js:121328:21)\n    at wrapped (https://scbdemo.sumeruentiger.com/__cypress/runner/cypress_runner.js:141671:19)",
                "diff": "- '12X34'\n+ '1234'\n"
              },
              "uuid": "53f84325-3b63-40c4-9c56-ed56dc5fc6c8",
              "parentUUID": "80ac0c54-45e3-4e2b-8673-4111d2dab6a5",
              "isHook": false,
              "skipped": false
            }
          ],
          "suites": [],
          "passes": [],
          "failures": [
            "53f84325-3b63-40c4-9c56-ed56dc5fc6c8"
          ],
          "pending": [],
          "skipped": [],
          "duration": 33810,
          "root": false,
          "rootEmpty": false,
          "_timeout": 2000
        }
      ],
      "passes": [],
      "failures": [],
      "pending": [],
      "skipped": [],
      "duration": 0,
      "root": true,
      "rootEmpty": true,
      "_timeout": 2000
    }
  ],
  "meta": {
    "mocha": {
      "version": "7.2.0"
    },
    "mochawesome": {
      "options": {
        "quiet": false,
        "reportFilename": "mochawesome",
        "saveHtml": false,
        "saveJson": true,
        "consoleReporter": "spec",
        "useInlineDiffs": false,
        "code": true
      },
      "version": "7.1.3"
    },
    "marge": {
      "options": {
        "overwrite": false,
        "html": false,
        "json": true,
        "reportDir": "cypress\\reports\\html\\.jsons"
      },
      "version": "6.2.0"
    }
  }
}