{
  "stats": {
    "suites": 1,
    "tests": 1,
    "passes": 1,
    "pending": 0,
    "failures": 0,
    "start": "2026-06-16T14:17:59.667Z",
    "end": "2026-06-16T14:18:56.398Z",
    "duration": 56731,
    "testsRegistered": 1,
    "passPercent": 100,
    "pendingPercent": 0,
    "other": 0,
    "hasOther": false,
    "skipped": 0,
    "hasSkipped": false
  },
  "results": [
    {
      "uuid": "d467b4e8-0dc6-4f00-ad09-b9cb1db87f1c",
      "title": "",
      "fullFile": "cypress\\e2e\\tests\\AllocationTestPage_104.cy.js",
      "file": "cypress\\e2e\\tests\\AllocationTestPage_104.cy.js",
      "beforeHooks": [],
      "afterHooks": [],
      "tests": [],
      "suites": [
        {
          "uuid": "e7c0c46d-5066-4e05-9ced-4f321b43fb09",
          "title": "Allocation - ENCollect system will throw an error as Invalid customer id when customer id does not exist in db.",
          "fullFile": "",
          "file": "",
          "beforeHooks": [],
          "afterHooks": [],
          "tests": [
            {
              "title": "Allocation Module - TC_ID_104",
              "fullTitle": "Allocation - ENCollect system will throw an error as Invalid customer id when customer id does not exist in db. Allocation Module - TC_ID_104",
              "timedOut": null,
              "duration": 52545,
              "state": "passed",
              "speed": "slow",
              "pass": true,
              "fail": false,
              "pending": false,
              "context": null,
              "code": "(0, _TestDataUtils.getTestData)('loginData', 'login').then(user => {\n  loginPage.login(user.Companyname, user.email, user.password);\n  cy.wait(900);\n  allocationpage.AllocationTestPage_104_download();\n  const sheetName = 'Sheet1';\n  Cypress.on('uncaught:exception', (err, runnable) => {\n    if (err.message.includes('ResizeObserver loop completed with undelivered notifications.')) {\n      return false;\n    }\n  });\n  const data = {\n    'A2': '41174'\n  };\n  const downloadsFolder = Cypress.config('downloadsFolder');\n  const fixturesFolder = 'cypress/fixtures';\n  const excelFileName = 'UnAllocation_acclevel.xlsx';\n  const sourceFilePath = path.join(downloadsFolder, excelFileName);\n  const destFilePath = path.join(fixturesFolder, excelFileName);\n  // Update Excel File\n  cy.task('updateUnAllocation_acclevelCell', {\n    filePath: sourceFilePath,\n    sheetName: sheetName,\n    data: data\n  }).then(() => {\n    cy.log('Excel file updated successfully with new data');\n  });\n  cy.task('moveAllDownloadsToFixtures').then(result => {\n    cy.log(result);\n  });\n  allocationpage.AllocationTestPage_104_upload();\n});",
              "err": {},
              "uuid": "d0f80b8b-ed24-4585-8a79-7503be5c7d60",
              "parentUUID": "e7c0c46d-5066-4e05-9ced-4f321b43fb09",
              "isHook": false,
              "skipped": false
            }
          ],
          "suites": [],
          "passes": [
            "d0f80b8b-ed24-4585-8a79-7503be5c7d60"
          ],
          "failures": [],
          "pending": [],
          "skipped": [],
          "duration": 52545,
          "root": false,
          "rootEmpty": false,
          "_timeout": 2000
        }
      ],
      "passes": [],
      "failures": [],
      "pending": [],
      "skipped": [],
      "duration": 0,
      "root": true,
      "rootEmpty": true,
      "_timeout": 2000
    }
  ],
  "meta": {
    "mocha": {
      "version": "7.2.0"
    },
    "mochawesome": {
      "options": {
        "quiet": false,
        "reportFilename": "mochawesome",
        "saveHtml": false,
        "saveJson": true,
        "consoleReporter": "spec",
        "useInlineDiffs": false,
        "code": true
      },
      "version": "7.1.3"
    },
    "marge": {
      "options": {
        "overwrite": false,
        "html": false,
        "json": true,
        "reportDir": "cypress\\reports\\html\\.jsons"
      },
      "version": "6.2.0"
    }
  }
}