{
  "stats": {
    "suites": 1,
    "tests": 1,
    "passes": 0,
    "pending": 0,
    "failures": 1,
    "start": "2026-06-16T21:27:32.983Z",
    "end": "2026-06-16T21:28:12.329Z",
    "duration": 39346,
    "testsRegistered": 1,
    "passPercent": 0,
    "pendingPercent": 0,
    "other": 0,
    "hasOther": false,
    "skipped": 0,
    "hasSkipped": false
  },
  "results": [
    {
      "uuid": "c47a1036-581b-4b77-b16b-f9d1f40bb7da",
      "title": "",
      "fullFile": "cypress\\e2e\\tests\\SystemSettingTestPage_1141.cy.js",
      "file": "cypress\\e2e\\tests\\SystemSettingTestPage_1141.cy.js",
      "beforeHooks": [],
      "afterHooks": [],
      "tests": [],
      "suites": [
        {
          "uuid": "7b18061a-303a-4d97-b808-5881312b479e",
          "title": "System Setting - Master Upload - Admin should be able to check the base branch master data which successfully inserted into ENCollect DB in the FE screen.",
          "fullFile": "",
          "file": "",
          "beforeHooks": [],
          "afterHooks": [],
          "tests": [
            {
              "title": "Master Upload- TC_ID_1141 ",
              "fullTitle": "System Setting - Master Upload - Admin should be able to check the base branch master data which successfully inserted into ENCollect DB in the FE screen. Master Upload- TC_ID_1141 ",
              "timedOut": null,
              "duration": 34086,
              "state": "failed",
              "speed": null,
              "pass": false,
              "fail": true,
              "pending": false,
              "context": null,
              "code": "(0, _TestDataUtils.getTestData)('loginData', 'login').then(user => {\n  loginPage.login(user.Companyname, user.email, user.password);\n  cy.wait(900);\n  systemsettingpage.SystemSettingTestPage_1141();\n});",
              "err": {
                "message": "AssertionError: Timed out retrying after 4000ms: Expected to find element: `a[title='User Management'] span[class='ng-star-inserted']`, but never found it.",
                "estack": "AssertionError: Timed out retrying after 4000ms: Expected to find element: `a[title='User Management'] span[class='ng-star-inserted']`, but never found it.\n    at SystemSettingPage.SystemSettingTestPage_1141 (webpack://encollect_web/./cypress/e2e/pages/SystemSettingPage.js:62:7)\n    at Context.eval (webpack://encollect_web/./cypress/e2e/tests/SystemSettingTestPage_1141.cy.js:25:34)\n    at getRet (https://scbdemo.sumeruentiger.com/__cypress/runner/cypress_runner.js:121066:20)\n    at tryCatcher (https://scbdemo.sumeruentiger.com/__cypress/runner/cypress_runner.js:1777:23)\n    at Promise.attempt.Promise.try (https://scbdemo.sumeruentiger.com/__cypress/runner/cypress_runner.js:4285:29)\n    at Context.thenFn (https://scbdemo.sumeruentiger.com/__cypress/runner/cypress_runner.js:121077:66)\n    at Context.then (https://scbdemo.sumeruentiger.com/__cypress/runner/cypress_runner.js:121328:21)\n    at wrapped (https://scbdemo.sumeruentiger.com/__cypress/runner/cypress_runner.js:141671:19)",
                "diff": null
              },
              "uuid": "80f4e885-7b8a-4840-8f90-c1ce7a997fb3",
              "parentUUID": "7b18061a-303a-4d97-b808-5881312b479e",
              "isHook": false,
              "skipped": false
            }
          ],
          "suites": [],
          "passes": [],
          "failures": [
            "80f4e885-7b8a-4840-8f90-c1ce7a997fb3"
          ],
          "pending": [],
          "skipped": [],
          "duration": 34086,
          "root": false,
          "rootEmpty": false,
          "_timeout": 2000
        }
      ],
      "passes": [],
      "failures": [],
      "pending": [],
      "skipped": [],
      "duration": 0,
      "root": true,
      "rootEmpty": true,
      "_timeout": 2000
    }
  ],
  "meta": {
    "mocha": {
      "version": "7.2.0"
    },
    "mochawesome": {
      "options": {
        "quiet": false,
        "reportFilename": "mochawesome",
        "saveHtml": false,
        "saveJson": true,
        "consoleReporter": "spec",
        "useInlineDiffs": false,
        "code": true
      },
      "version": "7.1.3"
    },
    "marge": {
      "options": {
        "overwrite": false,
        "html": false,
        "json": true,
        "reportDir": "cypress\\reports\\html\\.jsons"
      },
      "version": "6.2.0"
    }
  }
}