{
  "stats": {
    "suites": 1,
    "tests": 1,
    "passes": 1,
    "pending": 0,
    "failures": 0,
    "start": "2026-06-16T21:33:13.546Z",
    "end": "2026-06-16T21:33:59.523Z",
    "duration": 45977,
    "testsRegistered": 1,
    "passPercent": 100,
    "pendingPercent": 0,
    "other": 0,
    "hasOther": false,
    "skipped": 0,
    "hasSkipped": false
  },
  "results": [
    {
      "uuid": "3acfbf2d-cf50-4a66-bf65-ff845aefd225",
      "title": "",
      "fullFile": "cypress\\e2e\\tests\\SystemSettingTestPage_1165.cy.js",
      "file": "cypress\\e2e\\tests\\SystemSettingTestPage_1165.cy.js",
      "beforeHooks": [],
      "afterHooks": [],
      "tests": [],
      "suites": [
        {
          "uuid": "6721c525-ecb2-41f7-95d5-2e6d8c5fddfd",
          "title": "System Setting - Geography Master - Admin entered geography master data in the downloaded geography master file and clicked on upload button to upload the file back to ENCollect",
          "fullFile": "",
          "file": "",
          "beforeHooks": [],
          "afterHooks": [],
          "tests": [
            {
              "title": "Master Upload- TC_ID_1165-  Result grid will appear with transaction id, file name and status.",
              "fullTitle": "System Setting - Geography Master - Admin entered geography master data in the downloaded geography master file and clicked on upload button to upload the file back to ENCollect Master Upload- TC_ID_1165-  Result grid will appear with transaction id, file name and status.",
              "timedOut": null,
              "duration": 40352,
              "state": "passed",
              "speed": "slow",
              "pass": true,
              "fail": false,
              "pending": false,
              "context": null,
              "code": "(0, _TestDataUtils.getTestData)('loginData', 'login').then(user => {\n  loginPage.login(user.Companyname, user.email, user.password);\n  cy.wait(900);\n  systemsettingpage.SystemSettingTestPage_1165();\n});",
              "err": {},
              "uuid": "65c68f86-e927-47b3-b64b-a82a26c4f304",
              "parentUUID": "6721c525-ecb2-41f7-95d5-2e6d8c5fddfd",
              "isHook": false,
              "skipped": false
            }
          ],
          "suites": [],
          "passes": [
            "65c68f86-e927-47b3-b64b-a82a26c4f304"
          ],
          "failures": [],
          "pending": [],
          "skipped": [],
          "duration": 40352,
          "root": false,
          "rootEmpty": false,
          "_timeout": 2000
        }
      ],
      "passes": [],
      "failures": [],
      "pending": [],
      "skipped": [],
      "duration": 0,
      "root": true,
      "rootEmpty": true,
      "_timeout": 2000
    }
  ],
  "meta": {
    "mocha": {
      "version": "7.2.0"
    },
    "mochawesome": {
      "options": {
        "quiet": false,
        "reportFilename": "mochawesome",
        "saveHtml": false,
        "saveJson": true,
        "consoleReporter": "spec",
        "useInlineDiffs": false,
        "code": true
      },
      "version": "7.1.3"
    },
    "marge": {
      "options": {
        "overwrite": false,
        "html": false,
        "json": true,
        "reportDir": "cypress\\reports\\html\\.jsons"
      },
      "version": "6.2.0"
    }
  }
}