{
  "stats": {
    "suites": 1,
    "tests": 1,
    "passes": 1,
    "pending": 0,
    "failures": 0,
    "start": "2026-06-16T21:23:04.851Z",
    "end": "2026-06-16T21:23:41.361Z",
    "duration": 36510,
    "testsRegistered": 1,
    "passPercent": 100,
    "pendingPercent": 0,
    "other": 0,
    "hasOther": false,
    "skipped": 0,
    "hasSkipped": false
  },
  "results": [
    {
      "uuid": "a2ac1076-8aeb-4bf9-9a13-03c68c759524",
      "title": "",
      "fullFile": "cypress\\e2e\\tests\\SystemSettingTestPage_1120.cy.js",
      "file": "cypress\\e2e\\tests\\SystemSettingTestPage_1120.cy.js",
      "beforeHooks": [],
      "afterHooks": [],
      "tests": [],
      "suites": [
        {
          "uuid": "db432293-7b98-44e3-91f5-b3d19966433a",
          "title": "System Setting - Master Upload - Admin selected product master from file type and clicked on search button.",
          "fullFile": "",
          "file": "",
          "beforeHooks": [],
          "afterHooks": [],
          "tests": [
            {
              "title": "Master Upload- TC_ID_1120-  Result grid will appear with transaction id, file name and status.",
              "fullTitle": "System Setting - Master Upload - Admin selected product master from file type and clicked on search button. Master Upload- TC_ID_1120-  Result grid will appear with transaction id, file name and status.",
              "timedOut": null,
              "duration": 30668,
              "state": "passed",
              "speed": "slow",
              "pass": true,
              "fail": false,
              "pending": false,
              "context": null,
              "code": "(0, _TestDataUtils.getTestData)('loginData', 'login').then(user => {\n  loginPage.login(user.Companyname, user.email, user.password);\n  cy.wait(900);\n  systemsettingpage.SystemSettingTestPage_1120();\n});",
              "err": {},
              "uuid": "db913a29-b422-49e4-8d63-4bb5703dbd79",
              "parentUUID": "db432293-7b98-44e3-91f5-b3d19966433a",
              "isHook": false,
              "skipped": false
            }
          ],
          "suites": [],
          "passes": [
            "db913a29-b422-49e4-8d63-4bb5703dbd79"
          ],
          "failures": [],
          "pending": [],
          "skipped": [],
          "duration": 30668,
          "root": false,
          "rootEmpty": false,
          "_timeout": 2000
        }
      ],
      "passes": [],
      "failures": [],
      "pending": [],
      "skipped": [],
      "duration": 0,
      "root": true,
      "rootEmpty": true,
      "_timeout": 2000
    }
  ],
  "meta": {
    "mocha": {
      "version": "7.2.0"
    },
    "mochawesome": {
      "options": {
        "quiet": false,
        "reportFilename": "mochawesome",
        "saveHtml": false,
        "saveJson": true,
        "consoleReporter": "spec",
        "useInlineDiffs": false,
        "code": true
      },
      "version": "7.1.3"
    },
    "marge": {
      "options": {
        "overwrite": false,
        "html": false,
        "json": true,
        "reportDir": "cypress\\reports\\html\\.jsons"
      },
      "version": "6.2.0"
    }
  }
}