{
  "stats": {
    "suites": 1,
    "tests": 1,
    "passes": 1,
    "pending": 0,
    "failures": 0,
    "start": "2026-06-16T18:30:56.302Z",
    "end": "2026-06-16T18:32:21.224Z",
    "duration": 84922,
    "testsRegistered": 1,
    "passPercent": 100,
    "pendingPercent": 0,
    "other": 0,
    "hasOther": false,
    "skipped": 0,
    "hasSkipped": false
  },
  "results": [
    {
      "uuid": "de823eec-4211-4031-b525-7a50e727a187",
      "title": "",
      "fullFile": "cypress\\e2e\\tests\\ReoprtPaymentTestPage_378.cy.js",
      "file": "cypress\\e2e\\tests\\ReoprtPaymentTestPage_378.cy.js",
      "beforeHooks": [],
      "afterHooks": [],
      "tests": [],
      "suites": [
        {
          "uuid": "f4f9b682-25b2-43d3-9732-15a43078c104",
          "title": "Report - Ageny Allocation Gap  - To check the State field drop down value and Gnerate report.",
          "fullFile": "",
          "file": "",
          "beforeHooks": [],
          "afterHooks": [],
          "tests": [
            {
              "title": "Agent Allocation Gap  - TC_ID_378",
              "fullTitle": "Report - Ageny Allocation Gap  - To check the State field drop down value and Gnerate report. Agent Allocation Gap  - TC_ID_378",
              "timedOut": null,
              "duration": 74924,
              "state": "passed",
              "speed": "slow",
              "pass": true,
              "fail": false,
              "pending": false,
              "context": null,
              "code": "(0, _TestDataUtils.getTestData)('loginData', 'login').then(user => {\n  loginPage.login(user.Companyname, user.email, user.password);\n  cy.wait(900);\n  reportpage.ReoprtPaymentTestPage_378();\n});",
              "err": {},
              "uuid": "255b8cfb-2f99-4149-a739-ce5127bcbb23",
              "parentUUID": "f4f9b682-25b2-43d3-9732-15a43078c104",
              "isHook": false,
              "skipped": false
            }
          ],
          "suites": [],
          "passes": [
            "255b8cfb-2f99-4149-a739-ce5127bcbb23"
          ],
          "failures": [],
          "pending": [],
          "skipped": [],
          "duration": 74924,
          "root": false,
          "rootEmpty": false,
          "_timeout": 2000
        }
      ],
      "passes": [],
      "failures": [],
      "pending": [],
      "skipped": [],
      "duration": 0,
      "root": true,
      "rootEmpty": true,
      "_timeout": 2000
    }
  ],
  "meta": {
    "mocha": {
      "version": "7.2.0"
    },
    "mochawesome": {
      "options": {
        "quiet": false,
        "reportFilename": "mochawesome",
        "saveHtml": false,
        "saveJson": true,
        "consoleReporter": "spec",
        "useInlineDiffs": false,
        "code": true
      },
      "version": "7.1.3"
    },
    "marge": {
      "options": {
        "overwrite": false,
        "html": false,
        "json": true,
        "reportDir": "cypress\\reports\\html\\.jsons"
      },
      "version": "6.2.0"
    }
  }
}