{
  "stats": {
    "suites": 1,
    "tests": 1,
    "passes": 1,
    "pending": 0,
    "failures": 0,
    "start": "2026-06-16T18:26:18.775Z",
    "end": "2026-06-16T18:27:30.855Z",
    "duration": 72080,
    "testsRegistered": 1,
    "passPercent": 100,
    "pendingPercent": 0,
    "other": 0,
    "hasOther": false,
    "skipped": 0,
    "hasSkipped": false
  },
  "results": [
    {
      "uuid": "76835b66-4ae5-4a31-99ff-5b096f943a54",
      "title": "",
      "fullFile": "cypress\\e2e\\tests\\ReoprtPaymentTestPage_374.cy.js",
      "file": "cypress\\e2e\\tests\\ReoprtPaymentTestPage_374.cy.js",
      "beforeHooks": [],
      "afterHooks": [],
      "tests": [],
      "suites": [
        {
          "uuid": "df2bd56c-5235-4ee2-bdba-24566293da97",
          "title": "Report - Ageny Allocation Gap  - To check the Product field drop down value and generate report",
          "fullFile": "",
          "file": "",
          "beforeHooks": [],
          "afterHooks": [],
          "tests": [
            {
              "title": "Agent Allocation Gap  - TC_ID_374",
              "fullTitle": "Report - Ageny Allocation Gap  - To check the Product field drop down value and generate report Agent Allocation Gap  - TC_ID_374",
              "timedOut": null,
              "duration": 64078,
              "state": "passed",
              "speed": "slow",
              "pass": true,
              "fail": false,
              "pending": false,
              "context": null,
              "code": "(0, _TestDataUtils.getTestData)('loginData', 'login').then(user => {\n  loginPage.login(user.Companyname, user.email, user.password);\n  cy.wait(900);\n  reportpage.ReoprtPaymentTestPage_374();\n});",
              "err": {},
              "uuid": "a6aa16e9-e2f7-4225-9750-ce2b7e433b6a",
              "parentUUID": "df2bd56c-5235-4ee2-bdba-24566293da97",
              "isHook": false,
              "skipped": false
            }
          ],
          "suites": [],
          "passes": [
            "a6aa16e9-e2f7-4225-9750-ce2b7e433b6a"
          ],
          "failures": [],
          "pending": [],
          "skipped": [],
          "duration": 64078,
          "root": false,
          "rootEmpty": false,
          "_timeout": 2000
        }
      ],
      "passes": [],
      "failures": [],
      "pending": [],
      "skipped": [],
      "duration": 0,
      "root": true,
      "rootEmpty": true,
      "_timeout": 2000
    }
  ],
  "meta": {
    "mocha": {
      "version": "7.2.0"
    },
    "mochawesome": {
      "options": {
        "quiet": false,
        "reportFilename": "mochawesome",
        "saveHtml": false,
        "saveJson": true,
        "consoleReporter": "spec",
        "useInlineDiffs": false,
        "code": true
      },
      "version": "7.1.3"
    },
    "marge": {
      "options": {
        "overwrite": false,
        "html": false,
        "json": true,
        "reportDir": "cypress\\reports\\html\\.jsons"
      },
      "version": "6.2.0"
    }
  }
}