{
  "stats": {
    "suites": 1,
    "tests": 1,
    "passes": 0,
    "pending": 0,
    "failures": 1,
    "start": "2026-06-16T16:02:34.277Z",
    "end": "2026-06-16T16:03:06.689Z",
    "duration": 32412,
    "testsRegistered": 1,
    "passPercent": 0,
    "pendingPercent": 0,
    "other": 0,
    "hasOther": false,
    "skipped": 0,
    "hasSkipped": false
  },
  "results": [
    {
      "uuid": "579ce43a-4d75-4f58-9c35-bff659ca85e0",
      "title": "",
      "fullFile": "cypress\\e2e\\tests\\PaymentTestPage_07.cy.js",
      "file": "cypress\\e2e\\tests\\PaymentTestPage_07.cy.js",
      "beforeHooks": [],
      "afterHooks": [],
      "tests": [],
      "suites": [
        {
          "uuid": "4d255d52-651a-4eb4-a6e0-221fb8c0d69c",
          "title": "Payment -Receive Money From Collector - Data within the specified range (2025-02-10 to 2025-02-20) should be displayed.",
          "fullFile": "",
          "file": "",
          "beforeHooks": [],
          "afterHooks": [],
          "tests": [
            {
              "title": "Payment - Receive Money From Collector - TC_ID_07",
              "fullTitle": "Payment -Receive Money From Collector - Data within the specified range (2025-02-10 to 2025-02-20) should be displayed. Payment - Receive Money From Collector - TC_ID_07",
              "timedOut": null,
              "duration": 27308,
              "state": "failed",
              "speed": null,
              "pass": false,
              "fail": true,
              "pending": false,
              "context": null,
              "code": "(0, _testDataUtils.getTestData)('loginData', 'login').then(user => {\n  loginPage.login(user.Companyname, user.email, user.password);\n  cy.wait(2000);\n  paymentpage.PaymentTestPage_07();\n});",
              "err": {
                "message": "AssertionError: Timed out retrying after 4000ms: Expected to find content: 'Receive Money From Collector' but never did.",
                "estack": "AssertionError: Timed out retrying after 4000ms: Expected to find content: 'Receive Money From Collector' but never did.\n    at PaymentPage.PaymentTestPage_07 (webpack://encollect_web/./cypress/e2e/pages/PaymentPage.js:165:6)\n    at Context.eval (webpack://encollect_web/./cypress/e2e/tests/PaymentTestPage_07.cy.js:27:28)\n    at getRet (https://scbdemo.sumeruentiger.com/__cypress/runner/cypress_runner.js:121066:20)\n    at tryCatcher (https://scbdemo.sumeruentiger.com/__cypress/runner/cypress_runner.js:1777:23)\n    at Promise.attempt.Promise.try (https://scbdemo.sumeruentiger.com/__cypress/runner/cypress_runner.js:4285:29)\n    at Context.thenFn (https://scbdemo.sumeruentiger.com/__cypress/runner/cypress_runner.js:121077:66)\n    at Context.then (https://scbdemo.sumeruentiger.com/__cypress/runner/cypress_runner.js:121328:21)\n    at wrapped (https://scbdemo.sumeruentiger.com/__cypress/runner/cypress_runner.js:141671:19)",
                "diff": null
              },
              "uuid": "f53db2c0-9f87-46bf-85b5-571a59f0d5d8",
              "parentUUID": "4d255d52-651a-4eb4-a6e0-221fb8c0d69c",
              "isHook": false,
              "skipped": false
            }
          ],
          "suites": [],
          "passes": [],
          "failures": [
            "f53db2c0-9f87-46bf-85b5-571a59f0d5d8"
          ],
          "pending": [],
          "skipped": [],
          "duration": 27308,
          "root": false,
          "rootEmpty": false,
          "_timeout": 2000
        }
      ],
      "passes": [],
      "failures": [],
      "pending": [],
      "skipped": [],
      "duration": 0,
      "root": true,
      "rootEmpty": true,
      "_timeout": 2000
    }
  ],
  "meta": {
    "mocha": {
      "version": "7.2.0"
    },
    "mochawesome": {
      "options": {
        "quiet": false,
        "reportFilename": "mochawesome",
        "saveHtml": false,
        "saveJson": true,
        "consoleReporter": "spec",
        "useInlineDiffs": false,
        "code": true
      },
      "version": "7.1.3"
    },
    "marge": {
      "options": {
        "overwrite": false,
        "html": false,
        "json": true,
        "reportDir": "cypress\\reports\\html\\.jsons"
      },
      "version": "6.2.0"
    }
  }
}