{
  "stats": {
    "suites": 1,
    "tests": 1,
    "passes": 1,
    "pending": 0,
    "failures": 0,
    "start": "2026-06-16T16:42:26.217Z",
    "end": "2026-06-16T16:43:09.015Z",
    "duration": 42798,
    "testsRegistered": 1,
    "passPercent": 100,
    "pendingPercent": 0,
    "other": 0,
    "hasOther": false,
    "skipped": 0,
    "hasSkipped": false
  },
  "results": [
    {
      "uuid": "3afbc93b-1639-440b-ac5c-dba382788cb4",
      "title": "",
      "fullFile": "cypress\\e2e\\tests\\PermissionTestPage_38.cy.js",
      "file": "cypress\\e2e\\tests\\PermissionTestPage_38.cy.js",
      "beforeHooks": [],
      "afterHooks": [],
      "tests": [],
      "suites": [
        {
          "uuid": "034d9171-5abc-48f4-887a-2ebd989cf3d5",
          "title": "System Settings - permissions - user click in edit scheme and moves the page and again click on Back btn needs to move the previous page",
          "fullFile": "",
          "file": "",
          "beforeHooks": [],
          "afterHooks": [],
          "tests": [
            {
              "title": "System Settings - permissions - TC_ID_38",
              "fullTitle": "System Settings - permissions - user click in edit scheme and moves the page and again click on Back btn needs to move the previous page System Settings - permissions - TC_ID_38",
              "timedOut": null,
              "duration": 33164,
              "state": "passed",
              "speed": "slow",
              "pass": true,
              "fail": false,
              "pending": false,
              "context": null,
              "code": "(0, _TestDataUtils.getTestData)('loginData', 'login').then(user => {\n  loginPage.login(user.Companyname, user.email, user.password);\n  cy.wait(900);\n  permissionpage.PermissionTestPage_38();\n});",
              "err": {},
              "uuid": "9c0b57fe-0be6-4f76-a642-6e70aeff2e37",
              "parentUUID": "034d9171-5abc-48f4-887a-2ebd989cf3d5",
              "isHook": false,
              "skipped": false
            }
          ],
          "suites": [],
          "passes": [
            "9c0b57fe-0be6-4f76-a642-6e70aeff2e37"
          ],
          "failures": [],
          "pending": [],
          "skipped": [],
          "duration": 33164,
          "root": false,
          "rootEmpty": false,
          "_timeout": 2000
        }
      ],
      "passes": [],
      "failures": [],
      "pending": [],
      "skipped": [],
      "duration": 0,
      "root": true,
      "rootEmpty": true,
      "_timeout": 2000
    }
  ],
  "meta": {
    "mocha": {
      "version": "7.2.0"
    },
    "mochawesome": {
      "options": {
        "quiet": false,
        "reportFilename": "mochawesome",
        "saveHtml": false,
        "saveJson": true,
        "consoleReporter": "spec",
        "useInlineDiffs": false,
        "code": true
      },
      "version": "7.1.3"
    },
    "marge": {
      "options": {
        "overwrite": false,
        "html": false,
        "json": true,
        "reportDir": "cypress\\reports\\html\\.jsons"
      },
      "version": "6.2.0"
    }
  }
}