{
  "stats": {
    "suites": 1,
    "tests": 1,
    "passes": 0,
    "pending": 0,
    "failures": 1,
    "start": "2026-09-09T22:11:03.133Z",
    "end": "2026-09-09T22:11:17.832Z",
    "duration": 14699,
    "testsRegistered": 1,
    "passPercent": 0,
    "pendingPercent": 0,
    "other": 0,
    "hasOther": false,
    "skipped": 0,
    "hasSkipped": false
  },
  "results": [
    {
      "uuid": "d8b65967-5af9-478f-9927-0928a6170ef0",
      "title": "",
      "fullFile": "cypress\\e2e\\tests\\SegmentListTestPage_121.cy.js",
      "file": "cypress\\e2e\\tests\\SegmentListTestPage_121.cy.js",
      "beforeHooks": [],
      "afterHooks": [],
      "tests": [],
      "suites": [
        {
          "uuid": "8864744e-3700-4185-ac92-d48d90b1a1d4",
          "title": "TC-121 Verify refresh updates Active Run Accounts",
          "fullFile": "",
          "file": "",
          "beforeHooks": [],
          "afterHooks": [],
          "tests": [
            {
              "title": "Verify refresh updates Active Run Accounts",
              "fullTitle": "TC-121 Verify refresh updates Active Run Accounts Verify refresh updates Active Run Accounts",
              "timedOut": null,
              "duration": 9426,
              "state": "failed",
              "speed": null,
              "pass": false,
              "fail": true,
              "pending": false,
              "context": "{\n  \"title\": \"cypress-mochawesome-reporter-screenshots\",\n  \"value\": [\n    [\n      \"\\\\SegmentListTestPage_121.cy.js\\\\TC-121 Verify refresh updates Active Run Accounts -- Verify refresh updates Active Run Accounts (failed).png\"\n    ]\n  ]\n}",
              "code": "(0, _TestDataUtils.getTestData)(\"loginData\", \"login1\").then(user => {\n  loginPage.login(user.Companyname, user.email, user.password);\n  cy.wait(1000);\n  collectionPage.SegmentListTestPage_121();\n});",
              "err": {
                "message": "AssertionError: Timed out retrying after 4000ms: Expected to find element: `.ng-option-label`, but never found it.",
                "estack": "AssertionError: Timed out retrying after 4000ms: Expected to find element: `.ng-option-label`, but never found it.\n    at LoginPage.Clikcompanyname (webpack:///./cypress/e2e/pages/LoginPage.js:52:5)\n    at LoginPage.login (webpack:///./cypress/e2e/pages/LoginPage.js:95:11)\n    at Context.eval (webpack:///./cypress/e2e/tests/SegmentListTestPage_121.cy.js:22:16)\n    at getRet (https://entqa.sumeruentiger.com/__cypress/runner/cypress_runner.js:121066:20)\n    at tryCatcher (https://entqa.sumeruentiger.com/__cypress/runner/cypress_runner.js:1777:23)\n    at Promise.attempt.Promise.try (https://entqa.sumeruentiger.com/__cypress/runner/cypress_runner.js:4285:29)\n    at Context.thenFn (https://entqa.sumeruentiger.com/__cypress/runner/cypress_runner.js:121077:66)\n    at Context.then (https://entqa.sumeruentiger.com/__cypress/runner/cypress_runner.js:121328:21)\n    at wrapped (https://entqa.sumeruentiger.com/__cypress/runner/cypress_runner.js:141671:19)",
                "diff": null
              },
              "uuid": "d9143aca-9987-4059-afc7-4bec2c41abd8",
              "parentUUID": "8864744e-3700-4185-ac92-d48d90b1a1d4",
              "isHook": false,
              "skipped": false
            }
          ],
          "suites": [],
          "passes": [],
          "failures": [
            "d9143aca-9987-4059-afc7-4bec2c41abd8"
          ],
          "pending": [],
          "skipped": [],
          "duration": 9426,
          "root": false,
          "rootEmpty": false,
          "_timeout": 2000
        }
      ],
      "passes": [],
      "failures": [],
      "pending": [],
      "skipped": [],
      "duration": 0,
      "root": true,
      "rootEmpty": true,
      "_timeout": 2000
    }
  ],
  "meta": {
    "mocha": {
      "version": "7.2.0"
    },
    "mochawesome": {
      "options": {
        "quiet": false,
        "reportFilename": "mochawesome",
        "saveHtml": false,
        "saveJson": true,
        "consoleReporter": "spec",
        "useInlineDiffs": false,
        "code": true
      },
      "version": "7.1.3"
    },
    "marge": {
      "options": {
        "overwrite": false,
        "html": false,
        "json": true,
        "reportDir": "cypress\\reports\\html\\.jsons"
      },
      "version": "6.2.0"
    }
  }
}