{
  "stats": {
    "suites": 1,
    "tests": 1,
    "passes": 0,
    "pending": 0,
    "failures": 1,
    "start": "2026-09-09T20:18:46.580Z",
    "end": "2026-09-09T20:18:47.615Z",
    "duration": 1035,
    "testsRegistered": 1,
    "passPercent": 0,
    "pendingPercent": 0,
    "other": 0,
    "hasOther": false,
    "skipped": 0,
    "hasSkipped": false
  },
  "results": [
    {
      "uuid": "c69f73dd-5611-49d2-8d1a-3d9395c0bfc9",
      "title": "",
      "fullFile": "cypress\\e2e\\tests\\DigitalCampaignRunsTestPage_477.cy.js",
      "file": "cypress\\e2e\\tests\\DigitalCampaignRunsTestPage_477.cy.js",
      "beforeHooks": [],
      "afterHooks": [],
      "tests": [],
      "suites": [
        {
          "uuid": "973ab0ac-7508-488a-9916-c1a5ecb3b30c",
          "title": "TC-477 Verify audit/log entry creation",
          "fullFile": "",
          "file": "",
          "beforeHooks": [],
          "afterHooks": [],
          "tests": [
            {
              "title": "Verify audit/log entry creation",
              "fullTitle": "TC-477 Verify audit/log entry creation Verify audit/log entry creation",
              "timedOut": null,
              "duration": 793,
              "state": "failed",
              "speed": null,
              "pass": false,
              "fail": true,
              "pending": false,
              "context": "{\n  \"title\": \"cypress-mochawesome-reporter-screenshots\",\n  \"value\": [\n    [\n      \"\\\\DigitalCampaignRunsTestPage_477.cy.js\\\\TC-477 Verify auditlog entry creation -- Verify auditlog entry creation (failed).png\"\n    ]\n  ]\n}",
              "code": "(0, _TestDataUtils.getTestData)(\"loginData\", \"login1\").then(user => {\n  loginPage.login(user.Companyname, user.email, user.password);\n  cy.wait(2000);\n  collectionPage.DigitalCampaignTestPage_477();\n});",
              "err": {
                "message": "TypeError: collectionPage.DigitalCampaignTestPage_477 is not a function",
                "estack": "TypeError: collectionPage.DigitalCampaignTestPage_477 is not a function\n    at Context.eval (webpack:///./cypress/e2e/tests/DigitalCampaignRunsTestPage_477.cy.js:30:27)\n    at getRet (http://localhost:55907/__cypress/runner/cypress_runner.js:121066:20)\n    at tryCatcher (http://localhost:55907/__cypress/runner/cypress_runner.js:1777:23)\n    at Promise.attempt.Promise.try (http://localhost:55907/__cypress/runner/cypress_runner.js:4285:29)\n    at Context.thenFn (http://localhost:55907/__cypress/runner/cypress_runner.js:121077:66)\n    at Context.then (http://localhost:55907/__cypress/runner/cypress_runner.js:121328:21)\n    at wrapped (http://localhost:55907/__cypress/runner/cypress_runner.js:141671:19)\n    at <unknown> (http://localhost:55907/__cypress/runner/cypress_runner.js:147616:15)\n    at tryCatcher (http://localhost:55907/__cypress/runner/cypress_runner.js:1777:23)",
                "diff": null
              },
              "uuid": "2aef751b-bf0c-49b3-be0b-d8a3c2c50f63",
              "parentUUID": "973ab0ac-7508-488a-9916-c1a5ecb3b30c",
              "isHook": false,
              "skipped": false
            }
          ],
          "suites": [],
          "passes": [],
          "failures": [
            "2aef751b-bf0c-49b3-be0b-d8a3c2c50f63"
          ],
          "pending": [],
          "skipped": [],
          "duration": 793,
          "root": false,
          "rootEmpty": false,
          "_timeout": 2000
        }
      ],
      "passes": [],
      "failures": [],
      "pending": [],
      "skipped": [],
      "duration": 0,
      "root": true,
      "rootEmpty": true,
      "_timeout": 2000
    }
  ],
  "meta": {
    "mocha": {
      "version": "7.2.0"
    },
    "mochawesome": {
      "options": {
        "quiet": false,
        "reportFilename": "mochawesome",
        "saveHtml": false,
        "saveJson": true,
        "consoleReporter": "spec",
        "useInlineDiffs": false,
        "code": true
      },
      "version": "7.1.3"
    },
    "marge": {
      "options": {
        "overwrite": false,
        "html": false,
        "json": true,
        "reportDir": "cypress\\reports\\html\\.jsons"
      },
      "version": "6.2.0"
    }
  }
}