{
  "stats": {
    "suites": 1,
    "tests": 1,
    "passes": 1,
    "pending": 0,
    "failures": 0,
    "start": "2026-09-09T19:12:24.679Z",
    "end": "2026-09-09T19:14:05.034Z",
    "duration": 100355,
    "testsRegistered": 1,
    "passPercent": 100,
    "pendingPercent": 0,
    "other": 0,
    "hasOther": false,
    "skipped": 0,
    "hasSkipped": false
  },
  "results": [
    {
      "uuid": "0d6d3660-1156-490e-90b9-b19ba723ab0c",
      "title": "",
      "fullFile": "cypress\\e2e\\tests\\DigitalCampaignRunsTestPage_415.cy.js",
      "file": "cypress\\e2e\\tests\\DigitalCampaignRunsTestPage_415.cy.js",
      "beforeHooks": [],
      "afterHooks": [],
      "tests": [],
      "suites": [
        {
          "uuid": "59676a26-92d5-4271-8786-cdb9b287b8ad",
          "title": "TC-415 Verify Total Runs summary tile",
          "fullFile": "",
          "file": "",
          "beforeHooks": [],
          "afterHooks": [],
          "tests": [
            {
              "title": "Verify Total Runs summary tile",
              "fullTitle": "TC-415 Verify Total Runs summary tile Verify Total Runs summary tile",
              "timedOut": null,
              "duration": 53554,
              "state": "passed",
              "speed": "slow",
              "pass": true,
              "fail": false,
              "pending": false,
              "context": null,
              "code": "(0, _TestDataUtils.getTestData)(\"loginData\", \"login1\").then(user => {\n  loginPage.login(user.Companyname, user.email, user.password);\n  cy.wait(2000);\n  collectionPage.DigitalCampaignRunsTestPage_415();\n});",
              "err": {},
              "uuid": "86722620-0053-46d8-b6ae-f594a90949b2",
              "parentUUID": "59676a26-92d5-4271-8786-cdb9b287b8ad",
              "isHook": false,
              "skipped": false
            }
          ],
          "suites": [],
          "passes": [
            "86722620-0053-46d8-b6ae-f594a90949b2"
          ],
          "failures": [],
          "pending": [],
          "skipped": [],
          "duration": 53554,
          "root": false,
          "rootEmpty": false,
          "_timeout": 2000
        }
      ],
      "passes": [],
      "failures": [],
      "pending": [],
      "skipped": [],
      "duration": 0,
      "root": true,
      "rootEmpty": true,
      "_timeout": 2000
    }
  ],
  "meta": {
    "mocha": {
      "version": "7.2.0"
    },
    "mochawesome": {
      "options": {
        "quiet": false,
        "reportFilename": "mochawesome",
        "saveHtml": false,
        "saveJson": true,
        "consoleReporter": "spec",
        "useInlineDiffs": false,
        "code": true
      },
      "version": "7.1.3"
    },
    "marge": {
      "options": {
        "overwrite": false,
        "html": false,
        "json": true,
        "reportDir": "cypress\\reports\\html\\.jsons"
      },
      "version": "6.2.0"
    }
  }
}