{
  "stats": {
    "suites": 1,
    "tests": 1,
    "passes": 1,
    "pending": 0,
    "failures": 0,
    "start": "2026-03-31T13:25:53.723Z",
    "end": "2026-03-31T13:27:22.095Z",
    "duration": 88372,
    "testsRegistered": 1,
    "passPercent": 100,
    "pendingPercent": 0,
    "other": 0,
    "hasOther": false,
    "skipped": 0,
    "hasSkipped": false
  },
  "results": [
    {
      "uuid": "a91dd8bd-3183-4a6e-9f5b-9c69cb6ff8af",
      "title": "",
      "fullFile": "cypress\\e2e\\tests\\AllocationPage_0112.cy.js",
      "file": "cypress\\e2e\\tests\\AllocationPage_0112.cy.js",
      "beforeHooks": [],
      "afterHooks": [],
      "tests": [],
      "suites": [
        {
          "uuid": "efc6d762-b3ed-4a32-b3e9-3eed68bff914",
          "title": "TC_0112 | Agent Bulk Allocation | Account Level | Credit Card | Staff to Staff",
          "fullFile": "",
          "file": "",
          "beforeHooks": [],
          "afterHooks": [],
          "tests": [
            {
              "title": "Should enable Upload button after selecting valid file for Staff to Staff allocation",
              "fullTitle": "TC_0112 | Agent Bulk Allocation | Account Level | Credit Card | Staff to Staff Should enable Upload button after selecting valid file for Staff to Staff allocation",
              "timedOut": null,
              "duration": 71528,
              "state": "passed",
              "speed": "slow",
              "pass": true,
              "fail": false,
              "pending": false,
              "context": null,
              "code": "(0, _TestDataUtils.getTestData)('loginData', 'login2').then(user => {\n  loginPage.login(user.Companyname, user.email, user.password);\n  allocationPage.Agent_Bulk_allocation_account_level_loan_credit_card_staff_staff_0112();\n});",
              "err": {},
              "uuid": "7273c7f5-0584-45ba-9813-644ac7e46cb5",
              "parentUUID": "efc6d762-b3ed-4a32-b3e9-3eed68bff914",
              "isHook": false,
              "skipped": false
            }
          ],
          "suites": [],
          "passes": [
            "7273c7f5-0584-45ba-9813-644ac7e46cb5"
          ],
          "failures": [],
          "pending": [],
          "skipped": [],
          "duration": 71528,
          "root": false,
          "rootEmpty": false,
          "_timeout": 2000
        }
      ],
      "passes": [],
      "failures": [],
      "pending": [],
      "skipped": [],
      "duration": 0,
      "root": true,
      "rootEmpty": true,
      "_timeout": 2000
    }
  ],
  "meta": {
    "mocha": {
      "version": "7.2.0"
    },
    "mochawesome": {
      "options": {
        "quiet": false,
        "reportFilename": "mochawesome",
        "saveHtml": false,
        "saveJson": true,
        "consoleReporter": "spec",
        "useInlineDiffs": false,
        "code": true
      },
      "version": "7.1.3"
    },
    "marge": {
      "options": {
        "overwrite": false,
        "html": false,
        "json": true,
        "reportDir": "cypress\\reports\\html\\.jsons"
      },
      "version": "6.2.0"
    }
  }
}