{
  "stats": {
    "suites": 1,
    "tests": 1,
    "passes": 1,
    "pending": 0,
    "failures": 0,
    "start": "2026-03-31T14:04:00.754Z",
    "end": "2026-03-31T14:05:11.370Z",
    "duration": 70616,
    "testsRegistered": 1,
    "passPercent": 100,
    "pendingPercent": 0,
    "other": 0,
    "hasOther": false,
    "skipped": 0,
    "hasSkipped": false
  },
  "results": [
    {
      "uuid": "af0f0290-1d57-43fe-b78e-b311e8aa9cc3",
      "title": "",
      "fullFile": "cypress\\e2e\\tests\\AllocationPage_0140.cy.js",
      "file": "cypress\\e2e\\tests\\AllocationPage_0140.cy.js",
      "beforeHooks": [],
      "afterHooks": [],
      "tests": [],
      "suites": [
        {
          "uuid": "531d5c6b-b1e0-419d-a5ea-1d91da2a122a",
          "title": "TC-0140 | Agent Bulk Allocation - Account Level | Credit Card | Agent → Telecaller | File Size Validation",
          "fullFile": "",
          "file": "",
          "beforeHooks": [],
          "afterHooks": [],
          "tests": [
            {
              "title": "Should show error when uploaded file size exceeds the limit",
              "fullTitle": "TC-0140 | Agent Bulk Allocation - Account Level | Credit Card | Agent → Telecaller | File Size Validation Should show error when uploaded file size exceeds the limit",
              "timedOut": null,
              "duration": 66351,
              "state": "passed",
              "speed": "slow",
              "pass": true,
              "fail": false,
              "pending": false,
              "context": null,
              "code": "(0, _TestDataUtils.getTestData)('loginData', 'login2').then(user => {\n  loginPage.login(user.Companyname, user.email, user.password);\n  cy.wait(1000);\n  allocationPage.Agent_Bulk_allocation_account_level_credit_card_agent_telecaller_0140();\n});",
              "err": {},
              "uuid": "30a09aaf-2f46-4c20-acdb-332749fed75a",
              "parentUUID": "531d5c6b-b1e0-419d-a5ea-1d91da2a122a",
              "isHook": false,
              "skipped": false
            }
          ],
          "suites": [],
          "passes": [
            "30a09aaf-2f46-4c20-acdb-332749fed75a"
          ],
          "failures": [],
          "pending": [],
          "skipped": [],
          "duration": 66351,
          "root": false,
          "rootEmpty": false,
          "_timeout": 2000
        }
      ],
      "passes": [],
      "failures": [],
      "pending": [],
      "skipped": [],
      "duration": 0,
      "root": true,
      "rootEmpty": true,
      "_timeout": 2000
    }
  ],
  "meta": {
    "mocha": {
      "version": "7.2.0"
    },
    "mochawesome": {
      "options": {
        "quiet": false,
        "reportFilename": "mochawesome",
        "saveHtml": false,
        "saveJson": true,
        "consoleReporter": "spec",
        "useInlineDiffs": false,
        "code": true
      },
      "version": "7.1.3"
    },
    "marge": {
      "options": {
        "overwrite": false,
        "html": false,
        "json": true,
        "reportDir": "cypress\\reports\\html\\.jsons"
      },
      "version": "6.2.0"
    }
  }
}