{
  "stats": {
    "suites": 1,
    "tests": 1,
    "passes": 1,
    "pending": 0,
    "failures": 0,
    "start": "2026-03-18T03:46:45.937Z",
    "end": "2026-03-18T03:47:26.044Z",
    "duration": 40107,
    "testsRegistered": 1,
    "passPercent": 100,
    "pendingPercent": 0,
    "other": 0,
    "hasOther": false,
    "skipped": 0,
    "hasSkipped": false
  },
  "results": [
    {
      "uuid": "3652668b-5073-414d-8e46-983b13e45261",
      "title": "",
      "fullFile": "cypress\\e2e\\tests\\AllocationPage_0133.cy.js",
      "file": "cypress\\e2e\\tests\\AllocationPage_0133.cy.js",
      "beforeHooks": [],
      "afterHooks": [],
      "tests": [],
      "suites": [
        {
          "uuid": "9db9887b-6a03-4ca5-9867-f8efaf866ec7",
          "title": "TC-0133 | Agent Bulk Allocation - Account Level | Credit Card | Agent → Agent | Invalid File Format",
          "fullFile": "",
          "file": "",
          "beforeHooks": [],
          "afterHooks": [],
          "tests": [
            {
              "title": "Should show error when uploading a non-xlsx file",
              "fullTitle": "TC-0133 | Agent Bulk Allocation - Account Level | Credit Card | Agent → Agent | Invalid File Format Should show error when uploading a non-xlsx file",
              "timedOut": null,
              "duration": 35379,
              "state": "passed",
              "speed": "slow",
              "pass": true,
              "fail": false,
              "pending": false,
              "context": null,
              "code": "(0, _TestDataUtils.getTestData)('loginData', 'login2').then(user => {\n  loginPage.login(user.Companyname, user.email, user.password);\n  cy.wait(1000);\n  allocationPage.Agent_Bulk_allocation_account_level_credit_card_agent_agent_0133();\n});",
              "err": {},
              "uuid": "b5d402ad-628e-4c4c-b3db-6615a8331e99",
              "parentUUID": "9db9887b-6a03-4ca5-9867-f8efaf866ec7",
              "isHook": false,
              "skipped": false
            }
          ],
          "suites": [],
          "passes": [
            "b5d402ad-628e-4c4c-b3db-6615a8331e99"
          ],
          "failures": [],
          "pending": [],
          "skipped": [],
          "duration": 35379,
          "root": false,
          "rootEmpty": false,
          "_timeout": 2000
        }
      ],
      "passes": [],
      "failures": [],
      "pending": [],
      "skipped": [],
      "duration": 0,
      "root": true,
      "rootEmpty": true,
      "_timeout": 2000
    }
  ],
  "meta": {
    "mocha": {
      "version": "7.2.0"
    },
    "mochawesome": {
      "options": {
        "quiet": false,
        "reportFilename": "mochawesome",
        "saveHtml": false,
        "saveJson": true,
        "consoleReporter": "spec",
        "useInlineDiffs": false,
        "code": true
      },
      "version": "7.1.3"
    },
    "marge": {
      "options": {
        "overwrite": false,
        "html": false,
        "json": true,
        "reportDir": "cypress\\reports\\html\\.jsons"
      },
      "version": "6.2.0"
    }
  }
}