{
  "stats": {
    "suites": 1,
    "tests": 1,
    "passes": 1,
    "pending": 0,
    "failures": 0,
    "start": "2026-03-31T15:08:32.490Z",
    "end": "2026-03-31T15:09:30.541Z",
    "duration": 58051,
    "testsRegistered": 1,
    "passPercent": 100,
    "pendingPercent": 0,
    "other": 0,
    "hasOther": false,
    "skipped": 0,
    "hasSkipped": false
  },
  "results": [
    {
      "uuid": "258d5fd6-6360-4dfb-9d85-2df40ed8a5de",
      "title": "",
      "fullFile": "cypress\\e2e\\tests\\AllocationPage_0193.cy.js",
      "file": "cypress\\e2e\\tests\\AllocationPage_0193.cy.js",
      "beforeHooks": [],
      "afterHooks": [],
      "tests": [],
      "suites": [
        {
          "uuid": "6acec8be-8034-4803-8e5d-582fe9f1c7df",
          "title": "Agent Bulk Allocation | Customer Level | Loan | Telecaller | Telecaller | 0193",
          "fullFile": "",
          "file": "",
          "beforeHooks": [],
          "afterHooks": [],
          "tests": [
            {
              "title": "0193 | Valid xlsx | Upload button enable validation",
              "fullTitle": "Agent Bulk Allocation | Customer Level | Loan | Telecaller | Telecaller | 0193 0193 | Valid xlsx | Upload button enable validation",
              "timedOut": null,
              "duration": 53720,
              "state": "passed",
              "speed": "slow",
              "pass": true,
              "fail": false,
              "pending": false,
              "context": null,
              "code": "(0, _TestDataUtils.getTestData)('loginData', 'login2').then(user => {\n  loginPage.login(user.Companyname, user.email, user.password);\n  allocationPage.Agent_Bulk_allocation_customer_Level_loan_account_telecaller_telecaller_0193();\n});",
              "err": {},
              "uuid": "404d0b8f-541e-4e25-99fc-ec73ac8d1c66",
              "parentUUID": "6acec8be-8034-4803-8e5d-582fe9f1c7df",
              "isHook": false,
              "skipped": false
            }
          ],
          "suites": [],
          "passes": [
            "404d0b8f-541e-4e25-99fc-ec73ac8d1c66"
          ],
          "failures": [],
          "pending": [],
          "skipped": [],
          "duration": 53720,
          "root": false,
          "rootEmpty": false,
          "_timeout": 2000
        }
      ],
      "passes": [],
      "failures": [],
      "pending": [],
      "skipped": [],
      "duration": 0,
      "root": true,
      "rootEmpty": true,
      "_timeout": 2000
    }
  ],
  "meta": {
    "mocha": {
      "version": "7.2.0"
    },
    "mochawesome": {
      "options": {
        "quiet": false,
        "reportFilename": "mochawesome",
        "saveHtml": false,
        "saveJson": true,
        "consoleReporter": "spec",
        "useInlineDiffs": false,
        "code": true
      },
      "version": "7.1.3"
    },
    "marge": {
      "options": {
        "overwrite": false,
        "html": false,
        "json": true,
        "reportDir": "cypress\\reports\\html\\.jsons"
      },
      "version": "6.2.0"
    }
  }
}