{
  "stats": {
    "suites": 1,
    "tests": 1,
    "passes": 1,
    "pending": 0,
    "failures": 0,
    "start": "2026-03-18T03:34:29.733Z",
    "end": "2026-03-18T03:35:12.801Z",
    "duration": 43068,
    "testsRegistered": 1,
    "passPercent": 100,
    "pendingPercent": 0,
    "other": 0,
    "hasOther": false,
    "skipped": 0,
    "hasSkipped": false
  },
  "results": [
    {
      "uuid": "89d0a8ed-24c0-4ca7-9ca9-e27b0842dc63",
      "title": "",
      "fullFile": "cypress\\e2e\\tests\\AllocationPage_0119.cy.js",
      "file": "cypress\\e2e\\tests\\AllocationPage_0119.cy.js",
      "beforeHooks": [],
      "afterHooks": [],
      "tests": [],
      "suites": [
        {
          "uuid": "3ae23100-973d-4192-813e-75cac640bc41",
          "title": "TC_0119 | Credit Card | Staff to Agent | Special character filename",
          "fullFile": "",
          "file": "",
          "beforeHooks": [],
          "afterHooks": [],
          "tests": [
            {
              "title": "Should show validation error for special character filename",
              "fullTitle": "TC_0119 | Credit Card | Staff to Agent | Special character filename Should show validation error for special character filename",
              "timedOut": null,
              "duration": 37560,
              "state": "passed",
              "speed": "slow",
              "pass": true,
              "fail": false,
              "pending": false,
              "context": null,
              "code": "(0, _TestDataUtils.getTestData)('loginData', 'login2').then(user => {\n  loginPage.login(user.Companyname, user.email, user.password);\n  allocationPage.Agent_Bulk_allocation_account_level_credit_card_staff_agent_0119();\n});",
              "err": {},
              "uuid": "256d0ba5-38a6-4a40-84e5-225d94d31ec5",
              "parentUUID": "3ae23100-973d-4192-813e-75cac640bc41",
              "isHook": false,
              "skipped": false
            }
          ],
          "suites": [],
          "passes": [
            "256d0ba5-38a6-4a40-84e5-225d94d31ec5"
          ],
          "failures": [],
          "pending": [],
          "skipped": [],
          "duration": 37560,
          "root": false,
          "rootEmpty": false,
          "_timeout": 2000
        }
      ],
      "passes": [],
      "failures": [],
      "pending": [],
      "skipped": [],
      "duration": 0,
      "root": true,
      "rootEmpty": true,
      "_timeout": 2000
    }
  ],
  "meta": {
    "mocha": {
      "version": "7.2.0"
    },
    "mochawesome": {
      "options": {
        "quiet": false,
        "reportFilename": "mochawesome",
        "saveHtml": false,
        "saveJson": true,
        "consoleReporter": "spec",
        "useInlineDiffs": false,
        "code": true
      },
      "version": "7.1.3"
    },
    "marge": {
      "options": {
        "overwrite": false,
        "html": false,
        "json": true,
        "reportDir": "cypress\\reports\\html\\.jsons"
      },
      "version": "6.2.0"
    }
  }
}