{
  "stats": {
    "suites": 1,
    "tests": 1,
    "passes": 0,
    "pending": 0,
    "failures": 1,
    "start": "2026-03-18T03:58:51.356Z",
    "end": "2026-03-18T03:59:40.248Z",
    "duration": 48892,
    "testsRegistered": 1,
    "passPercent": 0,
    "pendingPercent": 0,
    "other": 0,
    "hasOther": false,
    "skipped": 0,
    "hasSkipped": false
  },
  "results": [
    {
      "uuid": "05f4a3a9-de15-4f0b-a729-42e44413bf75",
      "title": "",
      "fullFile": "cypress\\e2e\\tests\\AllocationPage_0146.cy.js",
      "file": "cypress\\e2e\\tests\\AllocationPage_0146.cy.js",
      "beforeHooks": [],
      "afterHooks": [],
      "tests": [],
      "suites": [
        {
          "uuid": "8c4a5298-cdcc-45ee-9fca-5441fe2b4bac",
          "title": "Agent Bulk Allocation | Account Level | Credit Card | Telecaller | 0146",
          "fullFile": "",
          "file": "",
          "beforeHooks": [],
          "afterHooks": [],
          "tests": [
            {
              "title": "0146 | Empty file upload | Status should be Failed",
              "fullTitle": "Agent Bulk Allocation | Account Level | Credit Card | Telecaller | 0146 0146 | Empty file upload | Status should be Failed",
              "timedOut": null,
              "duration": 44128,
              "state": "failed",
              "speed": null,
              "pass": false,
              "fail": true,
              "pending": false,
              "context": "{\n  \"title\": \"cypress-mochawesome-reporter-screenshots\",\n  \"value\": [\n    [\n      \"\\\\AllocationPage_0146.cy.js\\\\Agent Bulk Allocation  Account Level  Credit Card  Telecaller  0146 -- 0146  Empty file upload  Status should be Failed (failed).png\"\n    ]\n  ]\n}",
              "code": "allocationPage.Agent_Bulk_allocation_account_level_credit_card_telecaller_staff_0146();",
              "err": {
                "message": "AssertionError: Timed out retrying after 4000ms: Expected to find content: 'Invalid File Format' within the element: <td> but never did.",
                "estack": "AssertionError: Timed out retrying after 4000ms: Expected to find content: 'Invalid File Format' within the element: <td> but never did.\n    at AllocationPage.Agent_Bulk_allocation_account_level_credit_card_telecaller_staff_0146 (webpack:///./cypress/e2e/pages/AllocationPage.js:3971:5)\n    at Context.eval (webpack:///./cypress/e2e/tests/AllocationPage_0146.cy.js:27:21)",
                "diff": null
              },
              "uuid": "ccfdf615-569c-4bd0-b6e3-0281a8fa0465",
              "parentUUID": "8c4a5298-cdcc-45ee-9fca-5441fe2b4bac",
              "isHook": false,
              "skipped": false
            }
          ],
          "suites": [],
          "passes": [],
          "failures": [
            "ccfdf615-569c-4bd0-b6e3-0281a8fa0465"
          ],
          "pending": [],
          "skipped": [],
          "duration": 44128,
          "root": false,
          "rootEmpty": false,
          "_timeout": 2000
        }
      ],
      "passes": [],
      "failures": [],
      "pending": [],
      "skipped": [],
      "duration": 0,
      "root": true,
      "rootEmpty": true,
      "_timeout": 2000
    }
  ],
  "meta": {
    "mocha": {
      "version": "7.2.0"
    },
    "mochawesome": {
      "options": {
        "quiet": false,
        "reportFilename": "mochawesome",
        "saveHtml": false,
        "saveJson": true,
        "consoleReporter": "spec",
        "useInlineDiffs": false,
        "code": true
      },
      "version": "7.1.3"
    },
    "marge": {
      "options": {
        "overwrite": false,
        "html": false,
        "json": true,
        "reportDir": "cypress\\reports\\html\\.jsons"
      },
      "version": "6.2.0"
    }
  }
}