{
  "stats": {
    "suites": 1,
    "tests": 1,
    "passes": 1,
    "pending": 0,
    "failures": 0,
    "start": "2026-03-31T15:09:37.952Z",
    "end": "2026-03-31T15:10:33.876Z",
    "duration": 55924,
    "testsRegistered": 1,
    "passPercent": 100,
    "pendingPercent": 0,
    "other": 0,
    "hasOther": false,
    "skipped": 0,
    "hasSkipped": false
  },
  "results": [
    {
      "uuid": "20cf1aad-54fb-40d0-85e0-9ca115bf3e22",
      "title": "",
      "fullFile": "cypress\\e2e\\tests\\AllocationPage_0194.cy.js",
      "file": "cypress\\e2e\\tests\\AllocationPage_0194.cy.js",
      "beforeHooks": [],
      "afterHooks": [],
      "tests": [],
      "suites": [
        {
          "uuid": "54780ad1-7445-464d-bb55-06c81da826d6",
          "title": "Agent Bulk Allocation | Customer Level | Loan | Telecaller | Telecaller | 0194",
          "fullFile": "",
          "file": "",
          "beforeHooks": [],
          "afterHooks": [],
          "tests": [
            {
              "title": "0194 | Invalid file format | Should show error message",
              "fullTitle": "Agent Bulk Allocation | Customer Level | Loan | Telecaller | Telecaller | 0194 0194 | Invalid file format | Should show error message",
              "timedOut": null,
              "duration": 51735,
              "state": "passed",
              "speed": "slow",
              "pass": true,
              "fail": false,
              "pending": false,
              "context": null,
              "code": "(0, _TestDataUtils.getTestData)('loginData', 'login2').then(user => {\n  loginPage.login(user.Companyname, user.email, user.password);\n  allocationPage.Agent_Bulk_allocation_customer_Level_loan_account_telecaller_telecaller_0194();\n});",
              "err": {},
              "uuid": "f84fe80f-8487-4cde-b0f6-d7672d3dce2f",
              "parentUUID": "54780ad1-7445-464d-bb55-06c81da826d6",
              "isHook": false,
              "skipped": false
            }
          ],
          "suites": [],
          "passes": [
            "f84fe80f-8487-4cde-b0f6-d7672d3dce2f"
          ],
          "failures": [],
          "pending": [],
          "skipped": [],
          "duration": 51735,
          "root": false,
          "rootEmpty": false,
          "_timeout": 2000
        }
      ],
      "passes": [],
      "failures": [],
      "pending": [],
      "skipped": [],
      "duration": 0,
      "root": true,
      "rootEmpty": true,
      "_timeout": 2000
    }
  ],
  "meta": {
    "mocha": {
      "version": "7.2.0"
    },
    "mochawesome": {
      "options": {
        "quiet": false,
        "reportFilename": "mochawesome",
        "saveHtml": false,
        "saveJson": true,
        "consoleReporter": "spec",
        "useInlineDiffs": false,
        "code": true
      },
      "version": "7.1.3"
    },
    "marge": {
      "options": {
        "overwrite": false,
        "html": false,
        "json": true,
        "reportDir": "cypress\\reports\\html\\.jsons"
      },
      "version": "6.2.0"
    }
  }
}