{
  "stats": {
    "suites": 1,
    "tests": 1,
    "passes": 0,
    "pending": 0,
    "failures": 1,
    "start": "2026-03-31T13:18:19.202Z",
    "end": "2026-03-31T13:19:26.414Z",
    "duration": 67212,
    "testsRegistered": 1,
    "passPercent": 0,
    "pendingPercent": 0,
    "other": 0,
    "hasOther": false,
    "skipped": 0,
    "hasSkipped": false
  },
  "results": [
    {
      "uuid": "8c0b27ec-6c79-411d-b5b1-7d297f7d801e",
      "title": "",
      "fullFile": "cypress\\e2e\\tests\\Communication_012.cy.js",
      "file": "cypress\\e2e\\tests\\Communication_012.cy.js",
      "beforeHooks": [],
      "afterHooks": [],
      "tests": [],
      "suites": [
        {
          "uuid": "c25b9421-d3ee-463b-b424-b5153d9f7271",
          "title": "Communication - Header Space Validation",
          "fullFile": "",
          "file": "",
          "beforeHooks": [],
          "afterHooks": [],
          "tests": [
            {
              "title": "COM-NOT-012 | Verify leading/trailing spaces in header do not bypass validation",
              "fullTitle": "Communication - Header Space Validation COM-NOT-012 | Verify leading/trailing spaces in header do not bypass validation",
              "timedOut": null,
              "duration": 59222,
              "state": "failed",
              "speed": null,
              "pass": false,
              "fail": true,
              "pending": false,
              "context": "{\n  \"title\": \"cypress-mochawesome-reporter-screenshots\",\n  \"value\": [\n    [\n      \"\\\\Communication_012.cy.js\\\\Communication - Header Space Validation -- COM-NOT-012  Verify leadingtrailing spaces in header do not bypass validation (failed).png\"\n    ]\n  ]\n}",
              "code": "(0, _testDataUtils.getTestData)('loginData', 'login').then(user => {\n  loginPage.login(user.Companyname, user.email, user.password);\n  cy.wait(2000);\n  communicationPage.Communication_12();\n});",
              "err": {
                "message": "AssertionError: Timed out retrying after 4000ms: Expected to find element: `.communication > .sub-nav-list > :nth-child(2) > .ng-star-inserted`, but never found it.",
                "estack": "AssertionError: Timed out retrying after 4000ms: Expected to find element: `.communication > .sub-nav-list > :nth-child(2) > .ng-star-inserted`, but never found it.\n    at CommunicationPage.Communication_12 (webpack:///./cypress/e2e/pages/CommunicationPage.js:400:5)\n    at Context.eval (webpack:///./cypress/e2e/tests/Communication_012.cy.js:31:24)\n    at getRet (https://qa.sumeruentiger.com/__cypress/runner/cypress_runner.js:121066:20)\n    at tryCatcher (https://qa.sumeruentiger.com/__cypress/runner/cypress_runner.js:1777:23)\n    at Promise.attempt.Promise.try (https://qa.sumeruentiger.com/__cypress/runner/cypress_runner.js:4285:29)\n    at Context.thenFn (https://qa.sumeruentiger.com/__cypress/runner/cypress_runner.js:121077:66)\n    at Context.then (https://qa.sumeruentiger.com/__cypress/runner/cypress_runner.js:121328:21)\n    at wrapped (https://qa.sumeruentiger.com/__cypress/runner/cypress_runner.js:141671:19)",
                "diff": null
              },
              "uuid": "09e4761e-27ba-4d31-b14c-d394ab460ddc",
              "parentUUID": "c25b9421-d3ee-463b-b424-b5153d9f7271",
              "isHook": false,
              "skipped": false
            }
          ],
          "suites": [],
          "passes": [],
          "failures": [
            "09e4761e-27ba-4d31-b14c-d394ab460ddc"
          ],
          "pending": [],
          "skipped": [],
          "duration": 59222,
          "root": false,
          "rootEmpty": false,
          "_timeout": 2000
        }
      ],
      "passes": [],
      "failures": [],
      "pending": [],
      "skipped": [],
      "duration": 0,
      "root": true,
      "rootEmpty": true,
      "_timeout": 2000
    }
  ],
  "meta": {
    "mocha": {
      "version": "7.2.0"
    },
    "mochawesome": {
      "options": {
        "quiet": false,
        "reportFilename": "mochawesome",
        "saveHtml": false,
        "saveJson": true,
        "consoleReporter": "spec",
        "useInlineDiffs": false,
        "code": true
      },
      "version": "7.1.3"
    },
    "marge": {
      "options": {
        "overwrite": false,
        "html": false,
        "json": true,
        "reportDir": "cypress\\reports\\html\\.jsons"
      },
      "version": "6.2.0"
    }
  }
}