{
  "stats": {
    "suites": 1,
    "tests": 1,
    "passes": 0,
    "pending": 0,
    "failures": 1,
    "start": "2026-03-26T12:37:35.410Z",
    "end": "2026-03-26T12:38:40.602Z",
    "duration": 65192,
    "testsRegistered": 1,
    "passPercent": 0,
    "pendingPercent": 0,
    "other": 0,
    "hasOther": false,
    "skipped": 0,
    "hasSkipped": false
  },
  "results": [
    {
      "uuid": "a050d656-3fec-496a-9530-c17489397c6d",
      "title": "",
      "fullFile": "cypress\\e2e\\tests\\PanCardTestPage_01.cy.js",
      "file": "cypress\\e2e\\tests\\PanCardTestPage_01.cy.js",
      "beforeHooks": [],
      "afterHooks": [],
      "tests": [],
      "suites": [
        {
          "uuid": "b7f6a1c9-5954-437b-bb80-9c42fff4f159",
          "title": "User Management - Pan Card - Navigate to user profile, click Edit PAN, enter valid PAN and save and save it successfully",
          "fullFile": "",
          "file": "",
          "beforeHooks": [],
          "afterHooks": [],
          "tests": [
            {
              "title": "User Management -Pan Card- TC_ID_01",
              "fullTitle": "User Management - Pan Card - Navigate to user profile, click Edit PAN, enter valid PAN and save and save it successfully User Management -Pan Card- TC_ID_01",
              "timedOut": null,
              "duration": 56354,
              "state": "failed",
              "speed": null,
              "pass": false,
              "fail": true,
              "pending": false,
              "context": "{\n  \"title\": \"cypress-mochawesome-reporter-screenshots\",\n  \"value\": [\n    [\n      \"\\\\PanCardTestPage_01.cy.js\\\\User Management - Pan Card - Navigate to user profile, click Edit PAN, enter valid PAN and save and save it successfully -- User Management -Pan Card- TC_ID_01 (failed).png\"\n    ]\n  ]\n}",
              "code": "(0, _testDataUtils.getTestData)('loginData', 'login').then(user => {\n  loginPage.login(user.Companyname, user.email, user.password);\n  cy.wait(7000);\n  userManagementPage.PanCardTestPage_01();\n});",
              "err": {
                "message": "AssertionError: Timed out retrying after 4000ms: Expected to find element: `[title='User Management'] > span.ng-star-inserted`, but never found it.",
                "estack": "AssertionError: Timed out retrying after 4000ms: Expected to find element: `[title='User Management'] > span.ng-star-inserted`, but never found it.\n    at UserManagementPage.PanCardTestPage_01 (webpack:///./cypress/e2e/pages/UserManagementPage.js:2231:5)\n    at Context.eval (webpack:///./cypress/e2e/tests/PanCardTestPage_01.cy.js:26:35)\n    at getRet (https://qa.sumeruentiger.com/__cypress/runner/cypress_runner.js:121066:20)\n    at tryCatcher (https://qa.sumeruentiger.com/__cypress/runner/cypress_runner.js:1777:23)\n    at Promise.attempt.Promise.try (https://qa.sumeruentiger.com/__cypress/runner/cypress_runner.js:4285:29)\n    at Context.thenFn (https://qa.sumeruentiger.com/__cypress/runner/cypress_runner.js:121077:66)\n    at Context.then (https://qa.sumeruentiger.com/__cypress/runner/cypress_runner.js:121328:21)\n    at wrapped (https://qa.sumeruentiger.com/__cypress/runner/cypress_runner.js:141671:19)",
                "diff": null
              },
              "uuid": "e5d55e19-4187-4c5b-9235-8f3d1927fe3c",
              "parentUUID": "b7f6a1c9-5954-437b-bb80-9c42fff4f159",
              "isHook": false,
              "skipped": false
            }
          ],
          "suites": [],
          "passes": [],
          "failures": [
            "e5d55e19-4187-4c5b-9235-8f3d1927fe3c"
          ],
          "pending": [],
          "skipped": [],
          "duration": 56354,
          "root": false,
          "rootEmpty": false,
          "_timeout": 2000
        }
      ],
      "passes": [],
      "failures": [],
      "pending": [],
      "skipped": [],
      "duration": 0,
      "root": true,
      "rootEmpty": true,
      "_timeout": 2000
    }
  ],
  "meta": {
    "mocha": {
      "version": "7.2.0"
    },
    "mochawesome": {
      "options": {
        "quiet": false,
        "reportFilename": "mochawesome",
        "saveHtml": false,
        "saveJson": true,
        "consoleReporter": "spec",
        "useInlineDiffs": false,
        "code": true
      },
      "version": "7.1.3"
    },
    "marge": {
      "options": {
        "overwrite": false,
        "html": false,
        "json": true,
        "reportDir": "cypress\\reports\\html\\.jsons"
      },
      "version": "6.2.0"
    }
  }
}