{
  "stats": {
    "suites": 1,
    "tests": 1,
    "passes": 1,
    "pending": 0,
    "failures": 0,
    "start": "2026-03-31T13:13:52.392Z",
    "end": "2026-03-31T13:15:09.196Z",
    "duration": 76804,
    "testsRegistered": 1,
    "passPercent": 100,
    "pendingPercent": 0,
    "other": 0,
    "hasOther": false,
    "skipped": 0,
    "hasSkipped": false
  },
  "results": [
    {
      "uuid": "4bc91265-7edc-4f61-a71e-820c1d80d826",
      "title": "",
      "fullFile": "cypress\\e2e\\tests\\AccountDetailsPageTest_008.cy.js",
      "file": "cypress\\e2e\\tests\\AccountDetailsPageTest_008.cy.js",
      "beforeHooks": [],
      "afterHooks": [],
      "tests": [],
      "suites": [
        {
          "uuid": "6f4e7307-79c7-41b5-a5e4-dff65d64bb32",
          "title": "TC_008 Account Details - View Account Details and click on three dots and click on send payment link and check razor pay option",
          "fullFile": "",
          "file": "",
          "beforeHooks": [],
          "afterHooks": [],
          "tests": [
            {
              "title": "TC_008 Account Details - View Account Details and click on three dots and click on send payment link and check razor pay option",
              "fullTitle": "TC_008 Account Details - View Account Details and click on three dots and click on send payment link and check razor pay option TC_008 Account Details - View Account Details and click on three dots and click on send payment link and check razor pay option",
              "timedOut": null,
              "duration": 70466,
              "state": "passed",
              "speed": "slow",
              "pass": true,
              "fail": false,
              "pending": false,
              "context": null,
              "code": "(0, _testDataUtils.getTestData)('loginData', 'login').then(user => {\n  loginPage.login(user.Companyname, user.email, user.password);\n  cy.wait(2000);\n  accountdetailsPage.ViewAccountDetails008();\n  //loginPage.logout();\n});",
              "err": {},
              "uuid": "236ece2e-378a-407c-8374-9a285a0bb045",
              "parentUUID": "6f4e7307-79c7-41b5-a5e4-dff65d64bb32",
              "isHook": false,
              "skipped": false
            }
          ],
          "suites": [],
          "passes": [
            "236ece2e-378a-407c-8374-9a285a0bb045"
          ],
          "failures": [],
          "pending": [],
          "skipped": [],
          "duration": 70466,
          "root": false,
          "rootEmpty": false,
          "_timeout": 2000
        }
      ],
      "passes": [],
      "failures": [],
      "pending": [],
      "skipped": [],
      "duration": 0,
      "root": true,
      "rootEmpty": true,
      "_timeout": 2000
    }
  ],
  "meta": {
    "mocha": {
      "version": "7.2.0"
    },
    "mochawesome": {
      "options": {
        "quiet": false,
        "reportFilename": "mochawesome",
        "saveHtml": false,
        "saveJson": true,
        "consoleReporter": "spec",
        "useInlineDiffs": false,
        "code": true
      },
      "version": "7.1.3"
    },
    "marge": {
      "options": {
        "overwrite": false,
        "html": false,
        "json": true,
        "reportDir": "cypress\\reports\\html\\.jsons"
      },
      "version": "6.2.0"
    }
  }
}