{
  "stats": {
    "suites": 1,
    "tests": 1,
    "passes": 0,
    "pending": 0,
    "failures": 1,
    "start": "2026-03-31T13:30:09.015Z",
    "end": "2026-03-31T13:31:43.652Z",
    "duration": 94637,
    "testsRegistered": 1,
    "passPercent": 0,
    "pendingPercent": 0,
    "other": 0,
    "hasOther": false,
    "skipped": 0,
    "hasSkipped": false
  },
  "results": [
    {
      "uuid": "36392fba-3488-4c73-b06f-5e30998c4a6d",
      "title": "",
      "fullFile": "cypress\\e2e\\tests\\AccountDetailsPageTest_018.cy.js",
      "file": "cypress\\e2e\\tests\\AccountDetailsPageTest_018.cy.js",
      "beforeHooks": [],
      "afterHooks": [],
      "tests": [],
      "suites": [
        {
          "uuid": "55fdbd4e-ff7d-4047-8f65-6a8e01b9f7e2",
          "title": "TC_018 Account Details CC - View Account Details and click on three dots and click on send payment link and check razor pay option, email mobile and amount",
          "fullFile": "",
          "file": "",
          "beforeHooks": [],
          "afterHooks": [],
          "tests": [
            {
              "title": "TC_018 Account Details CC - View Account Details and click on three dots and click on send payment link and check razor pay option, email mobile and amount",
              "fullTitle": "TC_018 Account Details CC - View Account Details and click on three dots and click on send payment link and check razor pay option, email mobile and amount TC_018 Account Details CC - View Account Details and click on three dots and click on send payment link and check razor pay option, email mobile and amount",
              "timedOut": null,
              "duration": 79758,
              "state": "failed",
              "speed": null,
              "pass": false,
              "fail": true,
              "pending": false,
              "context": "{\n  \"title\": \"cypress-mochawesome-reporter-screenshots\",\n  \"value\": [\n    [\n      \"\\\\AccountDetailsPageTest_018.cy.js\\\\TC_018 Account Details CC - View Account Details and click on three dots and click on send payment link and check razor pay option, email mobile and amount -- TC_018 Account Details CC - View Account Details and click on three dots and click on send .png\"\n    ]\n  ]\n}",
              "code": "(0, _testDataUtils.getTestData)('loginData', 'login').then(user => {\n  loginPage.login(user.Companyname, user.email, user.password);\n  cy.wait(2000);\n  accountdetailsPage.ViewAccountDetails018();\n  //loginPage.logout();\n});",
              "err": {
                "message": "AssertionError: Timed out retrying after 4000ms: Expected to find element: `tbody > :nth-child(1) > :nth-child(4) > a`, but never found it.",
                "estack": "AssertionError: Timed out retrying after 4000ms: Expected to find element: `tbody > :nth-child(1) > :nth-child(4) > a`, but never found it.\n    at AccountDetailsPage.ViewAccountDetails018 (webpack:///./cypress/e2e/pages/AccountDetailsPage.js:1374:7)\n    at Context.eval (webpack:///./cypress/e2e/tests/AccountDetailsPageTest_018.cy.js:27:35)\n    at getRet (https://qa.sumeruentiger.com/__cypress/runner/cypress_runner.js:119652:20)\n    at tryCatcher (https://qa.sumeruentiger.com/__cypress/runner/cypress_runner.js:1777:23)\n    at Promise.attempt.Promise.try (https://qa.sumeruentiger.com/__cypress/runner/cypress_runner.js:4285:29)\n    at Context.thenFn (https://qa.sumeruentiger.com/__cypress/runner/cypress_runner.js:119663:66)\n    at Context.then (https://qa.sumeruentiger.com/__cypress/runner/cypress_runner.js:119914:21)\n    at wrapped (https://qa.sumeruentiger.com/__cypress/runner/cypress_runner.js:140191:19)",
                "diff": null
              },
              "uuid": "f9e6ba20-720b-4d1c-b2ca-9feda86e9e78",
              "parentUUID": "55fdbd4e-ff7d-4047-8f65-6a8e01b9f7e2",
              "isHook": false,
              "skipped": false
            }
          ],
          "suites": [],
          "passes": [],
          "failures": [
            "f9e6ba20-720b-4d1c-b2ca-9feda86e9e78"
          ],
          "pending": [],
          "skipped": [],
          "duration": 79758,
          "root": false,
          "rootEmpty": false,
          "_timeout": 2000
        }
      ],
      "passes": [],
      "failures": [],
      "pending": [],
      "skipped": [],
      "duration": 0,
      "root": true,
      "rootEmpty": true,
      "_timeout": 2000
    }
  ],
  "meta": {
    "mocha": {
      "version": "7.2.0"
    },
    "mochawesome": {
      "options": {
        "quiet": false,
        "reportFilename": "mochawesome",
        "saveHtml": false,
        "saveJson": true,
        "consoleReporter": "spec",
        "useInlineDiffs": false,
        "code": true
      },
      "version": "7.1.3"
    },
    "marge": {
      "options": {
        "overwrite": false,
        "html": false,
        "json": true,
        "reportDir": "cypress\\reports\\html\\.jsons"
      },
      "version": "6.2.0"
    }
  }
}