{
  "stats": {
    "suites": 1,
    "tests": 1,
    "passes": 1,
    "pending": 0,
    "failures": 0,
    "start": "2026-07-24T17:28:49.266Z",
    "end": "2026-07-24T17:29:56.806Z",
    "duration": 67540,
    "testsRegistered": 1,
    "passPercent": 100,
    "pendingPercent": 0,
    "other": 0,
    "hasOther": false,
    "skipped": 0,
    "hasSkipped": false
  },
  "results": [
    {
      "uuid": "0493e2a0-6ee6-4929-b00c-e120d96e2181",
      "title": "",
      "fullFile": "cypress\\e2e\\tests\\AllocationPageTest_762.cy.js",
      "file": "cypress\\e2e\\tests\\AllocationPageTest_762.cy.js",
      "beforeHooks": [],
      "afterHooks": [],
      "tests": [],
      "suites": [
        {
          "uuid": "68ae342f-23f9-4bb1-bd6d-5a5f8c893356",
          "title": "Allocation - Secondary Allocation by filters -  User selected Product Group as \"School Loan\", Product as \" School Loan\" and Sub product as \"School Loan ",
          "fullFile": "",
          "file": "",
          "beforeHooks": [],
          "afterHooks": [],
          "tests": [
            {
              "title": "Geography Filter - TC_ID_762",
              "fullTitle": "Allocation - Secondary Allocation by filters -  User selected Product Group as \"School Loan\", Product as \" School Loan\" and Sub product as \"School Loan  Geography Filter - TC_ID_762",
              "timedOut": null,
              "duration": 55018,
              "state": "passed",
              "speed": "slow",
              "pass": true,
              "fail": false,
              "pending": false,
              "context": null,
              "code": "(0, _testDataUtils.getTestData)('loginData', 'login').then(user => {\n  loginPage.login(user.Companyname, user.email, user.password);\n  //allocationPage.ClickonSABFGeography();\n  allocationPage.AllocationFilter_672();\n});",
              "err": {},
              "uuid": "dc10db98-3a4d-40dd-8c0a-7ba040717221",
              "parentUUID": "68ae342f-23f9-4bb1-bd6d-5a5f8c893356",
              "isHook": false,
              "skipped": false
            }
          ],
          "suites": [],
          "passes": [
            "dc10db98-3a4d-40dd-8c0a-7ba040717221"
          ],
          "failures": [],
          "pending": [],
          "skipped": [],
          "duration": 55018,
          "root": false,
          "rootEmpty": false,
          "_timeout": 2000
        }
      ],
      "passes": [],
      "failures": [],
      "pending": [],
      "skipped": [],
      "duration": 0,
      "root": true,
      "rootEmpty": true,
      "_timeout": 2000
    }
  ],
  "meta": {
    "mocha": {
      "version": "7.0.1"
    },
    "mochawesome": {
      "options": {
        "quiet": false,
        "reportFilename": "mochawesome",
        "saveHtml": false,
        "saveJson": true,
        "consoleReporter": "spec",
        "useInlineDiffs": false,
        "code": true
      },
      "version": "7.1.3"
    },
    "marge": {
      "options": {
        "overwrite": false,
        "html": false,
        "json": true,
        "reportDir": "cypress\\reports\\html\\.jsons"
      },
      "version": "6.2.0"
    }
  }
}