{
  "stats": {
    "suites": 1,
    "tests": 1,
    "passes": 1,
    "pending": 0,
    "failures": 0,
    "start": "2026-07-24T20:56:25.780Z",
    "end": "2026-07-24T20:57:07.979Z",
    "duration": 42199,
    "testsRegistered": 1,
    "passPercent": 100,
    "pendingPercent": 0,
    "other": 0,
    "hasOther": false,
    "skipped": 0,
    "hasSkipped": false
  },
  "results": [
    {
      "uuid": "5cdb09ac-ac07-4ff8-883b-09826b18d018",
      "title": "",
      "fullFile": "cypress\\e2e\\tests\\PaymentsPageTest_1412.cy.js",
      "file": "cypress\\e2e\\tests\\PaymentsPageTest_1412.cy.js",
      "beforeHooks": [],
      "afterHooks": [],
      "tests": [],
      "suites": [
        {
          "uuid": "a0f6b38c-a964-4f1d-9f61-8fe8510dad67",
          "title": "Payments Module - Search and send duplicate email e-receipt & SMS -Logged in user entered numbers or special characters in customer name field.",
          "fullFile": "",
          "file": "",
          "beforeHooks": [],
          "afterHooks": [],
          "tests": [
            {
              "title": "Payment - TC_ID_1412",
              "fullTitle": "Payments Module - Search and send duplicate email e-receipt & SMS -Logged in user entered numbers or special characters in customer name field. Payment - TC_ID_1412",
              "timedOut": null,
              "duration": 36825,
              "state": "passed",
              "speed": "slow",
              "pass": true,
              "fail": false,
              "pending": false,
              "context": null,
              "code": "(0, _testDataUtils.getTestData)('loginData', 'login').then(user => {\n  loginPage.login(user.Companyname, user.email, user.password);\n  cy.wait(2000);\n  paymentsPage.sendduplicateemailereceiptSMS1415();\n});",
              "err": {},
              "uuid": "f33caae4-e614-4f61-ba26-abaed7cf2e57",
              "parentUUID": "a0f6b38c-a964-4f1d-9f61-8fe8510dad67",
              "isHook": false,
              "skipped": false
            }
          ],
          "suites": [],
          "passes": [
            "f33caae4-e614-4f61-ba26-abaed7cf2e57"
          ],
          "failures": [],
          "pending": [],
          "skipped": [],
          "duration": 36825,
          "root": false,
          "rootEmpty": false,
          "_timeout": 2000
        }
      ],
      "passes": [],
      "failures": [],
      "pending": [],
      "skipped": [],
      "duration": 0,
      "root": true,
      "rootEmpty": true,
      "_timeout": 2000
    }
  ],
  "meta": {
    "mocha": {
      "version": "7.0.1"
    },
    "mochawesome": {
      "options": {
        "quiet": false,
        "reportFilename": "mochawesome",
        "saveHtml": false,
        "saveJson": true,
        "consoleReporter": "spec",
        "useInlineDiffs": false,
        "code": true
      },
      "version": "7.1.3"
    },
    "marge": {
      "options": {
        "overwrite": false,
        "html": false,
        "json": true,
        "reportDir": "cypress\\reports\\html\\.jsons"
      },
      "version": "6.2.0"
    }
  }
}