{
  "stats": {
    "suites": 1,
    "tests": 1,
    "passes": 1,
    "pending": 0,
    "failures": 0,
    "start": "2026-06-16T18:41:44.717Z",
    "end": "2026-06-16T18:42:25.123Z",
    "duration": 40406,
    "testsRegistered": 1,
    "passPercent": 100,
    "pendingPercent": 0,
    "other": 0,
    "hasOther": false,
    "skipped": 0,
    "hasSkipped": false
  },
  "results": [
    {
      "uuid": "3bd710e7-b76d-4032-9411-c39624654c3a",
      "title": "",
      "fullFile": "cypress\\e2e\\tests\\AllocationPageTest_785.cy.js",
      "file": "cypress\\e2e\\tests\\AllocationPageTest_785.cy.js",
      "beforeHooks": [],
      "afterHooks": [],
      "tests": [],
      "suites": [
        {
          "uuid": "2c4d198a-9360-4ac1-8d90-c9bb20a9128e",
          "title": "Allocation - Upload Agency Allocation Batch - 1.User selected the dropdown values of all filters and clicked on download accounts, now user wants to change the filter selection criteria for doing this user should be able to scroll up and change the filter dropdown values and click on download accounts once again.",
          "fullFile": "",
          "file": "",
          "beforeHooks": [],
          "afterHooks": [],
          "tests": [
            {
              "title": "Upload file extension and validation check - TC_ID_785",
              "fullTitle": "Allocation - Upload Agency Allocation Batch - 1.User selected the dropdown values of all filters and clicked on download accounts, now user wants to change the filter selection criteria for doing this user should be able to scroll up and change the filter dropdown values and click on download accounts once again. Upload file extension and validation check - TC_ID_785",
              "timedOut": null,
              "duration": 33895,
              "state": "passed",
              "speed": "slow",
              "pass": true,
              "fail": false,
              "pending": false,
              "context": null,
              "code": "(0, _testDataUtils.getTestData)('loginData', 'login').then(user => {\n  loginPage.login(user.Companyname, user.email, user.password);\n  allocationPage.ClickonUAABvalidationCheck();\n});",
              "err": {},
              "uuid": "bc53ef5f-deb2-4524-9934-6d41715421b8",
              "parentUUID": "2c4d198a-9360-4ac1-8d90-c9bb20a9128e",
              "isHook": false,
              "skipped": false
            }
          ],
          "suites": [],
          "passes": [
            "bc53ef5f-deb2-4524-9934-6d41715421b8"
          ],
          "failures": [],
          "pending": [],
          "skipped": [],
          "duration": 33895,
          "root": false,
          "rootEmpty": false,
          "_timeout": 2000
        }
      ],
      "passes": [],
      "failures": [],
      "pending": [],
      "skipped": [],
      "duration": 0,
      "root": true,
      "rootEmpty": true,
      "_timeout": 2000
    }
  ],
  "meta": {
    "mocha": {
      "version": "7.0.1"
    },
    "mochawesome": {
      "options": {
        "quiet": false,
        "reportFilename": "mochawesome",
        "saveHtml": false,
        "saveJson": true,
        "consoleReporter": "spec",
        "useInlineDiffs": false,
        "code": true
      },
      "version": "7.1.3"
    },
    "marge": {
      "options": {
        "overwrite": false,
        "html": false,
        "json": true,
        "reportDir": "cypress\\reports\\html\\.jsons"
      },
      "version": "6.2.0"
    }
  }
}