{
  "stats": {
    "suites": 1,
    "tests": 1,
    "passes": 0,
    "pending": 0,
    "failures": 1,
    "start": "2026-06-16T18:56:08.636Z",
    "end": "2026-06-16T18:56:52.670Z",
    "duration": 44034,
    "testsRegistered": 1,
    "passPercent": 0,
    "pendingPercent": 0,
    "other": 0,
    "hasOther": false,
    "skipped": 0,
    "hasSkipped": false
  },
  "results": [
    {
      "uuid": "e1dca269-b677-4be9-8e2e-62084ad8e6cc",
      "title": "",
      "fullFile": "cypress\\e2e\\tests\\AllocationPageTest_802.cy.js",
      "file": "cypress\\e2e\\tests\\AllocationPageTest_802.cy.js",
      "beforeHooks": [],
      "afterHooks": [],
      "tests": [],
      "suites": [
        {
          "uuid": "9543288f-f988-4042-a2f9-cba4872a1180",
          "title": "Allocation - Primary Unallocation Status - User should be able to enter file name, file upload date, transaction id and select anyone dropdown value under status field to see the status of list of Unallocation files.",
          "fullFile": "",
          "file": "",
          "beforeHooks": [],
          "afterHooks": [],
          "tests": [
            {
              "title": "Showing results upto 50 - TC_ID_802",
              "fullTitle": "Allocation - Primary Unallocation Status - User should be able to enter file name, file upload date, transaction id and select anyone dropdown value under status field to see the status of list of Unallocation files. Showing results upto 50 - TC_ID_802",
              "timedOut": null,
              "duration": 37797,
              "state": "failed",
              "speed": null,
              "pass": false,
              "fail": true,
              "pending": false,
              "context": null,
              "code": "(0, _testDataUtils.getTestData)('loginData', 'login').then(user => {\n  loginPage.login(user.Companyname, user.email, user.password);\n  allocationPage.ClickonallocationPUS2();\n});",
              "err": {
                "message": "AssertionError: Timed out retrying after 4000ms: Expected to find content: 'Invalid TransactionId' but never did.",
                "estack": "AssertionError: Timed out retrying after 4000ms: Expected to find content: 'Invalid TransactionId' but never did.\n    at AllocationPage.ClickonallocationPUS2 (webpack:///./cypress/e2e/pages/AllocationPage.js:1973:41)\n    at Context.eval (webpack:///./cypress/e2e/tests/AllocationPageTest_802.cy.js:27:27)",
                "diff": null
              },
              "uuid": "61a02631-e218-4968-badf-e36cdc07fe12",
              "parentUUID": "9543288f-f988-4042-a2f9-cba4872a1180",
              "isHook": false,
              "skipped": false
            }
          ],
          "suites": [],
          "passes": [],
          "failures": [
            "61a02631-e218-4968-badf-e36cdc07fe12"
          ],
          "pending": [],
          "skipped": [],
          "duration": 37797,
          "root": false,
          "rootEmpty": false,
          "_timeout": 2000
        }
      ],
      "passes": [],
      "failures": [],
      "pending": [],
      "skipped": [],
      "duration": 0,
      "root": true,
      "rootEmpty": true,
      "_timeout": 2000
    }
  ],
  "meta": {
    "mocha": {
      "version": "7.0.1"
    },
    "mochawesome": {
      "options": {
        "quiet": false,
        "reportFilename": "mochawesome",
        "saveHtml": false,
        "saveJson": true,
        "consoleReporter": "spec",
        "useInlineDiffs": false,
        "code": true
      },
      "version": "7.1.3"
    },
    "marge": {
      "options": {
        "overwrite": false,
        "html": false,
        "json": true,
        "reportDir": "cypress\\reports\\html\\.jsons"
      },
      "version": "6.2.0"
    }
  }
}