{
  "stats": {
    "suites": 1,
    "tests": 1,
    "passes": 0,
    "pending": 0,
    "failures": 1,
    "start": "2026-07-24T17:43:13.385Z",
    "end": "2026-07-24T17:44:14.162Z",
    "duration": 60777,
    "testsRegistered": 1,
    "passPercent": 0,
    "pendingPercent": 0,
    "other": 0,
    "hasOther": false,
    "skipped": 0,
    "hasSkipped": false
  },
  "results": [
    {
      "uuid": "14ed289a-0991-4200-bc7a-e06c373eaf34",
      "title": "",
      "fullFile": "cypress\\e2e\\tests\\AllocationPageTest_774.cy.js",
      "file": "cypress\\e2e\\tests\\AllocationPageTest_774.cy.js",
      "beforeHooks": [],
      "afterHooks": [],
      "tests": [],
      "suites": [
        {
          "uuid": "424a0c8d-9d52-4676-ad29-6a6bd7db6902",
          "title": "Allocation - Upload Agency Allocation owner - user clicked on \"ok\" so that file will get uploaded into the ENCollect system user will see a pop up msg as \"File uploaded successfully\" along with transaction ID.",
          "fullFile": "",
          "file": "",
          "beforeHooks": [],
          "afterHooks": [],
          "tests": [
            {
              "title": "Agency Level UnAllocation - TC_ID_774",
              "fullTitle": "Allocation - Upload Agency Allocation owner - user clicked on \"ok\" so that file will get uploaded into the ENCollect system user will see a pop up msg as \"File uploaded successfully\" along with transaction ID. Agency Level UnAllocation - TC_ID_774",
              "timedOut": null,
              "duration": 44687,
              "state": "failed",
              "speed": null,
              "pass": false,
              "fail": true,
              "pending": false,
              "context": null,
              "code": "(0, _testDataUtils.getTestData)('loginData', 'login').then(user => {\n  loginPage.login(user.Companyname, user.email, user.password);\n  allocationPage.UploadFilledAgencyLevelAllocationFile();\n});",
              "err": {
                "message": "AssertionError: Timed out retrying after 4000ms: Expected to find element: `.allocation > :nth-child(2) > :nth-child(3) > .sub-nav-list > :nth-child(1) > a`, but never found it.",
                "estack": "AssertionError: Timed out retrying after 4000ms: Expected to find element: `.allocation > :nth-child(2) > :nth-child(3) > .sub-nav-list > :nth-child(1) > a`, but never found it.\n    at AllocationPage.UploadFilledAgencyLevelAllocationFile (webpack:///./cypress/e2e/pages/AllocationPage.js:2988:7)\n    at Context.eval (webpack:///./cypress/e2e/tests/AllocationPageTest_774.cy.js:25:21)",
                "diff": null
              },
              "uuid": "879f0288-d8f6-4822-9c02-50180aa8e233",
              "parentUUID": "424a0c8d-9d52-4676-ad29-6a6bd7db6902",
              "isHook": false,
              "skipped": false
            }
          ],
          "suites": [],
          "passes": [],
          "failures": [
            "879f0288-d8f6-4822-9c02-50180aa8e233"
          ],
          "pending": [],
          "skipped": [],
          "duration": 44687,
          "root": false,
          "rootEmpty": false,
          "_timeout": 2000
        }
      ],
      "passes": [],
      "failures": [],
      "pending": [],
      "skipped": [],
      "duration": 0,
      "root": true,
      "rootEmpty": true,
      "_timeout": 2000
    }
  ],
  "meta": {
    "mocha": {
      "version": "7.0.1"
    },
    "mochawesome": {
      "options": {
        "quiet": false,
        "reportFilename": "mochawesome",
        "saveHtml": false,
        "saveJson": true,
        "consoleReporter": "spec",
        "useInlineDiffs": false,
        "code": true
      },
      "version": "7.1.3"
    },
    "marge": {
      "options": {
        "overwrite": false,
        "html": false,
        "json": true,
        "reportDir": "cypress\\reports\\html\\.jsons"
      },
      "version": "6.2.0"
    }
  }
}