{
  "stats": {
    "suites": 1,
    "tests": 1,
    "passes": 1,
    "pending": 0,
    "failures": 0,
    "start": "2026-07-24T20:16:55.819Z",
    "end": "2026-07-24T20:17:40.247Z",
    "duration": 44428,
    "testsRegistered": 1,
    "passPercent": 100,
    "pendingPercent": 0,
    "other": 0,
    "hasOther": false,
    "skipped": 0,
    "hasSkipped": false
  },
  "results": [
    {
      "uuid": "baf521f3-76cf-439f-800a-9b74a6596c42",
      "title": "",
      "fullFile": "cypress\\e2e\\tests\\PaymentsPageTest_072.cy.js",
      "file": "cypress\\e2e\\tests\\PaymentsPageTest_072.cy.js",
      "beforeHooks": [],
      "afterHooks": [],
      "tests": [],
      "suites": [
        {
          "uuid": "972b9fb6-033c-4e7d-848b-866bf587aba2",
          "title": "Payments Module - Receive money from collector - Logged in user to click on \"Receipt Cancellation Request\" sub module to view the receipts and initiate cancellation request",
          "fullFile": "",
          "file": "",
          "beforeHooks": [],
          "afterHooks": [],
          "tests": [
            {
              "title": "Payment - TC_ID_072",
              "fullTitle": "Payments Module - Receive money from collector - Logged in user to click on \"Receipt Cancellation Request\" sub module to view the receipts and initiate cancellation request Payment - TC_ID_072",
              "timedOut": null,
              "duration": 37410,
              "state": "passed",
              "speed": "slow",
              "pass": true,
              "fail": false,
              "pending": false,
              "context": null,
              "code": "(0, _testDataUtils.getTestData)('loginData', 'login').then(user => {\n  loginPage.login(user.Companyname, user.email, user.password);\n  cy.wait(2000);\n  paymentsPage.ReceiptCancellationrequest_071();\n  paymentsPage.ReceiptCancellationrequest_072();\n});",
              "err": {},
              "uuid": "6858a651-36ea-4cc7-b4a3-868a0d025505",
              "parentUUID": "972b9fb6-033c-4e7d-848b-866bf587aba2",
              "isHook": false,
              "skipped": false
            }
          ],
          "suites": [],
          "passes": [
            "6858a651-36ea-4cc7-b4a3-868a0d025505"
          ],
          "failures": [],
          "pending": [],
          "skipped": [],
          "duration": 37410,
          "root": false,
          "rootEmpty": false,
          "_timeout": 2000
        }
      ],
      "passes": [],
      "failures": [],
      "pending": [],
      "skipped": [],
      "duration": 0,
      "root": true,
      "rootEmpty": true,
      "_timeout": 2000
    }
  ],
  "meta": {
    "mocha": {
      "version": "7.0.1"
    },
    "mochawesome": {
      "options": {
        "quiet": false,
        "reportFilename": "mochawesome",
        "saveHtml": false,
        "saveJson": true,
        "consoleReporter": "spec",
        "useInlineDiffs": false,
        "code": true
      },
      "version": "7.1.3"
    },
    "marge": {
      "options": {
        "overwrite": false,
        "html": false,
        "json": true,
        "reportDir": "cypress\\reports\\html\\.jsons"
      },
      "version": "6.2.0"
    }
  }
}