{
  "stats": {
    "suites": 1,
    "tests": 1,
    "passes": 1,
    "pending": 0,
    "failures": 0,
    "start": "2026-07-24T17:07:03.108Z",
    "end": "2026-07-24T17:08:09.426Z",
    "duration": 66318,
    "testsRegistered": 1,
    "passPercent": 100,
    "pendingPercent": 0,
    "other": 0,
    "hasOther": false,
    "skipped": 0,
    "hasSkipped": false
  },
  "results": [
    {
      "uuid": "2f95c335-f8f2-41a1-849d-8d7f0c6c0d70",
      "title": "",
      "fullFile": "cypress\\e2e\\tests\\AllocationPageTest_746.cy.js",
      "file": "cypress\\e2e\\tests\\AllocationPageTest_746.cy.js",
      "beforeHooks": [],
      "afterHooks": [],
      "tests": [],
      "suites": [
        {
          "uuid": "807e6d3d-eb2e-4ed7-9f3e-33f84a501237",
          "title": "Allocation - Primary Allocation by filters - User should be able to select the dropdown values of Product Group, Product and Sub Product Under product filter. User selected Product Group as \"Retail\", Product as \" Gold PGL\" and Sub product as \" Personal Gold Loan\"",
          "fullFile": "",
          "file": "",
          "beforeHooks": [],
          "afterHooks": [],
          "tests": [
            {
              "title": "Geography Filter - TC_ID_746",
              "fullTitle": "Allocation - Primary Allocation by filters - User should be able to select the dropdown values of Product Group, Product and Sub Product Under product filter. User selected Product Group as \"Retail\", Product as \" Gold PGL\" and Sub product as \" Personal Gold Loan\" Geography Filter - TC_ID_746",
              "timedOut": null,
              "duration": 53503,
              "state": "passed",
              "speed": "slow",
              "pass": true,
              "fail": false,
              "pending": false,
              "context": null,
              "code": "(0, _testDataUtils.getTestData)('loginData', 'login').then(user => {\n  loginPage.login(user.Companyname, user.email, user.password);\n  // allocationPage.ClickOnGeographyFilter();\n  allocationPage.ClickonallocationPAF();\n  allocationPage.fillproductgroupPAF6();\n  allocationPage.fillproductPAF6();\n  allocationPage.fillsubproductPAF6();\n});",
              "err": {},
              "uuid": "806dd0e4-f9ab-4126-a3fc-31507cf30cd4",
              "parentUUID": "807e6d3d-eb2e-4ed7-9f3e-33f84a501237",
              "isHook": false,
              "skipped": false
            }
          ],
          "suites": [],
          "passes": [
            "806dd0e4-f9ab-4126-a3fc-31507cf30cd4"
          ],
          "failures": [],
          "pending": [],
          "skipped": [],
          "duration": 53503,
          "root": false,
          "rootEmpty": false,
          "_timeout": 2000
        }
      ],
      "passes": [],
      "failures": [],
      "pending": [],
      "skipped": [],
      "duration": 0,
      "root": true,
      "rootEmpty": true,
      "_timeout": 2000
    }
  ],
  "meta": {
    "mocha": {
      "version": "7.0.1"
    },
    "mochawesome": {
      "options": {
        "quiet": false,
        "reportFilename": "mochawesome",
        "saveHtml": false,
        "saveJson": true,
        "consoleReporter": "spec",
        "useInlineDiffs": false,
        "code": true
      },
      "version": "7.1.3"
    },
    "marge": {
      "options": {
        "overwrite": false,
        "html": false,
        "json": true,
        "reportDir": "cypress\\reports\\html\\.jsons"
      },
      "version": "6.2.0"
    }
  }
}