{
  "stats": {
    "suites": 1,
    "tests": 1,
    "passes": 1,
    "pending": 0,
    "failures": 0,
    "start": "2026-07-24T18:42:37.084Z",
    "end": "2026-07-24T18:43:29.386Z",
    "duration": 52302,
    "testsRegistered": 1,
    "passPercent": 100,
    "pendingPercent": 0,
    "other": 0,
    "hasOther": false,
    "skipped": 0,
    "hasSkipped": false
  },
  "results": [
    {
      "uuid": "ebbd62c6-58bd-49e6-9537-574d0e73ea17",
      "title": "",
      "fullFile": "cypress\\e2e\\tests\\AllocationPageTest_825.cy.js",
      "file": "cypress\\e2e\\tests\\AllocationPageTest_825.cy.js",
      "beforeHooks": [],
      "afterHooks": [],
      "tests": [],
      "suites": [
        {
          "uuid": "5d2d4a77-1f68-43af-b1d9-007f2543553c",
          "title": "Allocation - Primary Allocation By Filters - User entered special characters in dell string field, then system should throw an error as \"Invalid delstring\" in the pop up",
          "fullFile": "",
          "file": "",
          "beforeHooks": [],
          "afterHooks": [],
          "tests": [
            {
              "title": "Product Filter - TC_ID_82",
              "fullTitle": "Allocation - Primary Allocation By Filters - User entered special characters in dell string field, then system should throw an error as \"Invalid delstring\" in the pop up Product Filter - TC_ID_82",
              "timedOut": null,
              "duration": 41307,
              "state": "passed",
              "speed": "slow",
              "pass": true,
              "fail": false,
              "pending": false,
              "context": null,
              "code": "(0, _testDataUtils.getTestData)('loginData', 'login').then(user => {\n  loginPage.login(user.Companyname, user.email, user.password);\n  allocationPage.ClickonPABFdpd();\n});",
              "err": {},
              "uuid": "7f0eae57-f2e9-4287-bf52-f4fc27204e9e",
              "parentUUID": "5d2d4a77-1f68-43af-b1d9-007f2543553c",
              "isHook": false,
              "skipped": false
            }
          ],
          "suites": [],
          "passes": [
            "7f0eae57-f2e9-4287-bf52-f4fc27204e9e"
          ],
          "failures": [],
          "pending": [],
          "skipped": [],
          "duration": 41307,
          "root": false,
          "rootEmpty": false,
          "_timeout": 2000
        }
      ],
      "passes": [],
      "failures": [],
      "pending": [],
      "skipped": [],
      "duration": 0,
      "root": true,
      "rootEmpty": true,
      "_timeout": 2000
    }
  ],
  "meta": {
    "mocha": {
      "version": "7.0.1"
    },
    "mochawesome": {
      "options": {
        "quiet": false,
        "reportFilename": "mochawesome",
        "saveHtml": false,
        "saveJson": true,
        "consoleReporter": "spec",
        "useInlineDiffs": false,
        "code": true
      },
      "version": "7.1.3"
    },
    "marge": {
      "options": {
        "overwrite": false,
        "html": false,
        "json": true,
        "reportDir": "cypress\\reports\\html\\.jsons"
      },
      "version": "6.2.0"
    }
  }
}