{
  "stats": {
    "suites": 1,
    "tests": 1,
    "passes": 0,
    "pending": 0,
    "failures": 1,
    "start": "2026-07-24T16:38:01.883Z",
    "end": "2026-07-24T16:38:49.929Z",
    "duration": 48046,
    "testsRegistered": 1,
    "passPercent": 0,
    "pendingPercent": 0,
    "other": 0,
    "hasOther": false,
    "skipped": 0,
    "hasSkipped": false
  },
  "results": [
    {
      "uuid": "862bc93d-5bd8-42b2-af0f-375609c194db",
      "title": "",
      "fullFile": "cypress\\e2e\\tests\\AllocationPageTest_726.cy.js",
      "file": "cypress\\e2e\\tests\\AllocationPageTest_726.cy.js",
      "beforeHooks": [],
      "afterHooks": [],
      "tests": [],
      "suites": [
        {
          "uuid": "99d0c2f1-0c23-465e-ac40-789256ea87ed",
          "title": "Allocation - Upload Collector Unallocation batch - Upload file extension and validation check",
          "fullFile": "",
          "file": "",
          "beforeHooks": [],
          "afterHooks": [],
          "tests": [
            {
              "title": "Collector Level UnAllocation - TC_ID_726",
              "fullTitle": "Allocation - Upload Collector Unallocation batch - Upload file extension and validation check Collector Level UnAllocation - TC_ID_726",
              "timedOut": null,
              "duration": 38081,
              "state": "failed",
              "speed": null,
              "pass": false,
              "fail": true,
              "pending": false,
              "context": null,
              "code": "(0, _testDataUtils.getTestData)('loginData', 'login').then(user => {\n  loginPage.login(user.Companyname, user.email, user.password);\n  allocationPage.uploadCollectorUnallocationBatchAgenct();\n});",
              "err": {
                "message": "AssertionError: Timed out retrying after 4000ms: Expected to find element: `.allocation > :nth-child(2) > :nth-child(2) > .sub-nav-list > :nth-child(3) > a`, but never found it.",
                "estack": "AssertionError: Timed out retrying after 4000ms: Expected to find element: `.allocation > :nth-child(2) > :nth-child(2) > .sub-nav-list > :nth-child(3) > a`, but never found it.\n    at AllocationPage.uploadCollectorUnallocationBatchAgenct (webpack:///./cypress/e2e/pages/AllocationPage.js:2599:7)\n    at Context.eval (webpack:///./cypress/e2e/tests/AllocationPageTest_726.cy.js:25:21)",
                "diff": null
              },
              "uuid": "2a715d0f-2247-431e-8f2d-3840054e7c51",
              "parentUUID": "99d0c2f1-0c23-465e-ac40-789256ea87ed",
              "isHook": false,
              "skipped": false
            }
          ],
          "suites": [],
          "passes": [],
          "failures": [
            "2a715d0f-2247-431e-8f2d-3840054e7c51"
          ],
          "pending": [],
          "skipped": [],
          "duration": 38081,
          "root": false,
          "rootEmpty": false,
          "_timeout": 2000
        }
      ],
      "passes": [],
      "failures": [],
      "pending": [],
      "skipped": [],
      "duration": 0,
      "root": true,
      "rootEmpty": true,
      "_timeout": 2000
    }
  ],
  "meta": {
    "mocha": {
      "version": "7.0.1"
    },
    "mochawesome": {
      "options": {
        "quiet": false,
        "reportFilename": "mochawesome",
        "saveHtml": false,
        "saveJson": true,
        "consoleReporter": "spec",
        "useInlineDiffs": false,
        "code": true
      },
      "version": "7.1.3"
    },
    "marge": {
      "options": {
        "overwrite": false,
        "html": false,
        "json": true,
        "reportDir": "cypress\\reports\\html\\.jsons"
      },
      "version": "6.2.0"
    }
  }
}