{
  "stats": {
    "suites": 1,
    "tests": 1,
    "passes": 0,
    "pending": 0,
    "failures": 1,
    "start": "2026-06-16T19:54:48.077Z",
    "end": "2026-06-16T19:55:39.674Z",
    "duration": 51597,
    "testsRegistered": 1,
    "passPercent": 0,
    "pendingPercent": 0,
    "other": 0,
    "hasOther": false,
    "skipped": 0,
    "hasSkipped": false
  },
  "results": [
    {
      "uuid": "ebb2cf85-8c8b-45f7-9f97-e5fbec24695a",
      "title": "",
      "fullFile": "cypress\\e2e\\tests\\DashboardTestPage_037.cy.js",
      "file": "cypress\\e2e\\tests\\DashboardTestPage_037.cy.js",
      "beforeHooks": [],
      "afterHooks": [],
      "tests": [],
      "suites": [
        {
          "uuid": "6eb42bb3-f34a-4cfe-8a13-8f88c3dc3ab8",
          "title": "Dashboard - Search account -Verify whether navigated account detail screen under Note History tab user is able to add the notes.",
          "fullFile": "",
          "file": "",
          "beforeHooks": [],
          "afterHooks": [],
          "tests": [
            {
              "title": "Payment - TC_ID_037",
              "fullTitle": "Dashboard - Search account -Verify whether navigated account detail screen under Note History tab user is able to add the notes. Payment - TC_ID_037",
              "timedOut": null,
              "duration": 44980,
              "state": "failed",
              "speed": null,
              "pass": false,
              "fail": true,
              "pending": false,
              "context": null,
              "code": "(0, _testDataUtils.getTestData)('loginData', 'login').then(user => {\n  loginPage.login(user.Companyname, user.email, user.password);\n  cy.wait(2000);\n  dashboardpage.DashboardTestPage_037();\n});",
              "err": {
                "message": "AssertionError: Timed out retrying after 4000ms: Expected to find element: `select[name='name']`, but never found it.",
                "estack": "AssertionError: Timed out retrying after 4000ms: Expected to find element: `select[name='name']`, but never found it.\n    at DashboardPage.DashboardTestPage_037 (webpack:///./cypress/e2e/pages/DashboardPage.js:474:7)\n    at Context.eval (webpack:///./cypress/e2e/tests/DashboardTestPage_037.cy.js:27:30)",
                "diff": null
              },
              "uuid": "45f706aa-7fdd-4978-b00c-f96d8b15a4b7",
              "parentUUID": "6eb42bb3-f34a-4cfe-8a13-8f88c3dc3ab8",
              "isHook": false,
              "skipped": false
            }
          ],
          "suites": [],
          "passes": [],
          "failures": [
            "45f706aa-7fdd-4978-b00c-f96d8b15a4b7"
          ],
          "pending": [],
          "skipped": [],
          "duration": 44980,
          "root": false,
          "rootEmpty": false,
          "_timeout": 2000
        }
      ],
      "passes": [],
      "failures": [],
      "pending": [],
      "skipped": [],
      "duration": 0,
      "root": true,
      "rootEmpty": true,
      "_timeout": 2000
    }
  ],
  "meta": {
    "mocha": {
      "version": "7.0.1"
    },
    "mochawesome": {
      "options": {
        "quiet": false,
        "reportFilename": "mochawesome",
        "saveHtml": false,
        "saveJson": true,
        "consoleReporter": "spec",
        "useInlineDiffs": false,
        "code": true
      },
      "version": "7.1.3"
    },
    "marge": {
      "options": {
        "overwrite": false,
        "html": false,
        "json": true,
        "reportDir": "cypress\\reports\\html\\.jsons"
      },
      "version": "6.2.0"
    }
  }
}