{
  "stats": {
    "suites": 1,
    "tests": 1,
    "passes": 0,
    "pending": 0,
    "failures": 1,
    "start": "2026-07-24T22:11:38.443Z",
    "end": "2026-07-24T22:12:21.323Z",
    "duration": 42880,
    "testsRegistered": 1,
    "passPercent": 0,
    "pendingPercent": 0,
    "other": 0,
    "hasOther": false,
    "skipped": 0,
    "hasSkipped": false
  },
  "results": [
    {
      "uuid": "8642a4b4-11f0-45a3-9493-2505554ecee6",
      "title": "",
      "fullFile": "cypress\\e2e\\tests\\UserManagementPageTest_859.cy.js",
      "file": "cypress\\e2e\\tests\\UserManagementPageTest_859.cy.js",
      "beforeHooks": [],
      "afterHooks": [],
      "tests": [],
      "suites": [
        {
          "uuid": "9f4b2004-0b17-49a8-98d0-2e7105dcbea7",
          "title": "User Management - Agency Empanelment Request",
          "fullFile": "",
          "file": "",
          "beforeHooks": [],
          "afterHooks": [],
          "tests": [
            {
              "title": "Address Details - TC_ID_859",
              "fullTitle": "User Management - Agency Empanelment Request Address Details - TC_ID_859",
              "timedOut": null,
              "duration": 35748,
              "state": "failed",
              "speed": null,
              "pass": false,
              "fail": true,
              "pending": false,
              "context": null,
              "code": "(0, _testDataUtils.getTestData)('loginData', 'login').then(user => {\n  loginPage.login(user.Companyname, user.email, user.password);\n  cy.wait(2000);\n  userManagementPage.UserManagementModule();\n  userManagementPage.ClickonAgencyEmpanelmentRequest();\n  userManagementPage.ClickOnAddAgency();\n  userManagementPage.ClickonPrimaryOwnerCheckLastNameValidation();\n});",
              "err": {
                "message": "AssertionError: Timed out retrying after 4000ms: Expected to find element: `.user-management > :nth-child(2) > :nth-child(1) > .sub-nav-list > :nth-child(1) > a`, but never found it.",
                "estack": "AssertionError: Timed out retrying after 4000ms: Expected to find element: `.user-management > :nth-child(2) > :nth-child(1) > .sub-nav-list > :nth-child(1) > a`, but never found it.\n    at UserManagementPage.ClickOnAddAgency (webpack:///./cypress/e2e/pages/UserManagementPage.js:1688:7)\n    at Context.eval (webpack:///./cypress/e2e/tests/UserManagementPageTest_859.cy.js:28:35)",
                "diff": null
              },
              "uuid": "9372d3c6-911a-4899-8f65-f647db70f049",
              "parentUUID": "9f4b2004-0b17-49a8-98d0-2e7105dcbea7",
              "isHook": false,
              "skipped": false
            }
          ],
          "suites": [],
          "passes": [],
          "failures": [
            "9372d3c6-911a-4899-8f65-f647db70f049"
          ],
          "pending": [],
          "skipped": [],
          "duration": 35748,
          "root": false,
          "rootEmpty": false,
          "_timeout": 2000
        }
      ],
      "passes": [],
      "failures": [],
      "pending": [],
      "skipped": [],
      "duration": 0,
      "root": true,
      "rootEmpty": true,
      "_timeout": 2000
    }
  ],
  "meta": {
    "mocha": {
      "version": "7.0.1"
    },
    "mochawesome": {
      "options": {
        "quiet": false,
        "reportFilename": "mochawesome",
        "saveHtml": false,
        "saveJson": true,
        "consoleReporter": "spec",
        "useInlineDiffs": false,
        "code": true
      },
      "version": "7.1.3"
    },
    "marge": {
      "options": {
        "overwrite": false,
        "html": false,
        "json": true,
        "reportDir": "cypress\\reports\\html\\.jsons"
      },
      "version": "6.2.0"
    }
  }
}