{
  "stats": {
    "suites": 1,
    "tests": 1,
    "passes": 1,
    "pending": 0,
    "failures": 0,
    "start": "2026-06-16T18:03:39.149Z",
    "end": "2026-06-16T18:04:14.262Z",
    "duration": 35113,
    "testsRegistered": 1,
    "passPercent": 100,
    "pendingPercent": 0,
    "other": 0,
    "hasOther": false,
    "skipped": 0,
    "hasSkipped": false
  },
  "results": [
    {
      "uuid": "83a416a6-b161-4c04-8327-63cc6a729206",
      "title": "",
      "fullFile": "cypress\\e2e\\tests\\AllocationPageTest_740.cy.js",
      "file": "cypress\\e2e\\tests\\AllocationPageTest_740.cy.js",
      "beforeHooks": [],
      "afterHooks": [],
      "tests": [],
      "suites": [
        {
          "uuid": "318f403a-82da-4b54-9715-4ed001c27791",
          "title": "Allocation - Upload Agency Allocation Owner",
          "fullFile": "",
          "file": "",
          "beforeHooks": [],
          "afterHooks": [],
          "tests": [
            {
              "title": "Proceed with Allocation For - TC_ID_740",
              "fullTitle": "Allocation - Upload Agency Allocation Owner Proceed with Allocation For - TC_ID_740",
              "timedOut": null,
              "duration": 29259,
              "state": "passed",
              "speed": "slow",
              "pass": true,
              "fail": false,
              "pending": false,
              "context": null,
              "code": "(0, _testDataUtils.getTestData)('loginData', 'login').then(user => {\n  loginPage.login(user.Companyname, user.email, user.password);\n  //allocationPage.ClickonUAAOUploadCheck();\n  allocationPage.ClickonallocationUAAOS();\n});",
              "err": {},
              "uuid": "1b0952df-b49e-466d-ad69-69aeda5394c0",
              "parentUUID": "318f403a-82da-4b54-9715-4ed001c27791",
              "isHook": false,
              "skipped": false
            }
          ],
          "suites": [],
          "passes": [
            "1b0952df-b49e-466d-ad69-69aeda5394c0"
          ],
          "failures": [],
          "pending": [],
          "skipped": [],
          "duration": 29259,
          "root": false,
          "rootEmpty": false,
          "_timeout": 2000
        }
      ],
      "passes": [],
      "failures": [],
      "pending": [],
      "skipped": [],
      "duration": 0,
      "root": true,
      "rootEmpty": true,
      "_timeout": 2000
    }
  ],
  "meta": {
    "mocha": {
      "version": "7.0.1"
    },
    "mochawesome": {
      "options": {
        "quiet": false,
        "reportFilename": "mochawesome",
        "saveHtml": false,
        "saveJson": true,
        "consoleReporter": "spec",
        "useInlineDiffs": false,
        "code": true
      },
      "version": "7.1.3"
    },
    "marge": {
      "options": {
        "overwrite": false,
        "html": false,
        "json": true,
        "reportDir": "cypress\\reports\\html\\.jsons"
      },
      "version": "6.2.0"
    }
  }
}