{
  "stats": {
    "suites": 1,
    "tests": 1,
    "passes": 1,
    "pending": 0,
    "failures": 0,
    "start": "2026-06-16T19:08:54.940Z",
    "end": "2026-06-16T19:09:40.904Z",
    "duration": 45964,
    "testsRegistered": 1,
    "passPercent": 100,
    "pendingPercent": 0,
    "other": 0,
    "hasOther": false,
    "skipped": 0,
    "hasSkipped": false
  },
  "results": [
    {
      "uuid": "0776bd52-a93a-4838-8491-d406c0a85f7a",
      "title": "",
      "fullFile": "cypress\\e2e\\tests\\AllocationPageTest_818.cy.js",
      "file": "cypress\\e2e\\tests\\AllocationPageTest_818.cy.js",
      "beforeHooks": [],
      "afterHooks": [],
      "tests": [],
      "suites": [
        {
          "uuid": "378c47a5-b45f-4b97-9af2-d25ced5fa0e6",
          "title": "Allocation - Secondary Allocation Status - User should be able to enter file name, file upload date, transaction id and select anyone dropdown value under status field to see the status of list of allocation files.",
          "fullFile": "",
          "file": "",
          "beforeHooks": [],
          "afterHooks": [],
          "tests": [
            {
              "title": "Product Filter - TC_ID_818",
              "fullTitle": "Allocation - Secondary Allocation Status - User should be able to enter file name, file upload date, transaction id and select anyone dropdown value under status field to see the status of list of allocation files. Product Filter - TC_ID_818",
              "timedOut": null,
              "duration": 39667,
              "state": "passed",
              "speed": "slow",
              "pass": true,
              "fail": false,
              "pending": false,
              "context": null,
              "code": "(0, _testDataUtils.getTestData)('loginData', 'login').then(user => {\n  loginPage.login(user.Companyname, user.email, user.password);\n  allocationPage.ClickonallocationSAS3('3: Processed');\n});",
              "err": {},
              "uuid": "883e36d0-104b-448e-a669-d5ad3f016888",
              "parentUUID": "378c47a5-b45f-4b97-9af2-d25ced5fa0e6",
              "isHook": false,
              "skipped": false
            }
          ],
          "suites": [],
          "passes": [
            "883e36d0-104b-448e-a669-d5ad3f016888"
          ],
          "failures": [],
          "pending": [],
          "skipped": [],
          "duration": 39667,
          "root": false,
          "rootEmpty": false,
          "_timeout": 2000
        }
      ],
      "passes": [],
      "failures": [],
      "pending": [],
      "skipped": [],
      "duration": 0,
      "root": true,
      "rootEmpty": true,
      "_timeout": 2000
    }
  ],
  "meta": {
    "mocha": {
      "version": "7.0.1"
    },
    "mochawesome": {
      "options": {
        "quiet": false,
        "reportFilename": "mochawesome",
        "saveHtml": false,
        "saveJson": true,
        "consoleReporter": "spec",
        "useInlineDiffs": false,
        "code": true
      },
      "version": "7.1.3"
    },
    "marge": {
      "options": {
        "overwrite": false,
        "html": false,
        "json": true,
        "reportDir": "cypress\\reports\\html\\.jsons"
      },
      "version": "6.2.0"
    }
  }
}