{
  "stats": {
    "suites": 1,
    "tests": 1,
    "passes": 1,
    "pending": 0,
    "failures": 0,
    "start": "2026-07-24T17:52:45.599Z",
    "end": "2026-07-24T17:53:46.882Z",
    "duration": 61283,
    "testsRegistered": 1,
    "passPercent": 100,
    "pendingPercent": 0,
    "other": 0,
    "hasOther": false,
    "skipped": 0,
    "hasSkipped": false
  },
  "results": [
    {
      "uuid": "44b39b15-3316-45c6-8b0f-8b930094e2c1",
      "title": "",
      "fullFile": "cypress\\e2e\\tests\\AllocationPageTest_781.cy.js",
      "file": "cypress\\e2e\\tests\\AllocationPageTest_781.cy.js",
      "beforeHooks": [],
      "afterHooks": [],
      "tests": [],
      "suites": [
        {
          "uuid": "fae9f840-b585-4b63-9cef-f9cbb536154f",
          "title": "Allocation - Upload Agency Allocation Owner Status - user selected \"Uploaded\" under status field and clicked on search button user should be able to see all Uploaded allocation files in the result grid.",
          "fullFile": "",
          "file": "",
          "beforeHooks": [],
          "afterHooks": [],
          "tests": [
            {
              "title": "Product Filter - TC_ID_781",
              "fullTitle": "Allocation - Upload Agency Allocation Owner Status - user selected \"Uploaded\" under status field and clicked on search button user should be able to see all Uploaded allocation files in the result grid. Product Filter - TC_ID_781",
              "timedOut": null,
              "duration": 43657,
              "state": "passed",
              "speed": "slow",
              "pass": true,
              "fail": false,
              "pending": false,
              "context": null,
              "code": "(0, _testDataUtils.getTestData)('loginData', 'login').then(user => {\n  loginPage.login(user.Companyname, user.email, user.password);\n  allocationPage.ClickonallocationSUS('5: Uploaded');\n});",
              "err": {},
              "uuid": "9161be84-b0eb-4913-921e-d1e542862071",
              "parentUUID": "fae9f840-b585-4b63-9cef-f9cbb536154f",
              "isHook": false,
              "skipped": false
            }
          ],
          "suites": [],
          "passes": [
            "9161be84-b0eb-4913-921e-d1e542862071"
          ],
          "failures": [],
          "pending": [],
          "skipped": [],
          "duration": 43657,
          "root": false,
          "rootEmpty": false,
          "_timeout": 2000
        }
      ],
      "passes": [],
      "failures": [],
      "pending": [],
      "skipped": [],
      "duration": 0,
      "root": true,
      "rootEmpty": true,
      "_timeout": 2000
    }
  ],
  "meta": {
    "mocha": {
      "version": "7.0.1"
    },
    "mochawesome": {
      "options": {
        "quiet": false,
        "reportFilename": "mochawesome",
        "saveHtml": false,
        "saveJson": true,
        "consoleReporter": "spec",
        "useInlineDiffs": false,
        "code": true
      },
      "version": "7.1.3"
    },
    "marge": {
      "options": {
        "overwrite": false,
        "html": false,
        "json": true,
        "reportDir": "cypress\\reports\\html\\.jsons"
      },
      "version": "6.2.0"
    }
  }
}