{
  "stats": {
    "suites": 1,
    "tests": 1,
    "passes": 0,
    "pending": 0,
    "failures": 1,
    "start": "2026-09-09T19:35:04.631Z",
    "end": "2026-09-09T19:36:54.876Z",
    "duration": 110245,
    "testsRegistered": 1,
    "passPercent": 0,
    "pendingPercent": 0,
    "other": 0,
    "hasOther": false,
    "skipped": 0,
    "hasSkipped": false
  },
  "results": [
    {
      "uuid": "525ca499-fd3b-4184-8c62-84c1adc2134d",
      "title": "",
      "fullFile": "cypress\\e2e\\tests\\AgentEmpanelmentRequestPageTest_633.cy.js",
      "file": "cypress\\e2e\\tests\\AgentEmpanelmentRequestPageTest_633.cy.js",
      "beforeHooks": [],
      "afterHooks": [],
      "tests": [],
      "suites": [
        {
          "uuid": "3c24ab76-3322-4fbb-93e4-9f03905633d8",
          "title": "Agent Empanelment Request - Create Agent - .User should be able to select all mandatory fields in place of work2.The dropdown values of all these fields coming from BE using Product, bucket and geography masters.3.User can click on \"Add\" button to add multiple product, bucket and geography at the same time.",
          "fullFile": "",
          "file": "",
          "beforeHooks": [],
          "afterHooks": [],
          "tests": [
            {
              "title": "Agent Empanelment Request - TC_ID_633",
              "fullTitle": "Agent Empanelment Request - Create Agent - .User should be able to select all mandatory fields in place of work2.The dropdown values of all these fields coming from BE using Product, bucket and geography masters.3.User can click on \"Add\" button to add multiple product, bucket and geography at the same time. Agent Empanelment Request - TC_ID_633",
              "timedOut": null,
              "duration": 66119,
              "state": "failed",
              "speed": null,
              "pass": false,
              "fail": true,
              "pending": false,
              "context": null,
              "code": "(0, _testDataUtils.getTestData)('loginData', 'login').then(user => {\n  loginPage.login(user.Companyname, user.email, user.password);\n  cy.wait(2000);\n  agentemplimentationRequest.AgentEnpalmentRequest633();\n});",
              "err": {
                "message": "AssertionError: Timed out retrying after 4000ms: Expected to find element: `ng-select[placeholder='Search and select your Bucket(s)'] input[role='combobox']`, but never found it.",
                "estack": "AssertionError: Timed out retrying after 4000ms: Expected to find element: `ng-select[placeholder='Search and select your Bucket(s)'] input[role='combobox']`, but never found it.\n    at AgentEmpanelmentRequestPage.AgentEnpalmentRequest633 (webpack:///./cypress/e2e/pages/AgentEmpanelmentRequestPage.js:1336:6)\n    at Context.eval (webpack:///./cypress/e2e/tests/AgentEmpanelmentRequestPageTest_633.cy.js:27:43)",
                "diff": null
              },
              "uuid": "08fcb898-cb18-4ee2-b8c1-f2a8554587ef",
              "parentUUID": "3c24ab76-3322-4fbb-93e4-9f03905633d8",
              "isHook": false,
              "skipped": false
            }
          ],
          "suites": [],
          "passes": [],
          "failures": [
            "08fcb898-cb18-4ee2-b8c1-f2a8554587ef"
          ],
          "pending": [],
          "skipped": [],
          "duration": 66119,
          "root": false,
          "rootEmpty": false,
          "_timeout": 2000
        }
      ],
      "passes": [],
      "failures": [],
      "pending": [],
      "skipped": [],
      "duration": 0,
      "root": true,
      "rootEmpty": true,
      "_timeout": 2000
    }
  ],
  "meta": {
    "mocha": {
      "version": "7.0.1"
    },
    "mochawesome": {
      "options": {
        "quiet": false,
        "reportFilename": "mochawesome",
        "saveHtml": false,
        "saveJson": true,
        "consoleReporter": "spec",
        "useInlineDiffs": false,
        "code": true
      },
      "version": "7.1.3"
    },
    "marge": {
      "options": {
        "overwrite": false,
        "html": false,
        "json": true,
        "reportDir": "cypress\\reports\\html\\.jsons"
      },
      "version": "6.2.0"
    }
  }
}