{
  "stats": {
    "suites": 1,
    "tests": 1,
    "passes": 1,
    "pending": 0,
    "failures": 0,
    "start": "2026-06-16T21:42:14.635Z",
    "end": "2026-06-16T21:42:56.480Z",
    "duration": 41845,
    "testsRegistered": 1,
    "passPercent": 100,
    "pendingPercent": 0,
    "other": 0,
    "hasOther": false,
    "skipped": 0,
    "hasSkipped": false
  },
  "results": [
    {
      "uuid": "88390e18-bc94-4ef9-924d-bbb749727834",
      "title": "",
      "fullFile": "cypress\\e2e\\tests\\ScopeofWorkTestPage_35.cy.js",
      "file": "cypress\\e2e\\tests\\ScopeofWorkTestPage_35.cy.js",
      "beforeHooks": [],
      "afterHooks": [],
      "tests": [],
      "suites": [
        {
          "uuid": "d86160e0-3204-45b6-8272-e2dec9edd2d5",
          "title": "User Management -Add staff- Scope of work - user select the city dropdown in the geography",
          "fullFile": "",
          "file": "",
          "beforeHooks": [],
          "afterHooks": [],
          "tests": [
            {
              "title": "User Management - Scope of work - TC_ID_35",
              "fullTitle": "User Management -Add staff- Scope of work - user select the city dropdown in the geography User Management - Scope of work - TC_ID_35",
              "timedOut": null,
              "duration": 34833,
              "state": "passed",
              "speed": "slow",
              "pass": true,
              "fail": false,
              "pending": false,
              "context": null,
              "code": "(0, _testDataUtils.getTestData)('loginData', 'login').then(user => {\n  loginPage.login(user.Companyname, user.email, user.password);\n  cy.wait(2000);\n  scopeofworkpage.ScopeOfWorkTestPage_35();\n});",
              "err": {},
              "uuid": "e87c109e-d521-4467-abdf-200e0c647966",
              "parentUUID": "d86160e0-3204-45b6-8272-e2dec9edd2d5",
              "isHook": false,
              "skipped": false
            }
          ],
          "suites": [],
          "passes": [
            "e87c109e-d521-4467-abdf-200e0c647966"
          ],
          "failures": [],
          "pending": [],
          "skipped": [],
          "duration": 34833,
          "root": false,
          "rootEmpty": false,
          "_timeout": 2000
        }
      ],
      "passes": [],
      "failures": [],
      "pending": [],
      "skipped": [],
      "duration": 0,
      "root": true,
      "rootEmpty": true,
      "_timeout": 2000
    }
  ],
  "meta": {
    "mocha": {
      "version": "7.0.1"
    },
    "mochawesome": {
      "options": {
        "quiet": false,
        "reportFilename": "mochawesome",
        "saveHtml": false,
        "saveJson": true,
        "consoleReporter": "spec",
        "useInlineDiffs": false,
        "code": true
      },
      "version": "7.1.3"
    },
    "marge": {
      "options": {
        "overwrite": false,
        "html": false,
        "json": true,
        "reportDir": "cypress\\reports\\html\\.jsons"
      },
      "version": "6.2.0"
    }
  }
}