{
  "stats": {
    "suites": 1,
    "tests": 1,
    "passes": 1,
    "pending": 0,
    "failures": 0,
    "start": "2026-07-24T20:55:02.934Z",
    "end": "2026-07-24T20:55:41.917Z",
    "duration": 38983,
    "testsRegistered": 1,
    "passPercent": 100,
    "pendingPercent": 0,
    "other": 0,
    "hasOther": false,
    "skipped": 0,
    "hasSkipped": false
  },
  "results": [
    {
      "uuid": "62a55b6e-4f2c-460a-8990-666c8e3d31ab",
      "title": "",
      "fullFile": "cypress\\e2e\\tests\\PaymentsPageTest_1410.cy.js",
      "file": "cypress\\e2e\\tests\\PaymentsPageTest_1410.cy.js",
      "beforeHooks": [],
      "afterHooks": [],
      "tests": [],
      "suites": [
        {
          "uuid": "338c054d-f6d8-4ba8-8a41-71ec194eaa1f",
          "title": "Payments Module - Search and send duplicate email e-receipt & SMS - Logged in user clicked on customer account number field but did not enter any value.",
          "fullFile": "",
          "file": "",
          "beforeHooks": [],
          "afterHooks": [],
          "tests": [
            {
              "title": "Payment - TC_ID_1410",
              "fullTitle": "Payments Module - Search and send duplicate email e-receipt & SMS - Logged in user clicked on customer account number field but did not enter any value. Payment - TC_ID_1410",
              "timedOut": null,
              "duration": 33718,
              "state": "passed",
              "speed": "slow",
              "pass": true,
              "fail": false,
              "pending": false,
              "context": null,
              "code": "(0, _testDataUtils.getTestData)('loginData', 'login').then(user => {\n  loginPage.login(user.Companyname, user.email, user.password);\n  cy.wait(2000);\n  paymentsPage.sendduplicateemailereceiptSMS1413();\n});",
              "err": {},
              "uuid": "6bceebc8-1c03-4778-8670-93406494c561",
              "parentUUID": "338c054d-f6d8-4ba8-8a41-71ec194eaa1f",
              "isHook": false,
              "skipped": false
            }
          ],
          "suites": [],
          "passes": [
            "6bceebc8-1c03-4778-8670-93406494c561"
          ],
          "failures": [],
          "pending": [],
          "skipped": [],
          "duration": 33718,
          "root": false,
          "rootEmpty": false,
          "_timeout": 2000
        }
      ],
      "passes": [],
      "failures": [],
      "pending": [],
      "skipped": [],
      "duration": 0,
      "root": true,
      "rootEmpty": true,
      "_timeout": 2000
    }
  ],
  "meta": {
    "mocha": {
      "version": "7.0.1"
    },
    "mochawesome": {
      "options": {
        "quiet": false,
        "reportFilename": "mochawesome",
        "saveHtml": false,
        "saveJson": true,
        "consoleReporter": "spec",
        "useInlineDiffs": false,
        "code": true
      },
      "version": "7.1.3"
    },
    "marge": {
      "options": {
        "overwrite": false,
        "html": false,
        "json": true,
        "reportDir": "cypress\\reports\\html\\.jsons"
      },
      "version": "6.2.0"
    }
  }
}