{
  "stats": {
    "suites": 1,
    "tests": 1,
    "passes": 1,
    "pending": 0,
    "failures": 0,
    "start": "2026-09-09T19:37:35.858Z",
    "end": "2026-09-09T19:38:54.593Z",
    "duration": 78735,
    "testsRegistered": 1,
    "passPercent": 100,
    "pendingPercent": 0,
    "other": 0,
    "hasOther": false,
    "skipped": 0,
    "hasSkipped": false
  },
  "results": [
    {
      "uuid": "c0012f34-fbaa-4a70-a81d-b3c8472343b5",
      "title": "",
      "fullFile": "cypress\\e2e\\tests\\AgentEmpanelmentRequestPageTest_634.cy.js",
      "file": "cypress\\e2e\\tests\\AgentEmpanelmentRequestPageTest_634.cy.js",
      "beforeHooks": [],
      "afterHooks": [],
      "tests": [],
      "suites": [
        {
          "uuid": "4a051237-c0ef-45a7-ac31-b70d1ef0539c",
          "title": "Agent Empanelment Request - Create Agent - .User should be able to select all mandatory fields in place of work2.The dropdown values of all these fields coming from BE using Product, bucket and geography masters.3.User can click on \"Add\" button to add multiple product, bucket and geography at the same time.",
          "fullFile": "",
          "file": "",
          "beforeHooks": [],
          "afterHooks": [],
          "tests": [
            {
              "title": "Agent Empanelment Request - TC_ID_634",
              "fullTitle": "Agent Empanelment Request - Create Agent - .User should be able to select all mandatory fields in place of work2.The dropdown values of all these fields coming from BE using Product, bucket and geography masters.3.User can click on \"Add\" button to add multiple product, bucket and geography at the same time. Agent Empanelment Request - TC_ID_634",
              "timedOut": null,
              "duration": 58563,
              "state": "passed",
              "speed": "slow",
              "pass": true,
              "fail": false,
              "pending": false,
              "context": null,
              "code": "(0, _testDataUtils.getTestData)('loginData', 'login').then(user => {\n  loginPage.login(user.Companyname, user.email, user.password);\n  cy.wait(2000);\n  agentemplimentationRequest.AgentEnpalmentRequest634();\n});",
              "err": {},
              "uuid": "e2400c65-01e2-4073-b3fa-613038b087e2",
              "parentUUID": "4a051237-c0ef-45a7-ac31-b70d1ef0539c",
              "isHook": false,
              "skipped": false
            }
          ],
          "suites": [],
          "passes": [
            "e2400c65-01e2-4073-b3fa-613038b087e2"
          ],
          "failures": [],
          "pending": [],
          "skipped": [],
          "duration": 58563,
          "root": false,
          "rootEmpty": false,
          "_timeout": 2000
        }
      ],
      "passes": [],
      "failures": [],
      "pending": [],
      "skipped": [],
      "duration": 0,
      "root": true,
      "rootEmpty": true,
      "_timeout": 2000
    }
  ],
  "meta": {
    "mocha": {
      "version": "7.0.1"
    },
    "mochawesome": {
      "options": {
        "quiet": false,
        "reportFilename": "mochawesome",
        "saveHtml": false,
        "saveJson": true,
        "consoleReporter": "spec",
        "useInlineDiffs": false,
        "code": true
      },
      "version": "7.1.3"
    },
    "marge": {
      "options": {
        "overwrite": false,
        "html": false,
        "json": true,
        "reportDir": "cypress\\reports\\html\\.jsons"
      },
      "version": "6.2.0"
    }
  }
}