{
  "stats": {
    "suites": 1,
    "tests": 1,
    "passes": 1,
    "pending": 0,
    "failures": 0,
    "start": "2026-07-24T21:24:55.797Z",
    "end": "2026-07-24T21:25:42.859Z",
    "duration": 47062,
    "testsRegistered": 1,
    "passPercent": 100,
    "pendingPercent": 0,
    "other": 0,
    "hasOther": false,
    "skipped": 0,
    "hasSkipped": false
  },
  "results": [
    {
      "uuid": "1eb10eb4-3691-44e5-96c6-2e81e88f556c",
      "title": "",
      "fullFile": "cypress\\e2e\\tests\\ScopeofWorkTestPage_27.cy.js",
      "file": "cypress\\e2e\\tests\\ScopeofWorkTestPage_27.cy.js",
      "beforeHooks": [],
      "afterHooks": [],
      "tests": [],
      "suites": [
        {
          "uuid": "662b00ea-0ab1-463c-a376-d3eba7cc7b2a",
          "title": "User Management -Add staff- Scope of work - user click on bucket dropdown and select the more than one values",
          "fullFile": "",
          "file": "",
          "beforeHooks": [],
          "afterHooks": [],
          "tests": [
            {
              "title": "User Management - Scope of work - TC_ID_27",
              "fullTitle": "User Management -Add staff- Scope of work - user click on bucket dropdown and select the more than one values User Management - Scope of work - TC_ID_27",
              "timedOut": null,
              "duration": 41446,
              "state": "passed",
              "speed": "slow",
              "pass": true,
              "fail": false,
              "pending": false,
              "context": null,
              "code": "(0, _testDataUtils.getTestData)('loginData', 'login').then(user => {\n  loginPage.login(user.Companyname, user.email, user.password);\n  cy.wait(2000);\n  scopeofworkpage.ScopeOfWorkTestPage_27();\n});",
              "err": {},
              "uuid": "9f3879ca-c592-45f8-8349-55e5c99c3c79",
              "parentUUID": "662b00ea-0ab1-463c-a376-d3eba7cc7b2a",
              "isHook": false,
              "skipped": false
            }
          ],
          "suites": [],
          "passes": [
            "9f3879ca-c592-45f8-8349-55e5c99c3c79"
          ],
          "failures": [],
          "pending": [],
          "skipped": [],
          "duration": 41446,
          "root": false,
          "rootEmpty": false,
          "_timeout": 2000
        }
      ],
      "passes": [],
      "failures": [],
      "pending": [],
      "skipped": [],
      "duration": 0,
      "root": true,
      "rootEmpty": true,
      "_timeout": 2000
    }
  ],
  "meta": {
    "mocha": {
      "version": "7.0.1"
    },
    "mochawesome": {
      "options": {
        "quiet": false,
        "reportFilename": "mochawesome",
        "saveHtml": false,
        "saveJson": true,
        "consoleReporter": "spec",
        "useInlineDiffs": false,
        "code": true
      },
      "version": "7.1.3"
    },
    "marge": {
      "options": {
        "overwrite": false,
        "html": false,
        "json": true,
        "reportDir": "cypress\\reports\\html\\.jsons"
      },
      "version": "6.2.0"
    }
  }
}