{
  "stats": {
    "suites": 1,
    "tests": 1,
    "passes": 0,
    "pending": 0,
    "failures": 1,
    "start": "2026-07-24T20:09:12.881Z",
    "end": "2026-07-24T20:09:58.158Z",
    "duration": 45277,
    "testsRegistered": 1,
    "passPercent": 0,
    "pendingPercent": 0,
    "other": 0,
    "hasOther": false,
    "skipped": 0,
    "hasSkipped": false
  },
  "results": [
    {
      "uuid": "329013ae-cb92-4b51-bbfd-db995714d641",
      "title": "",
      "fullFile": "cypress\\e2e\\tests\\PaymentsPageTest_063.cy.js",
      "file": "cypress\\e2e\\tests\\PaymentsPageTest_063.cy.js",
      "beforeHooks": [],
      "afterHooks": [],
      "tests": [],
      "suites": [
        {
          "uuid": "b7b03e06-18fb-419e-842f-6ea932b06d2a",
          "title": "Payments Module - Search and edit batch - Logged in user to select the receipts in the result grid to dissolve the batch",
          "fullFile": "",
          "file": "",
          "beforeHooks": [],
          "afterHooks": [],
          "tests": [
            {
              "title": "Payment - TC_ID_063",
              "fullTitle": "Payments Module - Search and edit batch - Logged in user to select the receipts in the result grid to dissolve the batch Payment - TC_ID_063",
              "timedOut": null,
              "duration": 37586,
              "state": "failed",
              "speed": null,
              "pass": false,
              "fail": true,
              "pending": false,
              "context": null,
              "code": "(0, _testDataUtils.getTestData)('loginData', 'login').then(user => {\n  loginPage.login(user.Companyname, user.email, user.password);\n  cy.wait(2000);\n  paymentsPage.SearchandEditBatch_063();\n});",
              "err": {
                "message": "CypressError: Timed out retrying after 4050ms: `cy.click()` failed because this element is `disabled`:\n\n`<button id=\"search-button\" type=\"submit\" class=\"btn btn-secondary mw-150px\" disabled=\"\">Search</button>`\n\nFix this problem, or use `{force: true}` to disable error checking.\n\nhttps://on.cypress.io/element-cannot-be-interacted-with",
                "estack": "CypressError: Timed out retrying after 4050ms: `cy.click()` failed because this element is `disabled`:\n\n`<button id=\"search-button\" type=\"submit\" class=\"btn btn-secondary mw-150px\" disabled=\"\">Search</button>`\n\nFix this problem, or use `{force: true}` to disable error checking.\n\nhttps://on.cypress.io/element-cannot-be-interacted-with\n    at Object.isNotDisabled (https://entqa.sumeruentiger.com/__cypress/runner/cypress_runner.js:144923:58)\n    at runAllChecks (https://entqa.sumeruentiger.com/__cypress/runner/cypress_runner.js:113250:26)\n    at retryActionability (https://entqa.sumeruentiger.com/__cypress/runner/cypress_runner.js:113339:16)\n    at tryCatcher (https://entqa.sumeruentiger.com/__cypress/runner/cypress_runner.js:1830:23)\n    at Promise.attempt.Promise.try (https://entqa.sumeruentiger.com/__cypress/runner/cypress_runner.js:4338:29)\n    at whenStable (https://entqa.sumeruentiger.com/__cypress/runner/cypress_runner.js:143744:68)\n    at <unknown> (https://entqa.sumeruentiger.com/__cypress/runner/cypress_runner.js:143685:14)\n    at tryCatcher (https://entqa.sumeruentiger.com/__cypress/runner/cypress_runner.js:1830:23)\n    at Promise._settlePromiseFromHandler (https://entqa.sumeruentiger.com/__cypress/runner/cypress_runner.js:1542:31)\n    at Promise._settlePromise (https://entqa.sumeruentiger.com/__cypress/runner/cypress_runner.js:1599:18)\n    at Promise._settlePromise0 (https://entqa.sumeruentiger.com/__cypress/runner/cypress_runner.js:1644:10)\n    at Promise._settlePromises (https://entqa.sumeruentiger.com/__cypress/runner/cypress_runner.js:1724:18)\n    at Promise._fulfill (https://entqa.sumeruentiger.com/__cypress/runner/cypress_runner.js:1668:18)\n    at <unknown> (https://entqa.sumeruentiger.com/__cypress/runner/cypress_runner.js:5473:46)\nFrom Your Spec Code:\n    at PaymentsPage.SearchandEditBatch_063 (webpack:///./cypress/e2e/pages/PaymentsPage.js:528:41)\n    at Context.eval (webpack:///./cypress/e2e/tests/PaymentsPageTest_063.cy.js:27:29)",
                "diff": null
              },
              "uuid": "77197bbc-1f27-4026-9f48-05edce87d1a4",
              "parentUUID": "b7b03e06-18fb-419e-842f-6ea932b06d2a",
              "isHook": false,
              "skipped": false
            }
          ],
          "suites": [],
          "passes": [],
          "failures": [
            "77197bbc-1f27-4026-9f48-05edce87d1a4"
          ],
          "pending": [],
          "skipped": [],
          "duration": 37586,
          "root": false,
          "rootEmpty": false,
          "_timeout": 2000
        }
      ],
      "passes": [],
      "failures": [],
      "pending": [],
      "skipped": [],
      "duration": 0,
      "root": true,
      "rootEmpty": true,
      "_timeout": 2000
    }
  ],
  "meta": {
    "mocha": {
      "version": "7.0.1"
    },
    "mochawesome": {
      "options": {
        "quiet": false,
        "reportFilename": "mochawesome",
        "saveHtml": false,
        "saveJson": true,
        "consoleReporter": "spec",
        "useInlineDiffs": false,
        "code": true
      },
      "version": "7.1.3"
    },
    "marge": {
      "options": {
        "overwrite": false,
        "html": false,
        "json": true,
        "reportDir": "cypress\\reports\\html\\.jsons"
      },
      "version": "6.2.0"
    }
  }
}