{
  "stats": {
    "suites": 1,
    "tests": 1,
    "passes": 0,
    "pending": 0,
    "failures": 1,
    "start": "2026-07-24T18:30:19.875Z",
    "end": "2026-07-24T18:31:03.860Z",
    "duration": 43985,
    "testsRegistered": 1,
    "passPercent": 0,
    "pendingPercent": 0,
    "other": 0,
    "hasOther": false,
    "skipped": 0,
    "hasSkipped": false
  },
  "results": [
    {
      "uuid": "fedd6c79-a7d5-4249-ae34-f625a1afaba8",
      "title": "",
      "fullFile": "cypress\\e2e\\tests\\AllocationPageTest_813.cy.js",
      "file": "cypress\\e2e\\tests\\AllocationPageTest_813.cy.js",
      "beforeHooks": [],
      "afterHooks": [],
      "tests": [],
      "suites": [
        {
          "uuid": "db28b332-4d63-48ee-a141-05d442586e97",
          "title": "Allocation - Upload Collector Unallocation batch - User selected agent radio button and clicked on upload button and selected the file, but in the pop up user clicked on close button so that user will remain in same unallocation page. now user selected tele callerradio button and uploaded the file for collector level unallocation.",
          "fullFile": "",
          "file": "",
          "beforeHooks": [],
          "afterHooks": [],
          "tests": [
            {
              "title": "Collector Level Unallocation - TC_ID_813",
              "fullTitle": "Allocation - Upload Collector Unallocation batch - User selected agent radio button and clicked on upload button and selected the file, but in the pop up user clicked on close button so that user will remain in same unallocation page. now user selected tele callerradio button and uploaded the file for collector level unallocation. Collector Level Unallocation - TC_ID_813",
              "timedOut": null,
              "duration": 33019,
              "state": "failed",
              "speed": null,
              "pass": false,
              "fail": true,
              "pending": false,
              "context": null,
              "code": "(0, _testDataUtils.getTestData)('loginData', 'login').then(user => {\n  loginPage.login(user.Companyname, user.email, user.password);\n  allocationPage.uploadCollectorUnallocationCancelUploadAndAgainUpload();\n});",
              "err": {
                "message": "AssertionError: Timed out retrying after 4000ms: Expected to find element: `.allocation > :nth-child(2) > :nth-child(2) > .sub-nav-list > :nth-child(3) > a`, but never found it.",
                "estack": "AssertionError: Timed out retrying after 4000ms: Expected to find element: `.allocation > :nth-child(2) > :nth-child(2) > .sub-nav-list > :nth-child(3) > a`, but never found it.\n    at AllocationPage.uploadCollectorUnallocationCancelUploadAndAgainUpload (webpack:///./cypress/e2e/pages/AllocationPage.js:2790:7)\n    at Context.eval (webpack:///./cypress/e2e/tests/AllocationPageTest_813.cy.js:25:21)",
                "diff": null
              },
              "uuid": "73c2a0d8-660e-4c29-aaf8-69eb9df9e6c3",
              "parentUUID": "db28b332-4d63-48ee-a141-05d442586e97",
              "isHook": false,
              "skipped": false
            }
          ],
          "suites": [],
          "passes": [],
          "failures": [
            "73c2a0d8-660e-4c29-aaf8-69eb9df9e6c3"
          ],
          "pending": [],
          "skipped": [],
          "duration": 33019,
          "root": false,
          "rootEmpty": false,
          "_timeout": 2000
        }
      ],
      "passes": [],
      "failures": [],
      "pending": [],
      "skipped": [],
      "duration": 0,
      "root": true,
      "rootEmpty": true,
      "_timeout": 2000
    }
  ],
  "meta": {
    "mocha": {
      "version": "7.0.1"
    },
    "mochawesome": {
      "options": {
        "quiet": false,
        "reportFilename": "mochawesome",
        "saveHtml": false,
        "saveJson": true,
        "consoleReporter": "spec",
        "useInlineDiffs": false,
        "code": true
      },
      "version": "7.1.3"
    },
    "marge": {
      "options": {
        "overwrite": false,
        "html": false,
        "json": true,
        "reportDir": "cypress\\reports\\html\\.jsons"
      },
      "version": "6.2.0"
    }
  }
}