{
  "stats": {
    "suites": 1,
    "tests": 1,
    "passes": 0,
    "pending": 0,
    "failures": 1,
    "start": "2026-07-24T20:06:44.583Z",
    "end": "2026-07-24T20:07:26.026Z",
    "duration": 41443,
    "testsRegistered": 1,
    "passPercent": 0,
    "pendingPercent": 0,
    "other": 0,
    "hasOther": false,
    "skipped": 0,
    "hasSkipped": false
  },
  "results": [
    {
      "uuid": "cc2ff3cd-f665-4bb6-a18c-03ddf6802457",
      "title": "",
      "fullFile": "cypress\\e2e\\tests\\PaymentsPageTest_060.cy.js",
      "file": "cypress\\e2e\\tests\\PaymentsPageTest_060.cy.js",
      "beforeHooks": [],
      "afterHooks": [],
      "tests": [],
      "suites": [
        {
          "uuid": "d0c68471-eb0f-469c-9db8-22350862398b",
          "title": "Payments Module - Search and send duplicate email e-receipt & SMS - Logged in user to click on email icon and mobile icon to send duplicate e-receipt on email and sms",
          "fullFile": "",
          "file": "",
          "beforeHooks": [],
          "afterHooks": [],
          "tests": [
            {
              "title": "Payment - TC_ID_060",
              "fullTitle": "Payments Module - Search and send duplicate email e-receipt & SMS - Logged in user to click on email icon and mobile icon to send duplicate e-receipt on email and sms Payment - TC_ID_060",
              "timedOut": null,
              "duration": 33069,
              "state": "failed",
              "speed": null,
              "pass": false,
              "fail": true,
              "pending": false,
              "context": null,
              "code": "(0, _testDataUtils.getTestData)('loginData', 'login').then(user => {\n  loginPage.login(user.Companyname, user.email, user.password);\n  cy.wait(2000);\n  paymentsPage.SearchandPrintBatch062();\n});",
              "err": {
                "message": "AssertionError: Timed out retrying after 4000ms: Expected to find element: `.payments > :nth-child(2) > :nth-child(4) > a.ng-star-inserted`, but never found it.",
                "estack": "AssertionError: Timed out retrying after 4000ms: Expected to find element: `.payments > :nth-child(2) > :nth-child(4) > a.ng-star-inserted`, but never found it.\n    at PaymentsPage.SearchandPrintBatch062 (webpack:///./cypress/e2e/pages/PaymentsPage.js:454:7)\n    at Context.eval (webpack:///./cypress/e2e/tests/PaymentsPageTest_060.cy.js:27:29)",
                "diff": null
              },
              "uuid": "babcc65c-1333-40bf-9f07-3a4ddae2060e",
              "parentUUID": "d0c68471-eb0f-469c-9db8-22350862398b",
              "isHook": false,
              "skipped": false
            }
          ],
          "suites": [],
          "passes": [],
          "failures": [
            "babcc65c-1333-40bf-9f07-3a4ddae2060e"
          ],
          "pending": [],
          "skipped": [],
          "duration": 33069,
          "root": false,
          "rootEmpty": false,
          "_timeout": 2000
        }
      ],
      "passes": [],
      "failures": [],
      "pending": [],
      "skipped": [],
      "duration": 0,
      "root": true,
      "rootEmpty": true,
      "_timeout": 2000
    }
  ],
  "meta": {
    "mocha": {
      "version": "7.0.1"
    },
    "mochawesome": {
      "options": {
        "quiet": false,
        "reportFilename": "mochawesome",
        "saveHtml": false,
        "saveJson": true,
        "consoleReporter": "spec",
        "useInlineDiffs": false,
        "code": true
      },
      "version": "7.1.3"
    },
    "marge": {
      "options": {
        "overwrite": false,
        "html": false,
        "json": true,
        "reportDir": "cypress\\reports\\html\\.jsons"
      },
      "version": "6.2.0"
    }
  }
}