{
  "stats": {
    "suites": 1,
    "tests": 1,
    "passes": 1,
    "pending": 0,
    "failures": 0,
    "start": "2026-07-24T21:47:41.700Z",
    "end": "2026-07-24T21:48:20.309Z",
    "duration": 38609,
    "testsRegistered": 1,
    "passPercent": 100,
    "pendingPercent": 0,
    "other": 0,
    "hasOther": false,
    "skipped": 0,
    "hasSkipped": false
  },
  "results": [
    {
      "uuid": "e5e05835-1f09-41f4-9a05-7c09628b4a4c",
      "title": "",
      "fullFile": "cypress\\e2e\\tests\\ScopeofWorkTestPage_56.cy.js",
      "file": "cypress\\e2e\\tests\\ScopeofWorkTestPage_56.cy.js",
      "beforeHooks": [],
      "afterHooks": [],
      "tests": [],
      "suites": [
        {
          "uuid": "3f7c910d-93ff-4432-98e4-bfd32bd9636e",
          "title": "User Management - Add agent - Scope of work - user select the dropdown in the sub-product in the scope of work",
          "fullFile": "",
          "file": "",
          "beforeHooks": [],
          "afterHooks": [],
          "tests": [
            {
              "title": "User Management - Scope of work - TC_ID_56",
              "fullTitle": "User Management - Add agent - Scope of work - user select the dropdown in the sub-product in the scope of work User Management - Scope of work - TC_ID_56",
              "timedOut": null,
              "duration": 33263,
              "state": "passed",
              "speed": "slow",
              "pass": true,
              "fail": false,
              "pending": false,
              "context": null,
              "code": "(0, _testDataUtils.getTestData)('loginData', 'login').then(user => {\n  loginPage.login(user.Companyname, user.email, user.password);\n  cy.wait(2000);\n  scopeofworkpage.ScopeOfWorkTestPage_56();\n});",
              "err": {},
              "uuid": "a5abf2ed-286e-4440-9ec4-08397615cab0",
              "parentUUID": "3f7c910d-93ff-4432-98e4-bfd32bd9636e",
              "isHook": false,
              "skipped": false
            }
          ],
          "suites": [],
          "passes": [
            "a5abf2ed-286e-4440-9ec4-08397615cab0"
          ],
          "failures": [],
          "pending": [],
          "skipped": [],
          "duration": 33263,
          "root": false,
          "rootEmpty": false,
          "_timeout": 2000
        }
      ],
      "passes": [],
      "failures": [],
      "pending": [],
      "skipped": [],
      "duration": 0,
      "root": true,
      "rootEmpty": true,
      "_timeout": 2000
    }
  ],
  "meta": {
    "mocha": {
      "version": "7.0.1"
    },
    "mochawesome": {
      "options": {
        "quiet": false,
        "reportFilename": "mochawesome",
        "saveHtml": false,
        "saveJson": true,
        "consoleReporter": "spec",
        "useInlineDiffs": false,
        "code": true
      },
      "version": "7.1.3"
    },
    "marge": {
      "options": {
        "overwrite": false,
        "html": false,
        "json": true,
        "reportDir": "cypress\\reports\\html\\.jsons"
      },
      "version": "6.2.0"
    }
  }
}