{
  "stats": {
    "suites": 1,
    "tests": 1,
    "passes": 1,
    "pending": 0,
    "failures": 0,
    "start": "2026-07-24T18:33:19.701Z",
    "end": "2026-07-24T18:34:15.425Z",
    "duration": 55724,
    "testsRegistered": 1,
    "passPercent": 100,
    "pendingPercent": 0,
    "other": 0,
    "hasOther": false,
    "skipped": 0,
    "hasSkipped": false
  },
  "results": [
    {
      "uuid": "e87cea60-7be7-4b57-9878-607dd4b1f363",
      "title": "",
      "fullFile": "cypress\\e2e\\tests\\AllocationPageTest_816.cy.js",
      "file": "cypress\\e2e\\tests\\AllocationPageTest_816.cy.js",
      "beforeHooks": [],
      "afterHooks": [],
      "tests": [],
      "suites": [
        {
          "uuid": "f0c70c66-4c0b-4ce7-ad9b-8afc72a4b8bf",
          "title": "Allocation - Secondary Allocation Status - User entered alphabets or special characters in transaction id field and clicked on search button, system should throw an error as \"Invalid Transaction ID \"",
          "fullFile": "",
          "file": "",
          "beforeHooks": [],
          "afterHooks": [],
          "tests": [
            {
              "title": "Agency Level Allocation - TC_ID_816",
              "fullTitle": "Allocation - Secondary Allocation Status - User entered alphabets or special characters in transaction id field and clicked on search button, system should throw an error as \"Invalid Transaction ID \" Agency Level Allocation - TC_ID_816",
              "timedOut": null,
              "duration": 43961,
              "state": "passed",
              "speed": "slow",
              "pass": true,
              "fail": false,
              "pending": false,
              "context": null,
              "code": "(0, _testDataUtils.getTestData)('loginData', 'login').then(user => {\n  loginPage.login(user.Companyname, user.email, user.password);\n  allocationPage.ClickonallocationSAS1();\n});",
              "err": {},
              "uuid": "3fb046ad-b9fe-45d7-923a-9f123a2d45bf",
              "parentUUID": "f0c70c66-4c0b-4ce7-ad9b-8afc72a4b8bf",
              "isHook": false,
              "skipped": false
            }
          ],
          "suites": [],
          "passes": [
            "3fb046ad-b9fe-45d7-923a-9f123a2d45bf"
          ],
          "failures": [],
          "pending": [],
          "skipped": [],
          "duration": 43961,
          "root": false,
          "rootEmpty": false,
          "_timeout": 2000
        }
      ],
      "passes": [],
      "failures": [],
      "pending": [],
      "skipped": [],
      "duration": 0,
      "root": true,
      "rootEmpty": true,
      "_timeout": 2000
    }
  ],
  "meta": {
    "mocha": {
      "version": "7.0.1"
    },
    "mochawesome": {
      "options": {
        "quiet": false,
        "reportFilename": "mochawesome",
        "saveHtml": false,
        "saveJson": true,
        "consoleReporter": "spec",
        "useInlineDiffs": false,
        "code": true
      },
      "version": "7.1.3"
    },
    "marge": {
      "options": {
        "overwrite": false,
        "html": false,
        "json": true,
        "reportDir": "cypress\\reports\\html\\.jsons"
      },
      "version": "6.2.0"
    }
  }
}