{
  "stats": {
    "suites": 1,
    "tests": 1,
    "passes": 1,
    "pending": 0,
    "failures": 0,
    "start": "2026-07-24T19:18:28.671Z",
    "end": "2026-07-24T19:19:23.503Z",
    "duration": 54832,
    "testsRegistered": 1,
    "passPercent": 100,
    "pendingPercent": 0,
    "other": 0,
    "hasOther": false,
    "skipped": 0,
    "hasSkipped": false
  },
  "results": [
    {
      "uuid": "b06581c6-eba0-43c0-a85d-a19814812169",
      "title": "",
      "fullFile": "cypress\\e2e\\tests\\DashboardTestPage_024.cy.js",
      "file": "cypress\\e2e\\tests\\DashboardTestPage_024.cy.js",
      "beforeHooks": [],
      "afterHooks": [],
      "tests": [],
      "suites": [
        {
          "uuid": "b1bb9e5d-4ec8-43a1-a070-bcfb4729e7e9",
          "title": "Dashboard - Search account -Verify whether the loan search results grid displays the  correct fields in the front search page on web.",
          "fullFile": "",
          "file": "",
          "beforeHooks": [],
          "afterHooks": [],
          "tests": [
            {
              "title": "Payment - TC_ID_024",
              "fullTitle": "Dashboard - Search account -Verify whether the loan search results grid displays the  correct fields in the front search page on web. Payment - TC_ID_024",
              "timedOut": null,
              "duration": 43513,
              "state": "passed",
              "speed": "slow",
              "pass": true,
              "fail": false,
              "pending": false,
              "context": null,
              "code": "(0, _testDataUtils.getTestData)('loginData', 'login').then(user => {\n  loginPage.login(user.Companyname, user.email, user.password);\n  cy.wait(2000);\n  dashboardpage.DashboardTestPage_024();\n});",
              "err": {},
              "uuid": "10eea6da-041d-479d-8006-dd0e355a77fc",
              "parentUUID": "b1bb9e5d-4ec8-43a1-a070-bcfb4729e7e9",
              "isHook": false,
              "skipped": false
            }
          ],
          "suites": [],
          "passes": [
            "10eea6da-041d-479d-8006-dd0e355a77fc"
          ],
          "failures": [],
          "pending": [],
          "skipped": [],
          "duration": 43513,
          "root": false,
          "rootEmpty": false,
          "_timeout": 2000
        }
      ],
      "passes": [],
      "failures": [],
      "pending": [],
      "skipped": [],
      "duration": 0,
      "root": true,
      "rootEmpty": true,
      "_timeout": 2000
    }
  ],
  "meta": {
    "mocha": {
      "version": "7.0.1"
    },
    "mochawesome": {
      "options": {
        "quiet": false,
        "reportFilename": "mochawesome",
        "saveHtml": false,
        "saveJson": true,
        "consoleReporter": "spec",
        "useInlineDiffs": false,
        "code": true
      },
      "version": "7.1.3"
    },
    "marge": {
      "options": {
        "overwrite": false,
        "html": false,
        "json": true,
        "reportDir": "cypress\\reports\\html\\.jsons"
      },
      "version": "6.2.0"
    }
  }
}