{
  "stats": {
    "suites": 1,
    "tests": 1,
    "passes": 0,
    "pending": 0,
    "failures": 1,
    "start": "2026-09-21T07:22:23.706Z",
    "end": "2026-09-21T07:22:41.058Z",
    "duration": 17352,
    "testsRegistered": 1,
    "passPercent": 0,
    "pendingPercent": 0,
    "other": 0,
    "hasOther": false,
    "skipped": 0,
    "hasSkipped": false
  },
  "results": [
    {
      "uuid": "7bf3cbc5-f859-4922-adde-1c0bd3dd568d",
      "title": "",
      "fullFile": "cypress\\e2e\\tests\\JointSettlement_11.cy.js",
      "file": "cypress\\e2e\\tests\\JointSettlement_11.cy.js",
      "beforeHooks": [],
      "afterHooks": [],
      "tests": [],
      "suites": [
        {
          "uuid": "ab7f31ac-e82f-4b64-b871-e3a621a71803",
          "title": "Settlement - CollectionManager L2-Verify user can renegotiate the settlement request with remarks - Text validation for amount field",
          "fullFile": "",
          "file": "",
          "beforeHooks": [],
          "afterHooks": [],
          "tests": [
            {
              "title": "Verify user can renegotiate the settlement request with remarks",
              "fullTitle": "Settlement - CollectionManager L2-Verify user can renegotiate the settlement request with remarks - Text validation for amount field Verify user can renegotiate the settlement request with remarks",
              "timedOut": null,
              "duration": 11139,
              "state": "failed",
              "speed": null,
              "pass": false,
              "fail": true,
              "pending": false,
              "context": "{\n  \"title\": \"cypress-mochawesome-reporter-screenshots\",\n  \"value\": [\n    [\n      \"\\\\JointSettlement_11.cy.js\\\\Settlement - CollectionManager L2-Verify user can renegotiate the settlement request with remarks - Text validation for amount field -- Verify user can renegotiate the settlement request with remarks (failed).png\"\n    ]\n  ]\n}",
              "code": "(0, _TestDataUtils.getTestData)('loginData', 'CollectionManagerLogin').then(user => {\n  loginPage.login(user.Companyname, user.email, user.password);\n  Cypress.on('uncaught:exception', err => {\n    if (err.message.includes('ResizeObserver loop completed with undelivered notifications.')) {\n      return false;\n    }\n  });\n  settlementPage.Clickonanysettlementrequest();\n  settlementPage.Updatecasestatuspopup();\n  settlementPage.RenegotiateCaseStatus();\n});",
              "err": {
                "message": "AssertionError: Timed out retrying after 4000ms: Expected to find element: `.ng-option-label`, but never found it.",
                "estack": "AssertionError: Timed out retrying after 4000ms: Expected to find element: `.ng-option-label`, but never found it.\n    at LoginPage.fillcompanyname (webpack:///./cypress/e2e/pages/LoginPage.js:26:7)\n    at LoginPage.login (webpack:///./cypress/e2e/pages/LoginPage.js:87:9)\n    at Context.eval (webpack:///./cypress/e2e/tests/JointSettlement_11.cy.js:27:22)\n    at getRet (https://scbuat.sumeruentiger.com/__cypress/runner/cypress_runner.js:121066:20)\n    at tryCatcher (https://scbuat.sumeruentiger.com/__cypress/runner/cypress_runner.js:1777:23)\n    at Promise.attempt.Promise.try (https://scbuat.sumeruentiger.com/__cypress/runner/cypress_runner.js:4285:29)\n    at Context.thenFn (https://scbuat.sumeruentiger.com/__cypress/runner/cypress_runner.js:121077:66)\n    at Context.then (https://scbuat.sumeruentiger.com/__cypress/runner/cypress_runner.js:121328:21)\n    at wrapped (https://scbuat.sumeruentiger.com/__cypress/runner/cypress_runner.js:141671:19)",
                "diff": null
              },
              "uuid": "741c1ed2-10c5-4ff3-9ce4-39cbe32c3f31",
              "parentUUID": "ab7f31ac-e82f-4b64-b871-e3a621a71803",
              "isHook": false,
              "skipped": false
            }
          ],
          "suites": [],
          "passes": [],
          "failures": [
            "741c1ed2-10c5-4ff3-9ce4-39cbe32c3f31"
          ],
          "pending": [],
          "skipped": [],
          "duration": 11139,
          "root": false,
          "rootEmpty": false,
          "_timeout": 2000
        }
      ],
      "passes": [],
      "failures": [],
      "pending": [],
      "skipped": [],
      "duration": 0,
      "root": true,
      "rootEmpty": true,
      "_timeout": 2000
    }
  ],
  "meta": {
    "mocha": {
      "version": "7.2.0"
    },
    "mochawesome": {
      "options": {
        "quiet": false,
        "reportFilename": "mochawesome",
        "saveHtml": false,
        "saveJson": true,
        "consoleReporter": "spec",
        "useInlineDiffs": false,
        "code": true
      },
      "version": "7.1.3"
    },
    "marge": {
      "options": {
        "overwrite": false,
        "html": false,
        "json": true,
        "reportDir": "cypress\\reports\\html\\.jsons"
      },
      "version": "6.2.0"
    }
  }
}